Start testing: Jul 15 15:02 India Standard Time
----------------------------------------------------------
1/117 Testing: LinkedListUserDefinedTest.InsertBackStoresObjects
1/117 Test: LinkedListUserDefinedTest.InsertBackStoresObjects
Command: "C:/Users/naman/OneDrive/Attachments/Documents/Desktop/CodeQuotient/build/DynamicArrayTests.exe" "--gtest_filter=LinkedListUserDefinedTest.InsertBackStoresObjects" "--gtest_also_run_disabled_tests"
Directory: C:/Users/naman/OneDrive/Attachments/Documents/Desktop/CodeQuotient/build
"LinkedListUserDefinedTest.InsertBackStoresObjects" start time: Jul 15 15:02 India Standard Time
Output:
----------------------------------------------------------
Running main() from C:\Users\naman\OneDrive\Attachments\Documents\Desktop\CodeQuotient\build\_deps\googletest-src\googletest\src\gtest_main.cc
Note: Google Test filter = LinkedListUserDefinedTest.InsertBackStoresObjects
[==========] Running 1 test from 1 test suite.
[----------] Global test environment set-up.
[----------] 1 test from LinkedListUserDefinedTest
[ RUN      ] LinkedListUserDefinedTest.InsertBackStoresObjects
[       OK ] LinkedListUserDefinedTest.InsertBackStoresObjects (0 ms)
[----------] 1 test from LinkedListUserDefinedTest (0 ms total)

[----------] Global test environment tear-down
[==========] 1 test from 1 test suite ran. (0 ms total)
[  PASSED  ] 1 test.
<end of output>
Test time =   0.02 sec
----------------------------------------------------------
Test Passed.
"LinkedListUserDefinedTest.InsertBackStoresObjects" end time: Jul 15 15:02 India Standard Time
"LinkedListUserDefinedTest.InsertBackStoresObjects" time elapsed: 00:00:00
----------------------------------------------------------

2/117 Testing: LinkedListUserDefinedTest.InsertFrontStoresObjects
2/117 Test: LinkedListUserDefinedTest.InsertFrontStoresObjects
Command: "C:/Users/naman/OneDrive/Attachments/Documents/Desktop/CodeQuotient/build/DynamicArrayTests.exe" "--gtest_filter=LinkedListUserDefinedTest.InsertFrontStoresObjects" "--gtest_also_run_disabled_tests"
Directory: C:/Users/naman/OneDrive/Attachments/Documents/Desktop/CodeQuotient/build
"LinkedListUserDefinedTest.InsertFrontStoresObjects" start time: Jul 15 15:02 India Standard Time
Output:
----------------------------------------------------------
Running main() from C:\Users\naman\OneDrive\Attachments\Documents\Desktop\CodeQuotient\build\_deps\googletest-src\googletest\src\gtest_main.cc
Note: Google Test filter = LinkedListUserDefinedTest.InsertFrontStoresObjects
[==========] Running 1 test from 1 test suite.
[----------] Global test environment set-up.
[----------] 1 test from LinkedListUserDefinedTest
[ RUN      ] LinkedListUserDefinedTest.InsertFrontStoresObjects
[       OK ] LinkedListUserDefinedTest.InsertFrontStoresObjects (0 ms)
[----------] 1 test from LinkedListUserDefinedTest (0 ms total)

[----------] Global test environment tear-down
[==========] 1 test from 1 test suite ran. (0 ms total)
[  PASSED  ] 1 test.
<end of output>
Test time =   0.01 sec
----------------------------------------------------------
Test Passed.
"LinkedListUserDefinedTest.InsertFrontStoresObjects" end time: Jul 15 15:02 India Standard Time
"LinkedListUserDefinedTest.InsertFrontStoresObjects" time elapsed: 00:00:00
----------------------------------------------------------

3/117 Testing: LinkedListUserDefinedTest.SearchFindsExistingObject
3/117 Test: LinkedListUserDefinedTest.SearchFindsExistingObject
Command: "C:/Users/naman/OneDrive/Attachments/Documents/Desktop/CodeQuotient/build/DynamicArrayTests.exe" "--gtest_filter=LinkedListUserDefinedTest.SearchFindsExistingObject" "--gtest_also_run_disabled_tests"
Directory: C:/Users/naman/OneDrive/Attachments/Documents/Desktop/CodeQuotient/build
"LinkedListUserDefinedTest.SearchFindsExistingObject" start time: Jul 15 15:02 India Standard Time
Output:
----------------------------------------------------------
Running main() from C:\Users\naman\OneDrive\Attachments\Documents\Desktop\CodeQuotient\build\_deps\googletest-src\googletest\src\gtest_main.cc
Note: Google Test filter = LinkedListUserDefinedTest.SearchFindsExistingObject
[==========] Running 1 test from 1 test suite.
[----------] Global test environment set-up.
[----------] 1 test from LinkedListUserDefinedTest
[ RUN      ] LinkedListUserDefinedTest.SearchFindsExistingObject
[       OK ] LinkedListUserDefinedTest.SearchFindsExistingObject (0 ms)
[----------] 1 test from LinkedListUserDefinedTest (0 ms total)

[----------] Global test environment tear-down
[==========] 1 test from 1 test suite ran. (0 ms total)
[  PASSED  ] 1 test.
<end of output>
Test time =   0.02 sec
----------------------------------------------------------
Test Passed.
"LinkedListUserDefinedTest.SearchFindsExistingObject" end time: Jul 15 15:02 India Standard Time
"LinkedListUserDefinedTest.SearchFindsExistingObject" time elapsed: 00:00:00
----------------------------------------------------------

4/117 Testing: LinkedListUserDefinedTest.SearchReturnsFalseForMissingObject
4/117 Test: LinkedListUserDefinedTest.SearchReturnsFalseForMissingObject
Command: "C:/Users/naman/OneDrive/Attachments/Documents/Desktop/CodeQuotient/build/DynamicArrayTests.exe" "--gtest_filter=LinkedListUserDefinedTest.SearchReturnsFalseForMissingObject" "--gtest_also_run_disabled_tests"
Directory: C:/Users/naman/OneDrive/Attachments/Documents/Desktop/CodeQuotient/build
"LinkedListUserDefinedTest.SearchReturnsFalseForMissingObject" start time: Jul 15 15:02 India Standard Time
Output:
----------------------------------------------------------
Running main() from C:\Users\naman\OneDrive\Attachments\Documents\Desktop\CodeQuotient\build\_deps\googletest-src\googletest\src\gtest_main.cc
Note: Google Test filter = LinkedListUserDefinedTest.SearchReturnsFalseForMissingObject
[==========] Running 1 test from 1 test suite.
[----------] Global test environment set-up.
[----------] 1 test from LinkedListUserDefinedTest
[ RUN      ] LinkedListUserDefinedTest.SearchReturnsFalseForMissingObject
[       OK ] LinkedListUserDefinedTest.SearchReturnsFalseForMissingObject (0 ms)
[----------] 1 test from LinkedListUserDefinedTest (0 ms total)

[----------] Global test environment tear-down
[==========] 1 test from 1 test suite ran. (0 ms total)
[  PASSED  ] 1 test.
<end of output>
Test time =   0.02 sec
----------------------------------------------------------
Test Passed.
"LinkedListUserDefinedTest.SearchReturnsFalseForMissingObject" end time: Jul 15 15:02 India Standard Time
"LinkedListUserDefinedTest.SearchReturnsFalseForMissingObject" time elapsed: 00:00:00
----------------------------------------------------------

5/117 Testing: LinkedListUserDefinedTest.RemoveDeletesCorrectObject
5/117 Test: LinkedListUserDefinedTest.RemoveDeletesCorrectObject
Command: "C:/Users/naman/OneDrive/Attachments/Documents/Desktop/CodeQuotient/build/DynamicArrayTests.exe" "--gtest_filter=LinkedListUserDefinedTest.RemoveDeletesCorrectObject" "--gtest_also_run_disabled_tests"
Directory: C:/Users/naman/OneDrive/Attachments/Documents/Desktop/CodeQuotient/build
"LinkedListUserDefinedTest.RemoveDeletesCorrectObject" start time: Jul 15 15:02 India Standard Time
Output:
----------------------------------------------------------
Running main() from C:\Users\naman\OneDrive\Attachments\Documents\Desktop\CodeQuotient\build\_deps\googletest-src\googletest\src\gtest_main.cc
Note: Google Test filter = LinkedListUserDefinedTest.RemoveDeletesCorrectObject
[==========] Running 1 test from 1 test suite.
[----------] Global test environment set-up.
[----------] 1 test from LinkedListUserDefinedTest
[ RUN      ] LinkedListUserDefinedTest.RemoveDeletesCorrectObject
[       OK ] LinkedListUserDefinedTest.RemoveDeletesCorrectObject (0 ms)
[----------] 1 test from LinkedListUserDefinedTest (0 ms total)

[----------] Global test environment tear-down
[==========] 1 test from 1 test suite ran. (0 ms total)
[  PASSED  ] 1 test.
<end of output>
Test time =   0.02 sec
----------------------------------------------------------
Test Passed.
"LinkedListUserDefinedTest.RemoveDeletesCorrectObject" end time: Jul 15 15:02 India Standard Time
"LinkedListUserDefinedTest.RemoveDeletesCorrectObject" time elapsed: 00:00:00
----------------------------------------------------------

6/117 Testing: LinkedListUserDefinedTest.CopyConstructorCopiesObjects
6/117 Test: LinkedListUserDefinedTest.CopyConstructorCopiesObjects
Command: "C:/Users/naman/OneDrive/Attachments/Documents/Desktop/CodeQuotient/build/DynamicArrayTests.exe" "--gtest_filter=LinkedListUserDefinedTest.CopyConstructorCopiesObjects" "--gtest_also_run_disabled_tests"
Directory: C:/Users/naman/OneDrive/Attachments/Documents/Desktop/CodeQuotient/build
"LinkedListUserDefinedTest.CopyConstructorCopiesObjects" start time: Jul 15 15:02 India Standard Time
Output:
----------------------------------------------------------
Running main() from C:\Users\naman\OneDrive\Attachments\Documents\Desktop\CodeQuotient\build\_deps\googletest-src\googletest\src\gtest_main.cc
Note: Google Test filter = LinkedListUserDefinedTest.CopyConstructorCopiesObjects
[==========] Running 1 test from 1 test suite.
[----------] Global test environment set-up.
[----------] 1 test from LinkedListUserDefinedTest
[ RUN      ] LinkedListUserDefinedTest.CopyConstructorCopiesObjects
[       OK ] LinkedListUserDefinedTest.CopyConstructorCopiesObjects (0 ms)
[----------] 1 test from LinkedListUserDefinedTest (0 ms total)

[----------] Global test environment tear-down
[==========] 1 test from 1 test suite ran. (0 ms total)
[  PASSED  ] 1 test.
<end of output>
Test time =   0.02 sec
----------------------------------------------------------
Test Passed.
"LinkedListUserDefinedTest.CopyConstructorCopiesObjects" end time: Jul 15 15:02 India Standard Time
"LinkedListUserDefinedTest.CopyConstructorCopiesObjects" time elapsed: 00:00:00
----------------------------------------------------------

7/117 Testing: LinkedListUserDefinedTest.CopyConstructorPerformsDeepCopy
7/117 Test: LinkedListUserDefinedTest.CopyConstructorPerformsDeepCopy
Command: "C:/Users/naman/OneDrive/Attachments/Documents/Desktop/CodeQuotient/build/DynamicArrayTests.exe" "--gtest_filter=LinkedListUserDefinedTest.CopyConstructorPerformsDeepCopy" "--gtest_also_run_disabled_tests"
Directory: C:/Users/naman/OneDrive/Attachments/Documents/Desktop/CodeQuotient/build
"LinkedListUserDefinedTest.CopyConstructorPerformsDeepCopy" start time: Jul 15 15:02 India Standard Time
Output:
----------------------------------------------------------
Running main() from C:\Users\naman\OneDrive\Attachments\Documents\Desktop\CodeQuotient\build\_deps\googletest-src\googletest\src\gtest_main.cc
Note: Google Test filter = LinkedListUserDefinedTest.CopyConstructorPerformsDeepCopy
[==========] Running 1 test from 1 test suite.
[----------] Global test environment set-up.
[----------] 1 test from LinkedListUserDefinedTest
[ RUN      ] LinkedListUserDefinedTest.CopyConstructorPerformsDeepCopy
[       OK ] LinkedListUserDefinedTest.CopyConstructorPerformsDeepCopy (0 ms)
[----------] 1 test from LinkedListUserDefinedTest (0 ms total)

[----------] Global test environment tear-down
[==========] 1 test from 1 test suite ran. (0 ms total)
[  PASSED  ] 1 test.
<end of output>
Test time =   0.01 sec
----------------------------------------------------------
Test Passed.
"LinkedListUserDefinedTest.CopyConstructorPerformsDeepCopy" end time: Jul 15 15:02 India Standard Time
"LinkedListUserDefinedTest.CopyConstructorPerformsDeepCopy" time elapsed: 00:00:00
----------------------------------------------------------

8/117 Testing: LinkedListUserDefinedTest.AssignmentOperatorCopiesObjects
8/117 Test: LinkedListUserDefinedTest.AssignmentOperatorCopiesObjects
Command: "C:/Users/naman/OneDrive/Attachments/Documents/Desktop/CodeQuotient/build/DynamicArrayTests.exe" "--gtest_filter=LinkedListUserDefinedTest.AssignmentOperatorCopiesObjects" "--gtest_also_run_disabled_tests"
Directory: C:/Users/naman/OneDrive/Attachments/Documents/Desktop/CodeQuotient/build
"LinkedListUserDefinedTest.AssignmentOperatorCopiesObjects" start time: Jul 15 15:02 India Standard Time
Output:
----------------------------------------------------------
Running main() from C:\Users\naman\OneDrive\Attachments\Documents\Desktop\CodeQuotient\build\_deps\googletest-src\googletest\src\gtest_main.cc
Note: Google Test filter = LinkedListUserDefinedTest.AssignmentOperatorCopiesObjects
[==========] Running 1 test from 1 test suite.
[----------] Global test environment set-up.
[----------] 1 test from LinkedListUserDefinedTest
[ RUN      ] LinkedListUserDefinedTest.AssignmentOperatorCopiesObjects
[       OK ] LinkedListUserDefinedTest.AssignmentOperatorCopiesObjects (0 ms)
[----------] 1 test from LinkedListUserDefinedTest (0 ms total)

[----------] Global test environment tear-down
[==========] 1 test from 1 test suite ran. (0 ms total)
[  PASSED  ] 1 test.
<end of output>
Test time =   0.01 sec
----------------------------------------------------------
Test Passed.
"LinkedListUserDefinedTest.AssignmentOperatorCopiesObjects" end time: Jul 15 15:02 India Standard Time
"LinkedListUserDefinedTest.AssignmentOperatorCopiesObjects" time elapsed: 00:00:00
----------------------------------------------------------

9/117 Testing: LinkedListUserDefinedTest.AssignmentOperatorPerformsDeepCopy
9/117 Test: LinkedListUserDefinedTest.AssignmentOperatorPerformsDeepCopy
Command: "C:/Users/naman/OneDrive/Attachments/Documents/Desktop/CodeQuotient/build/DynamicArrayTests.exe" "--gtest_filter=LinkedListUserDefinedTest.AssignmentOperatorPerformsDeepCopy" "--gtest_also_run_disabled_tests"
Directory: C:/Users/naman/OneDrive/Attachments/Documents/Desktop/CodeQuotient/build
"LinkedListUserDefinedTest.AssignmentOperatorPerformsDeepCopy" start time: Jul 15 15:02 India Standard Time
Output:
----------------------------------------------------------
Running main() from C:\Users\naman\OneDrive\Attachments\Documents\Desktop\CodeQuotient\build\_deps\googletest-src\googletest\src\gtest_main.cc
Note: Google Test filter = LinkedListUserDefinedTest.AssignmentOperatorPerformsDeepCopy
[==========] Running 1 test from 1 test suite.
[----------] Global test environment set-up.
[----------] 1 test from LinkedListUserDefinedTest
[ RUN      ] LinkedListUserDefinedTest.AssignmentOperatorPerformsDeepCopy
[       OK ] LinkedListUserDefinedTest.AssignmentOperatorPerformsDeepCopy (0 ms)
[----------] 1 test from LinkedListUserDefinedTest (0 ms total)

[----------] Global test environment tear-down
[==========] 1 test from 1 test suite ran. (0 ms total)
[  PASSED  ] 1 test.
<end of output>
Test time =   0.02 sec
----------------------------------------------------------
Test Passed.
"LinkedListUserDefinedTest.AssignmentOperatorPerformsDeepCopy" end time: Jul 15 15:02 India Standard Time
"LinkedListUserDefinedTest.AssignmentOperatorPerformsDeepCopy" time elapsed: 00:00:00
----------------------------------------------------------

10/117 Testing: LinkedListUserDefinedTest.SelfAssignment
10/117 Test: LinkedListUserDefinedTest.SelfAssignment
Command: "C:/Users/naman/OneDrive/Attachments/Documents/Desktop/CodeQuotient/build/DynamicArrayTests.exe" "--gtest_filter=LinkedListUserDefinedTest.SelfAssignment" "--gtest_also_run_disabled_tests"
Directory: C:/Users/naman/OneDrive/Attachments/Documents/Desktop/CodeQuotient/build
"LinkedListUserDefinedTest.SelfAssignment" start time: Jul 15 15:02 India Standard Time
Output:
----------------------------------------------------------
Running main() from C:\Users\naman\OneDrive\Attachments\Documents\Desktop\CodeQuotient\build\_deps\googletest-src\googletest\src\gtest_main.cc
Note: Google Test filter = LinkedListUserDefinedTest.SelfAssignment
[==========] Running 1 test from 1 test suite.
[----------] Global test environment set-up.
[----------] 1 test from LinkedListUserDefinedTest
[ RUN      ] LinkedListUserDefinedTest.SelfAssignment
[       OK ] LinkedListUserDefinedTest.SelfAssignment (0 ms)
[----------] 1 test from LinkedListUserDefinedTest (0 ms total)

[----------] Global test environment tear-down
[==========] 1 test from 1 test suite ran. (0 ms total)
[  PASSED  ] 1 test.
<end of output>
Test time =   0.02 sec
----------------------------------------------------------
Test Passed.
"LinkedListUserDefinedTest.SelfAssignment" end time: Jul 15 15:02 India Standard Time
"LinkedListUserDefinedTest.SelfAssignment" time elapsed: 00:00:00
----------------------------------------------------------

11/117 Testing: LinkedListUserDefinedTest.CopyAndOriginalRemainIndependent
11/117 Test: LinkedListUserDefinedTest.CopyAndOriginalRemainIndependent
Command: "C:/Users/naman/OneDrive/Attachments/Documents/Desktop/CodeQuotient/build/DynamicArrayTests.exe" "--gtest_filter=LinkedListUserDefinedTest.CopyAndOriginalRemainIndependent" "--gtest_also_run_disabled_tests"
Directory: C:/Users/naman/OneDrive/Attachments/Documents/Desktop/CodeQuotient/build
"LinkedListUserDefinedTest.CopyAndOriginalRemainIndependent" start time: Jul 15 15:02 India Standard Time
Output:
----------------------------------------------------------
Running main() from C:\Users\naman\OneDrive\Attachments\Documents\Desktop\CodeQuotient\build\_deps\googletest-src\googletest\src\gtest_main.cc
Note: Google Test filter = LinkedListUserDefinedTest.CopyAndOriginalRemainIndependent
[==========] Running 1 test from 1 test suite.
[----------] Global test environment set-up.
[----------] 1 test from LinkedListUserDefinedTest
[ RUN      ] LinkedListUserDefinedTest.CopyAndOriginalRemainIndependent
[       OK ] LinkedListUserDefinedTest.CopyAndOriginalRemainIndependent (0 ms)
[----------] 1 test from LinkedListUserDefinedTest (0 ms total)

[----------] Global test environment tear-down
[==========] 1 test from 1 test suite ran. (0 ms total)
[  PASSED  ] 1 test.
<end of output>
Test time =   0.01 sec
----------------------------------------------------------
Test Passed.
"LinkedListUserDefinedTest.CopyAndOriginalRemainIndependent" end time: Jul 15 15:02 India Standard Time
"LinkedListUserDefinedTest.CopyAndOriginalRemainIndependent" time elapsed: 00:00:00
----------------------------------------------------------

12/117 Testing: LinkedListUserDefinedTest.RemoveLastObject
12/117 Test: LinkedListUserDefinedTest.RemoveLastObject
Command: "C:/Users/naman/OneDrive/Attachments/Documents/Desktop/CodeQuotient/build/DynamicArrayTests.exe" "--gtest_filter=LinkedListUserDefinedTest.RemoveLastObject" "--gtest_also_run_disabled_tests"
Directory: C:/Users/naman/OneDrive/Attachments/Documents/Desktop/CodeQuotient/build
"LinkedListUserDefinedTest.RemoveLastObject" start time: Jul 15 15:02 India Standard Time
Output:
----------------------------------------------------------
Running main() from C:\Users\naman\OneDrive\Attachments\Documents\Desktop\CodeQuotient\build\_deps\googletest-src\googletest\src\gtest_main.cc
Note: Google Test filter = LinkedListUserDefinedTest.RemoveLastObject
[==========] Running 1 test from 1 test suite.
[----------] Global test environment set-up.
[----------] 1 test from LinkedListUserDefinedTest
[ RUN      ] LinkedListUserDefinedTest.RemoveLastObject
[       OK ] LinkedListUserDefinedTest.RemoveLastObject (0 ms)
[----------] 1 test from LinkedListUserDefinedTest (0 ms total)

[----------] Global test environment tear-down
[==========] 1 test from 1 test suite ran. (0 ms total)
[  PASSED  ] 1 test.
<end of output>
Test time =   0.01 sec
----------------------------------------------------------
Test Passed.
"LinkedListUserDefinedTest.RemoveLastObject" end time: Jul 15 15:02 India Standard Time
"LinkedListUserDefinedTest.RemoveLastObject" time elapsed: 00:00:00
----------------------------------------------------------

13/117 Testing: LinkedListSizeTest.EmptyList
13/117 Test: LinkedListSizeTest.EmptyList
Command: "C:/Users/naman/OneDrive/Attachments/Documents/Desktop/CodeQuotient/build/DynamicArrayTests.exe" "--gtest_filter=LinkedListSizeTest.EmptyList" "--gtest_also_run_disabled_tests"
Directory: C:/Users/naman/OneDrive/Attachments/Documents/Desktop/CodeQuotient/build
"LinkedListSizeTest.EmptyList" start time: Jul 15 15:02 India Standard Time
Output:
----------------------------------------------------------
Running main() from C:\Users\naman\OneDrive\Attachments\Documents\Desktop\CodeQuotient\build\_deps\googletest-src\googletest\src\gtest_main.cc
Note: Google Test filter = LinkedListSizeTest.EmptyList
[==========] Running 1 test from 1 test suite.
[----------] Global test environment set-up.
[----------] 1 test from LinkedListSizeTest
[ RUN      ] LinkedListSizeTest.EmptyList
[       OK ] LinkedListSizeTest.EmptyList (0 ms)
[----------] 1 test from LinkedListSizeTest (0 ms total)

[----------] Global test environment tear-down
[==========] 1 test from 1 test suite ran. (0 ms total)
[  PASSED  ] 1 test.
<end of output>
Test time =   0.01 sec
----------------------------------------------------------
Test Passed.
"LinkedListSizeTest.EmptyList" end time: Jul 15 15:02 India Standard Time
"LinkedListSizeTest.EmptyList" time elapsed: 00:00:00
----------------------------------------------------------

14/117 Testing: LinkedListSizeTest.AfterInsertAndDeleteOperations
14/117 Test: LinkedListSizeTest.AfterInsertAndDeleteOperations
Command: "C:/Users/naman/OneDrive/Attachments/Documents/Desktop/CodeQuotient/build/DynamicArrayTests.exe" "--gtest_filter=LinkedListSizeTest.AfterInsertAndDeleteOperations" "--gtest_also_run_disabled_tests"
Directory: C:/Users/naman/OneDrive/Attachments/Documents/Desktop/CodeQuotient/build
"LinkedListSizeTest.AfterInsertAndDeleteOperations" start time: Jul 15 15:02 India Standard Time
Output:
----------------------------------------------------------
Running main() from C:\Users\naman\OneDrive\Attachments\Documents\Desktop\CodeQuotient\build\_deps\googletest-src\googletest\src\gtest_main.cc
Note: Google Test filter = LinkedListSizeTest.AfterInsertAndDeleteOperations
[==========] Running 1 test from 1 test suite.
[----------] Global test environment set-up.
[----------] 1 test from LinkedListSizeTest
[ RUN      ] LinkedListSizeTest.AfterInsertAndDeleteOperations
[       OK ] LinkedListSizeTest.AfterInsertAndDeleteOperations (0 ms)
[----------] 1 test from LinkedListSizeTest (0 ms total)

[----------] Global test environment tear-down
[==========] 1 test from 1 test suite ran. (0 ms total)
[  PASSED  ] 1 test.
<end of output>
Test time =   0.01 sec
----------------------------------------------------------
Test Passed.
"LinkedListSizeTest.AfterInsertAndDeleteOperations" end time: Jul 15 15:02 India Standard Time
"LinkedListSizeTest.AfterInsertAndDeleteOperations" time elapsed: 00:00:00
----------------------------------------------------------

15/117 Testing: LinkedListSearchTest.SearchExistingElement
15/117 Test: LinkedListSearchTest.SearchExistingElement
Command: "C:/Users/naman/OneDrive/Attachments/Documents/Desktop/CodeQuotient/build/DynamicArrayTests.exe" "--gtest_filter=LinkedListSearchTest.SearchExistingElement" "--gtest_also_run_disabled_tests"
Directory: C:/Users/naman/OneDrive/Attachments/Documents/Desktop/CodeQuotient/build
"LinkedListSearchTest.SearchExistingElement" start time: Jul 15 15:02 India Standard Time
Output:
----------------------------------------------------------
Running main() from C:\Users\naman\OneDrive\Attachments\Documents\Desktop\CodeQuotient\build\_deps\googletest-src\googletest\src\gtest_main.cc
Note: Google Test filter = LinkedListSearchTest.SearchExistingElement
[==========] Running 1 test from 1 test suite.
[----------] Global test environment set-up.
[----------] 1 test from LinkedListSearchTest
[ RUN      ] LinkedListSearchTest.SearchExistingElement
[       OK ] LinkedListSearchTest.SearchExistingElement (0 ms)
[----------] 1 test from LinkedListSearchTest (0 ms total)

[----------] Global test environment tear-down
[==========] 1 test from 1 test suite ran. (0 ms total)
[  PASSED  ] 1 test.
<end of output>
Test time =   0.02 sec
----------------------------------------------------------
Test Passed.
"LinkedListSearchTest.SearchExistingElement" end time: Jul 15 15:02 India Standard Time
"LinkedListSearchTest.SearchExistingElement" time elapsed: 00:00:00
----------------------------------------------------------

16/117 Testing: LinkedListSearchTest.SearchNonExistingElement
16/117 Test: LinkedListSearchTest.SearchNonExistingElement
Command: "C:/Users/naman/OneDrive/Attachments/Documents/Desktop/CodeQuotient/build/DynamicArrayTests.exe" "--gtest_filter=LinkedListSearchTest.SearchNonExistingElement" "--gtest_also_run_disabled_tests"
Directory: C:/Users/naman/OneDrive/Attachments/Documents/Desktop/CodeQuotient/build
"LinkedListSearchTest.SearchNonExistingElement" start time: Jul 15 15:02 India Standard Time
Output:
----------------------------------------------------------
Running main() from C:\Users\naman\OneDrive\Attachments\Documents\Desktop\CodeQuotient\build\_deps\googletest-src\googletest\src\gtest_main.cc
Note: Google Test filter = LinkedListSearchTest.SearchNonExistingElement
[==========] Running 1 test from 1 test suite.
[----------] Global test environment set-up.
[----------] 1 test from LinkedListSearchTest
[ RUN      ] LinkedListSearchTest.SearchNonExistingElement
[       OK ] LinkedListSearchTest.SearchNonExistingElement (0 ms)
[----------] 1 test from LinkedListSearchTest (0 ms total)

[----------] Global test environment tear-down
[==========] 1 test from 1 test suite ran. (0 ms total)
[  PASSED  ] 1 test.
<end of output>
Test time =   0.02 sec
----------------------------------------------------------
Test Passed.
"LinkedListSearchTest.SearchNonExistingElement" end time: Jul 15 15:02 India Standard Time
"LinkedListSearchTest.SearchNonExistingElement" time elapsed: 00:00:00
----------------------------------------------------------

17/117 Testing: LinkedListSearchTest.SearchInEmptyList
17/117 Test: LinkedListSearchTest.SearchInEmptyList
Command: "C:/Users/naman/OneDrive/Attachments/Documents/Desktop/CodeQuotient/build/DynamicArrayTests.exe" "--gtest_filter=LinkedListSearchTest.SearchInEmptyList" "--gtest_also_run_disabled_tests"
Directory: C:/Users/naman/OneDrive/Attachments/Documents/Desktop/CodeQuotient/build
"LinkedListSearchTest.SearchInEmptyList" start time: Jul 15 15:02 India Standard Time
Output:
----------------------------------------------------------
Running main() from C:\Users\naman\OneDrive\Attachments\Documents\Desktop\CodeQuotient\build\_deps\googletest-src\googletest\src\gtest_main.cc
Note: Google Test filter = LinkedListSearchTest.SearchInEmptyList
[==========] Running 1 test from 1 test suite.
[----------] Global test environment set-up.
[----------] 1 test from LinkedListSearchTest
[ RUN      ] LinkedListSearchTest.SearchInEmptyList
[       OK ] LinkedListSearchTest.SearchInEmptyList (0 ms)
[----------] 1 test from LinkedListSearchTest (0 ms total)

[----------] Global test environment tear-down
[==========] 1 test from 1 test suite ran. (0 ms total)
[  PASSED  ] 1 test.
<end of output>
Test time =   0.01 sec
----------------------------------------------------------
Test Passed.
"LinkedListSearchTest.SearchInEmptyList" end time: Jul 15 15:02 India Standard Time
"LinkedListSearchTest.SearchInEmptyList" time elapsed: 00:00:00
----------------------------------------------------------

18/117 Testing: LinkedListSearchTest.SearchAfterDeletion
18/117 Test: LinkedListSearchTest.SearchAfterDeletion
Command: "C:/Users/naman/OneDrive/Attachments/Documents/Desktop/CodeQuotient/build/DynamicArrayTests.exe" "--gtest_filter=LinkedListSearchTest.SearchAfterDeletion" "--gtest_also_run_disabled_tests"
Directory: C:/Users/naman/OneDrive/Attachments/Documents/Desktop/CodeQuotient/build
"LinkedListSearchTest.SearchAfterDeletion" start time: Jul 15 15:02 India Standard Time
Output:
----------------------------------------------------------
Running main() from C:\Users\naman\OneDrive\Attachments\Documents\Desktop\CodeQuotient\build\_deps\googletest-src\googletest\src\gtest_main.cc
Note: Google Test filter = LinkedListSearchTest.SearchAfterDeletion
[==========] Running 1 test from 1 test suite.
[----------] Global test environment set-up.
[----------] 1 test from LinkedListSearchTest
[ RUN      ] LinkedListSearchTest.SearchAfterDeletion
[       OK ] LinkedListSearchTest.SearchAfterDeletion (0 ms)
[----------] 1 test from LinkedListSearchTest (0 ms total)

[----------] Global test environment tear-down
[==========] 1 test from 1 test suite ran. (0 ms total)
[  PASSED  ] 1 test.
<end of output>
Test time =   0.01 sec
----------------------------------------------------------
Test Passed.
"LinkedListSearchTest.SearchAfterDeletion" end time: Jul 15 15:02 India Standard Time
"LinkedListSearchTest.SearchAfterDeletion" time elapsed: 00:00:00
----------------------------------------------------------

19/117 Testing: LinkedListRemoveTest.RemoveHead
19/117 Test: LinkedListRemoveTest.RemoveHead
Command: "C:/Users/naman/OneDrive/Attachments/Documents/Desktop/CodeQuotient/build/DynamicArrayTests.exe" "--gtest_filter=LinkedListRemoveTest.RemoveHead" "--gtest_also_run_disabled_tests"
Directory: C:/Users/naman/OneDrive/Attachments/Documents/Desktop/CodeQuotient/build
"LinkedListRemoveTest.RemoveHead" start time: Jul 15 15:02 India Standard Time
Output:
----------------------------------------------------------
Running main() from C:\Users\naman\OneDrive\Attachments\Documents\Desktop\CodeQuotient\build\_deps\googletest-src\googletest\src\gtest_main.cc
Note: Google Test filter = LinkedListRemoveTest.RemoveHead
[==========] Running 1 test from 1 test suite.
[----------] Global test environment set-up.
[----------] 1 test from LinkedListRemoveTest
[ RUN      ] LinkedListRemoveTest.RemoveHead
[       OK ] LinkedListRemoveTest.RemoveHead (0 ms)
[----------] 1 test from LinkedListRemoveTest (0 ms total)

[----------] Global test environment tear-down
[==========] 1 test from 1 test suite ran. (0 ms total)
[  PASSED  ] 1 test.
<end of output>
Test time =   0.02 sec
----------------------------------------------------------
Test Passed.
"LinkedListRemoveTest.RemoveHead" end time: Jul 15 15:02 India Standard Time
"LinkedListRemoveTest.RemoveHead" time elapsed: 00:00:00
----------------------------------------------------------

20/117 Testing: LinkedListRemoveTest.RemoveMiddle
20/117 Test: LinkedListRemoveTest.RemoveMiddle
Command: "C:/Users/naman/OneDrive/Attachments/Documents/Desktop/CodeQuotient/build/DynamicArrayTests.exe" "--gtest_filter=LinkedListRemoveTest.RemoveMiddle" "--gtest_also_run_disabled_tests"
Directory: C:/Users/naman/OneDrive/Attachments/Documents/Desktop/CodeQuotient/build
"LinkedListRemoveTest.RemoveMiddle" start time: Jul 15 15:02 India Standard Time
Output:
----------------------------------------------------------
Running main() from C:\Users\naman\OneDrive\Attachments\Documents\Desktop\CodeQuotient\build\_deps\googletest-src\googletest\src\gtest_main.cc
Note: Google Test filter = LinkedListRemoveTest.RemoveMiddle
[==========] Running 1 test from 1 test suite.
[----------] Global test environment set-up.
[----------] 1 test from LinkedListRemoveTest
[ RUN      ] LinkedListRemoveTest.RemoveMiddle
[       OK ] LinkedListRemoveTest.RemoveMiddle (0 ms)
[----------] 1 test from LinkedListRemoveTest (0 ms total)

[----------] Global test environment tear-down
[==========] 1 test from 1 test suite ran. (0 ms total)
[  PASSED  ] 1 test.
<end of output>
Test time =   0.01 sec
----------------------------------------------------------
Test Passed.
"LinkedListRemoveTest.RemoveMiddle" end time: Jul 15 15:02 India Standard Time
"LinkedListRemoveTest.RemoveMiddle" time elapsed: 00:00:00
----------------------------------------------------------

21/117 Testing: LinkedListRemoveTest.RemoveTail
21/117 Test: LinkedListRemoveTest.RemoveTail
Command: "C:/Users/naman/OneDrive/Attachments/Documents/Desktop/CodeQuotient/build/DynamicArrayTests.exe" "--gtest_filter=LinkedListRemoveTest.RemoveTail" "--gtest_also_run_disabled_tests"
Directory: C:/Users/naman/OneDrive/Attachments/Documents/Desktop/CodeQuotient/build
"LinkedListRemoveTest.RemoveTail" start time: Jul 15 15:02 India Standard Time
Output:
----------------------------------------------------------
Running main() from C:\Users\naman\OneDrive\Attachments\Documents\Desktop\CodeQuotient\build\_deps\googletest-src\googletest\src\gtest_main.cc
Note: Google Test filter = LinkedListRemoveTest.RemoveTail
[==========] Running 1 test from 1 test suite.
[----------] Global test environment set-up.
[----------] 1 test from LinkedListRemoveTest
[ RUN      ] LinkedListRemoveTest.RemoveTail
[       OK ] LinkedListRemoveTest.RemoveTail (0 ms)
[----------] 1 test from LinkedListRemoveTest (0 ms total)

[----------] Global test environment tear-down
[==========] 1 test from 1 test suite ran. (0 ms total)
[  PASSED  ] 1 test.
<end of output>
Test time =   0.02 sec
----------------------------------------------------------
Test Passed.
"LinkedListRemoveTest.RemoveTail" end time: Jul 15 15:02 India Standard Time
"LinkedListRemoveTest.RemoveTail" time elapsed: 00:00:00
----------------------------------------------------------

22/117 Testing: LinkedListRemoveTest.RemoveOnlyNode
22/117 Test: LinkedListRemoveTest.RemoveOnlyNode
Command: "C:/Users/naman/OneDrive/Attachments/Documents/Desktop/CodeQuotient/build/DynamicArrayTests.exe" "--gtest_filter=LinkedListRemoveTest.RemoveOnlyNode" "--gtest_also_run_disabled_tests"
Directory: C:/Users/naman/OneDrive/Attachments/Documents/Desktop/CodeQuotient/build
"LinkedListRemoveTest.RemoveOnlyNode" start time: Jul 15 15:02 India Standard Time
Output:
----------------------------------------------------------
Running main() from C:\Users\naman\OneDrive\Attachments\Documents\Desktop\CodeQuotient\build\_deps\googletest-src\googletest\src\gtest_main.cc
Note: Google Test filter = LinkedListRemoveTest.RemoveOnlyNode
[==========] Running 1 test from 1 test suite.
[----------] Global test environment set-up.
[----------] 1 test from LinkedListRemoveTest
[ RUN      ] LinkedListRemoveTest.RemoveOnlyNode
[       OK ] LinkedListRemoveTest.RemoveOnlyNode (0 ms)
[----------] 1 test from LinkedListRemoveTest (0 ms total)

[----------] Global test environment tear-down
[==========] 1 test from 1 test suite ran. (0 ms total)
[  PASSED  ] 1 test.
<end of output>
Test time =   0.01 sec
----------------------------------------------------------
Test Passed.
"LinkedListRemoveTest.RemoveOnlyNode" end time: Jul 15 15:02 India Standard Time
"LinkedListRemoveTest.RemoveOnlyNode" time elapsed: 00:00:00
----------------------------------------------------------

23/117 Testing: LinkedListRemoveTest.RemoveNonExistingNode
23/117 Test: LinkedListRemoveTest.RemoveNonExistingNode
Command: "C:/Users/naman/OneDrive/Attachments/Documents/Desktop/CodeQuotient/build/DynamicArrayTests.exe" "--gtest_filter=LinkedListRemoveTest.RemoveNonExistingNode" "--gtest_also_run_disabled_tests"
Directory: C:/Users/naman/OneDrive/Attachments/Documents/Desktop/CodeQuotient/build
"LinkedListRemoveTest.RemoveNonExistingNode" start time: Jul 15 15:02 India Standard Time
Output:
----------------------------------------------------------
Running main() from C:\Users\naman\OneDrive\Attachments\Documents\Desktop\CodeQuotient\build\_deps\googletest-src\googletest\src\gtest_main.cc
Note: Google Test filter = LinkedListRemoveTest.RemoveNonExistingNode
[==========] Running 1 test from 1 test suite.
[----------] Global test environment set-up.
[----------] 1 test from LinkedListRemoveTest
[ RUN      ] LinkedListRemoveTest.RemoveNonExistingNode
[       OK ] LinkedListRemoveTest.RemoveNonExistingNode (0 ms)
[----------] 1 test from LinkedListRemoveTest (0 ms total)

[----------] Global test environment tear-down
[==========] 1 test from 1 test suite ran. (0 ms total)
[  PASSED  ] 1 test.
<end of output>
Test time =   0.01 sec
----------------------------------------------------------
Test Passed.
"LinkedListRemoveTest.RemoveNonExistingNode" end time: Jul 15 15:02 India Standard Time
"LinkedListRemoveTest.RemoveNonExistingNode" time elapsed: 00:00:00
----------------------------------------------------------

24/117 Testing: LinkedListInsertTest.InsertAtBeginning
24/117 Test: LinkedListInsertTest.InsertAtBeginning
Command: "C:/Users/naman/OneDrive/Attachments/Documents/Desktop/CodeQuotient/build/DynamicArrayTests.exe" "--gtest_filter=LinkedListInsertTest.InsertAtBeginning" "--gtest_also_run_disabled_tests"
Directory: C:/Users/naman/OneDrive/Attachments/Documents/Desktop/CodeQuotient/build
"LinkedListInsertTest.InsertAtBeginning" start time: Jul 15 15:02 India Standard Time
Output:
----------------------------------------------------------
Running main() from C:\Users\naman\OneDrive\Attachments\Documents\Desktop\CodeQuotient\build\_deps\googletest-src\googletest\src\gtest_main.cc
Note: Google Test filter = LinkedListInsertTest.InsertAtBeginning
[==========] Running 1 test from 1 test suite.
[----------] Global test environment set-up.
[----------] 1 test from LinkedListInsertTest
[ RUN      ] LinkedListInsertTest.InsertAtBeginning
[       OK ] LinkedListInsertTest.InsertAtBeginning (0 ms)
[----------] 1 test from LinkedListInsertTest (0 ms total)

[----------] Global test environment tear-down
[==========] 1 test from 1 test suite ran. (0 ms total)
[  PASSED  ] 1 test.
<end of output>
Test time =   0.01 sec
----------------------------------------------------------
Test Passed.
"LinkedListInsertTest.InsertAtBeginning" end time: Jul 15 15:02 India Standard Time
"LinkedListInsertTest.InsertAtBeginning" time elapsed: 00:00:00
----------------------------------------------------------

25/117 Testing: LinkedListInsertTest.InsertInMiddle
25/117 Test: LinkedListInsertTest.InsertInMiddle
Command: "C:/Users/naman/OneDrive/Attachments/Documents/Desktop/CodeQuotient/build/DynamicArrayTests.exe" "--gtest_filter=LinkedListInsertTest.InsertInMiddle" "--gtest_also_run_disabled_tests"
Directory: C:/Users/naman/OneDrive/Attachments/Documents/Desktop/CodeQuotient/build
"LinkedListInsertTest.InsertInMiddle" start time: Jul 15 15:02 India Standard Time
Output:
----------------------------------------------------------
Running main() from C:\Users\naman\OneDrive\Attachments\Documents\Desktop\CodeQuotient\build\_deps\googletest-src\googletest\src\gtest_main.cc
Note: Google Test filter = LinkedListInsertTest.InsertInMiddle
[==========] Running 1 test from 1 test suite.
[----------] Global test environment set-up.
[----------] 1 test from LinkedListInsertTest
[ RUN      ] LinkedListInsertTest.InsertInMiddle
[       OK ] LinkedListInsertTest.InsertInMiddle (0 ms)
[----------] 1 test from LinkedListInsertTest (0 ms total)

[----------] Global test environment tear-down
[==========] 1 test from 1 test suite ran. (0 ms total)
[  PASSED  ] 1 test.
<end of output>
Test time =   0.02 sec
----------------------------------------------------------
Test Passed.
"LinkedListInsertTest.InsertInMiddle" end time: Jul 15 15:02 India Standard Time
"LinkedListInsertTest.InsertInMiddle" time elapsed: 00:00:00
----------------------------------------------------------

26/117 Testing: LinkedListInsertTest.InsertAtEnd
26/117 Test: LinkedListInsertTest.InsertAtEnd
Command: "C:/Users/naman/OneDrive/Attachments/Documents/Desktop/CodeQuotient/build/DynamicArrayTests.exe" "--gtest_filter=LinkedListInsertTest.InsertAtEnd" "--gtest_also_run_disabled_tests"
Directory: C:/Users/naman/OneDrive/Attachments/Documents/Desktop/CodeQuotient/build
"LinkedListInsertTest.InsertAtEnd" start time: Jul 15 15:02 India Standard Time
Output:
----------------------------------------------------------
Running main() from C:\Users\naman\OneDrive\Attachments\Documents\Desktop\CodeQuotient\build\_deps\googletest-src\googletest\src\gtest_main.cc
Note: Google Test filter = LinkedListInsertTest.InsertAtEnd
[==========] Running 1 test from 1 test suite.
[----------] Global test environment set-up.
[----------] 1 test from LinkedListInsertTest
[ RUN      ] LinkedListInsertTest.InsertAtEnd
[       OK ] LinkedListInsertTest.InsertAtEnd (0 ms)
[----------] 1 test from LinkedListInsertTest (0 ms total)

[----------] Global test environment tear-down
[==========] 1 test from 1 test suite ran. (0 ms total)
[  PASSED  ] 1 test.
<end of output>
Test time =   0.01 sec
----------------------------------------------------------
Test Passed.
"LinkedListInsertTest.InsertAtEnd" end time: Jul 15 15:02 India Standard Time
"LinkedListInsertTest.InsertAtEnd" time elapsed: 00:00:00
----------------------------------------------------------

27/117 Testing: LinkedListInsertTest.InsertInvalidIndex
27/117 Test: LinkedListInsertTest.InsertInvalidIndex
Command: "C:/Users/naman/OneDrive/Attachments/Documents/Desktop/CodeQuotient/build/DynamicArrayTests.exe" "--gtest_filter=LinkedListInsertTest.InsertInvalidIndex" "--gtest_also_run_disabled_tests"
Directory: C:/Users/naman/OneDrive/Attachments/Documents/Desktop/CodeQuotient/build
"LinkedListInsertTest.InsertInvalidIndex" start time: Jul 15 15:02 India Standard Time
Output:
----------------------------------------------------------
Running main() from C:\Users\naman\OneDrive\Attachments\Documents\Desktop\CodeQuotient\build\_deps\googletest-src\googletest\src\gtest_main.cc
Note: Google Test filter = LinkedListInsertTest.InsertInvalidIndex
[==========] Running 1 test from 1 test suite.
[----------] Global test environment set-up.
[----------] 1 test from LinkedListInsertTest
[ RUN      ] LinkedListInsertTest.InsertInvalidIndex
[       OK ] LinkedListInsertTest.InsertInvalidIndex (1 ms)
[----------] 1 test from LinkedListInsertTest (1 ms total)

[----------] Global test environment tear-down
[==========] 1 test from 1 test suite ran. (1 ms total)
[  PASSED  ] 1 test.
<end of output>
Test time =   0.02 sec
----------------------------------------------------------
Test Passed.
"LinkedListInsertTest.InsertInvalidIndex" end time: Jul 15 15:02 India Standard Time
"LinkedListInsertTest.InsertInvalidIndex" time elapsed: 00:00:00
----------------------------------------------------------

28/117 Testing: LinkedListInsertFrontTest.InsertIntoEmptyList
28/117 Test: LinkedListInsertFrontTest.InsertIntoEmptyList
Command: "C:/Users/naman/OneDrive/Attachments/Documents/Desktop/CodeQuotient/build/DynamicArrayTests.exe" "--gtest_filter=LinkedListInsertFrontTest.InsertIntoEmptyList" "--gtest_also_run_disabled_tests"
Directory: C:/Users/naman/OneDrive/Attachments/Documents/Desktop/CodeQuotient/build
"LinkedListInsertFrontTest.InsertIntoEmptyList" start time: Jul 15 15:02 India Standard Time
Output:
----------------------------------------------------------
Running main() from C:\Users\naman\OneDrive\Attachments\Documents\Desktop\CodeQuotient\build\_deps\googletest-src\googletest\src\gtest_main.cc
Note: Google Test filter = LinkedListInsertFrontTest.InsertIntoEmptyList
[==========] Running 1 test from 1 test suite.
[----------] Global test environment set-up.
[----------] 1 test from LinkedListInsertFrontTest
[ RUN      ] LinkedListInsertFrontTest.InsertIntoEmptyList
[       OK ] LinkedListInsertFrontTest.InsertIntoEmptyList (0 ms)
[----------] 1 test from LinkedListInsertFrontTest (0 ms total)

[----------] Global test environment tear-down
[==========] 1 test from 1 test suite ran. (0 ms total)
[  PASSED  ] 1 test.
<end of output>
Test time =   0.01 sec
----------------------------------------------------------
Test Passed.
"LinkedListInsertFrontTest.InsertIntoEmptyList" end time: Jul 15 15:02 India Standard Time
"LinkedListInsertFrontTest.InsertIntoEmptyList" time elapsed: 00:00:00
----------------------------------------------------------

29/117 Testing: LinkedListInsertFrontTest.InsertMultipleElements
29/117 Test: LinkedListInsertFrontTest.InsertMultipleElements
Command: "C:/Users/naman/OneDrive/Attachments/Documents/Desktop/CodeQuotient/build/DynamicArrayTests.exe" "--gtest_filter=LinkedListInsertFrontTest.InsertMultipleElements" "--gtest_also_run_disabled_tests"
Directory: C:/Users/naman/OneDrive/Attachments/Documents/Desktop/CodeQuotient/build
"LinkedListInsertFrontTest.InsertMultipleElements" start time: Jul 15 15:02 India Standard Time
Output:
----------------------------------------------------------
Running main() from C:\Users\naman\OneDrive\Attachments\Documents\Desktop\CodeQuotient\build\_deps\googletest-src\googletest\src\gtest_main.cc
Note: Google Test filter = LinkedListInsertFrontTest.InsertMultipleElements
[==========] Running 1 test from 1 test suite.
[----------] Global test environment set-up.
[----------] 1 test from LinkedListInsertFrontTest
[ RUN      ] LinkedListInsertFrontTest.InsertMultipleElements
[       OK ] LinkedListInsertFrontTest.InsertMultipleElements (0 ms)
[----------] 1 test from LinkedListInsertFrontTest (0 ms total)

[----------] Global test environment tear-down
[==========] 1 test from 1 test suite ran. (0 ms total)
[  PASSED  ] 1 test.
<end of output>
Test time =   0.02 sec
----------------------------------------------------------
Test Passed.
"LinkedListInsertFrontTest.InsertMultipleElements" end time: Jul 15 15:02 India Standard Time
"LinkedListInsertFrontTest.InsertMultipleElements" time elapsed: 00:00:00
----------------------------------------------------------

30/117 Testing: LinkedListInsertFrontTest.HeadUpdatedCorrectly
30/117 Test: LinkedListInsertFrontTest.HeadUpdatedCorrectly
Command: "C:/Users/naman/OneDrive/Attachments/Documents/Desktop/CodeQuotient/build/DynamicArrayTests.exe" "--gtest_filter=LinkedListInsertFrontTest.HeadUpdatedCorrectly" "--gtest_also_run_disabled_tests"
Directory: C:/Users/naman/OneDrive/Attachments/Documents/Desktop/CodeQuotient/build
"LinkedListInsertFrontTest.HeadUpdatedCorrectly" start time: Jul 15 15:02 India Standard Time
Output:
----------------------------------------------------------
Running main() from C:\Users\naman\OneDrive\Attachments\Documents\Desktop\CodeQuotient\build\_deps\googletest-src\googletest\src\gtest_main.cc
Note: Google Test filter = LinkedListInsertFrontTest.HeadUpdatedCorrectly
[==========] Running 1 test from 1 test suite.
[----------] Global test environment set-up.
[----------] 1 test from LinkedListInsertFrontTest
[ RUN      ] LinkedListInsertFrontTest.HeadUpdatedCorrectly
[       OK ] LinkedListInsertFrontTest.HeadUpdatedCorrectly (0 ms)
[----------] 1 test from LinkedListInsertFrontTest (0 ms total)

[----------] Global test environment tear-down
[==========] 1 test from 1 test suite ran. (0 ms total)
[  PASSED  ] 1 test.
<end of output>
Test time =   0.01 sec
----------------------------------------------------------
Test Passed.
"LinkedListInsertFrontTest.HeadUpdatedCorrectly" end time: Jul 15 15:02 India Standard Time
"LinkedListInsertFrontTest.HeadUpdatedCorrectly" time elapsed: 00:00:00
----------------------------------------------------------

31/117 Testing: LinkedListInsertFrontTest.TailRemainsUnchanged
31/117 Test: LinkedListInsertFrontTest.TailRemainsUnchanged
Command: "C:/Users/naman/OneDrive/Attachments/Documents/Desktop/CodeQuotient/build/DynamicArrayTests.exe" "--gtest_filter=LinkedListInsertFrontTest.TailRemainsUnchanged" "--gtest_also_run_disabled_tests"
Directory: C:/Users/naman/OneDrive/Attachments/Documents/Desktop/CodeQuotient/build
"LinkedListInsertFrontTest.TailRemainsUnchanged" start time: Jul 15 15:02 India Standard Time
Output:
----------------------------------------------------------
Running main() from C:\Users\naman\OneDrive\Attachments\Documents\Desktop\CodeQuotient\build\_deps\googletest-src\googletest\src\gtest_main.cc
Note: Google Test filter = LinkedListInsertFrontTest.TailRemainsUnchanged
[==========] Running 1 test from 1 test suite.
[----------] Global test environment set-up.
[----------] 1 test from LinkedListInsertFrontTest
[ RUN      ] LinkedListInsertFrontTest.TailRemainsUnchanged
[       OK ] LinkedListInsertFrontTest.TailRemainsUnchanged (0 ms)
[----------] 1 test from LinkedListInsertFrontTest (0 ms total)

[----------] Global test environment tear-down
[==========] 1 test from 1 test suite ran. (0 ms total)
[  PASSED  ] 1 test.
<end of output>
Test time =   0.01 sec
----------------------------------------------------------
Test Passed.
"LinkedListInsertFrontTest.TailRemainsUnchanged" end time: Jul 15 15:02 India Standard Time
"LinkedListInsertFrontTest.TailRemainsUnchanged" time elapsed: 00:00:00
----------------------------------------------------------

32/117 Testing: LinkedListInsertBackTest.InsertIntoEmptyList
32/117 Test: LinkedListInsertBackTest.InsertIntoEmptyList
Command: "C:/Users/naman/OneDrive/Attachments/Documents/Desktop/CodeQuotient/build/DynamicArrayTests.exe" "--gtest_filter=LinkedListInsertBackTest.InsertIntoEmptyList" "--gtest_also_run_disabled_tests"
Directory: C:/Users/naman/OneDrive/Attachments/Documents/Desktop/CodeQuotient/build
"LinkedListInsertBackTest.InsertIntoEmptyList" start time: Jul 15 15:02 India Standard Time
Output:
----------------------------------------------------------
Running main() from C:\Users\naman\OneDrive\Attachments\Documents\Desktop\CodeQuotient\build\_deps\googletest-src\googletest\src\gtest_main.cc
Note: Google Test filter = LinkedListInsertBackTest.InsertIntoEmptyList
[==========] Running 1 test from 1 test suite.
[----------] Global test environment set-up.
[----------] 1 test from LinkedListInsertBackTest
[ RUN      ] LinkedListInsertBackTest.InsertIntoEmptyList
[       OK ] LinkedListInsertBackTest.InsertIntoEmptyList (0 ms)
[----------] 1 test from LinkedListInsertBackTest (0 ms total)

[----------] Global test environment tear-down
[==========] 1 test from 1 test suite ran. (0 ms total)
[  PASSED  ] 1 test.
<end of output>
Test time =   0.01 sec
----------------------------------------------------------
Test Passed.
"LinkedListInsertBackTest.InsertIntoEmptyList" end time: Jul 15 15:02 India Standard Time
"LinkedListInsertBackTest.InsertIntoEmptyList" time elapsed: 00:00:00
----------------------------------------------------------

33/117 Testing: LinkedListInsertBackTest.InsertMultipleElements
33/117 Test: LinkedListInsertBackTest.InsertMultipleElements
Command: "C:/Users/naman/OneDrive/Attachments/Documents/Desktop/CodeQuotient/build/DynamicArrayTests.exe" "--gtest_filter=LinkedListInsertBackTest.InsertMultipleElements" "--gtest_also_run_disabled_tests"
Directory: C:/Users/naman/OneDrive/Attachments/Documents/Desktop/CodeQuotient/build
"LinkedListInsertBackTest.InsertMultipleElements" start time: Jul 15 15:02 India Standard Time
Output:
----------------------------------------------------------
Running main() from C:\Users\naman\OneDrive\Attachments\Documents\Desktop\CodeQuotient\build\_deps\googletest-src\googletest\src\gtest_main.cc
Note: Google Test filter = LinkedListInsertBackTest.InsertMultipleElements
[==========] Running 1 test from 1 test suite.
[----------] Global test environment set-up.
[----------] 1 test from LinkedListInsertBackTest
[ RUN      ] LinkedListInsertBackTest.InsertMultipleElements
[       OK ] LinkedListInsertBackTest.InsertMultipleElements (0 ms)
[----------] 1 test from LinkedListInsertBackTest (0 ms total)

[----------] Global test environment tear-down
[==========] 1 test from 1 test suite ran. (0 ms total)
[  PASSED  ] 1 test.
<end of output>
Test time =   0.01 sec
----------------------------------------------------------
Test Passed.
"LinkedListInsertBackTest.InsertMultipleElements" end time: Jul 15 15:02 India Standard Time
"LinkedListInsertBackTest.InsertMultipleElements" time elapsed: 00:00:00
----------------------------------------------------------

34/117 Testing: LinkedListInsertBackTest.TailUpdatedCorrectly
34/117 Test: LinkedListInsertBackTest.TailUpdatedCorrectly
Command: "C:/Users/naman/OneDrive/Attachments/Documents/Desktop/CodeQuotient/build/DynamicArrayTests.exe" "--gtest_filter=LinkedListInsertBackTest.TailUpdatedCorrectly" "--gtest_also_run_disabled_tests"
Directory: C:/Users/naman/OneDrive/Attachments/Documents/Desktop/CodeQuotient/build
"LinkedListInsertBackTest.TailUpdatedCorrectly" start time: Jul 15 15:02 India Standard Time
Output:
----------------------------------------------------------
Running main() from C:\Users\naman\OneDrive\Attachments\Documents\Desktop\CodeQuotient\build\_deps\googletest-src\googletest\src\gtest_main.cc
Note: Google Test filter = LinkedListInsertBackTest.TailUpdatedCorrectly
[==========] Running 1 test from 1 test suite.
[----------] Global test environment set-up.
[----------] 1 test from LinkedListInsertBackTest
[ RUN      ] LinkedListInsertBackTest.TailUpdatedCorrectly
[       OK ] LinkedListInsertBackTest.TailUpdatedCorrectly (0 ms)
[----------] 1 test from LinkedListInsertBackTest (0 ms total)

[----------] Global test environment tear-down
[==========] 1 test from 1 test suite ran. (0 ms total)
[  PASSED  ] 1 test.
<end of output>
Test time =   0.01 sec
----------------------------------------------------------
Test Passed.
"LinkedListInsertBackTest.TailUpdatedCorrectly" end time: Jul 15 15:02 India Standard Time
"LinkedListInsertBackTest.TailUpdatedCorrectly" time elapsed: 00:00:00
----------------------------------------------------------

35/117 Testing: LinkedListInsertBackTest.HeadRemainsUnchanged
35/117 Test: LinkedListInsertBackTest.HeadRemainsUnchanged
Command: "C:/Users/naman/OneDrive/Attachments/Documents/Desktop/CodeQuotient/build/DynamicArrayTests.exe" "--gtest_filter=LinkedListInsertBackTest.HeadRemainsUnchanged" "--gtest_also_run_disabled_tests"
Directory: C:/Users/naman/OneDrive/Attachments/Documents/Desktop/CodeQuotient/build
"LinkedListInsertBackTest.HeadRemainsUnchanged" start time: Jul 15 15:02 India Standard Time
Output:
----------------------------------------------------------
Running main() from C:\Users\naman\OneDrive\Attachments\Documents\Desktop\CodeQuotient\build\_deps\googletest-src\googletest\src\gtest_main.cc
Note: Google Test filter = LinkedListInsertBackTest.HeadRemainsUnchanged
[==========] Running 1 test from 1 test suite.
[----------] Global test environment set-up.
[----------] 1 test from LinkedListInsertBackTest
[ RUN      ] LinkedListInsertBackTest.HeadRemainsUnchanged
[       OK ] LinkedListInsertBackTest.HeadRemainsUnchanged (0 ms)
[----------] 1 test from LinkedListInsertBackTest (0 ms total)

[----------] Global test environment tear-down
[==========] 1 test from 1 test suite ran. (0 ms total)
[  PASSED  ] 1 test.
<end of output>
Test time =   0.02 sec
----------------------------------------------------------
Test Passed.
"LinkedListInsertBackTest.HeadRemainsUnchanged" end time: Jul 15 15:02 India Standard Time
"LinkedListInsertBackTest.HeadRemainsUnchanged" time elapsed: 00:00:00
----------------------------------------------------------

36/117 Testing: LinkedListGetTailTest.EmptyList
36/117 Test: LinkedListGetTailTest.EmptyList
Command: "C:/Users/naman/OneDrive/Attachments/Documents/Desktop/CodeQuotient/build/DynamicArrayTests.exe" "--gtest_filter=LinkedListGetTailTest.EmptyList" "--gtest_also_run_disabled_tests"
Directory: C:/Users/naman/OneDrive/Attachments/Documents/Desktop/CodeQuotient/build
"LinkedListGetTailTest.EmptyList" start time: Jul 15 15:02 India Standard Time
Output:
----------------------------------------------------------
Running main() from C:\Users\naman\OneDrive\Attachments\Documents\Desktop\CodeQuotient\build\_deps\googletest-src\googletest\src\gtest_main.cc
Note: Google Test filter = LinkedListGetTailTest.EmptyList
[==========] Running 1 test from 1 test suite.
[----------] Global test environment set-up.
[----------] 1 test from LinkedListGetTailTest
[ RUN      ] LinkedListGetTailTest.EmptyList
[       OK ] LinkedListGetTailTest.EmptyList (0 ms)
[----------] 1 test from LinkedListGetTailTest (0 ms total)

[----------] Global test environment tear-down
[==========] 1 test from 1 test suite ran. (0 ms total)
[  PASSED  ] 1 test.
<end of output>
Test time =   0.01 sec
----------------------------------------------------------
Test Passed.
"LinkedListGetTailTest.EmptyList" end time: Jul 15 15:02 India Standard Time
"LinkedListGetTailTest.EmptyList" time elapsed: 00:00:00
----------------------------------------------------------

37/117 Testing: LinkedListGetTailTest.SingleElement
37/117 Test: LinkedListGetTailTest.SingleElement
Command: "C:/Users/naman/OneDrive/Attachments/Documents/Desktop/CodeQuotient/build/DynamicArrayTests.exe" "--gtest_filter=LinkedListGetTailTest.SingleElement" "--gtest_also_run_disabled_tests"
Directory: C:/Users/naman/OneDrive/Attachments/Documents/Desktop/CodeQuotient/build
"LinkedListGetTailTest.SingleElement" start time: Jul 15 15:02 India Standard Time
Output:
----------------------------------------------------------
Running main() from C:\Users\naman\OneDrive\Attachments\Documents\Desktop\CodeQuotient\build\_deps\googletest-src\googletest\src\gtest_main.cc
Note: Google Test filter = LinkedListGetTailTest.SingleElement
[==========] Running 1 test from 1 test suite.
[----------] Global test environment set-up.
[----------] 1 test from LinkedListGetTailTest
[ RUN      ] LinkedListGetTailTest.SingleElement
[       OK ] LinkedListGetTailTest.SingleElement (0 ms)
[----------] 1 test from LinkedListGetTailTest (0 ms total)

[----------] Global test environment tear-down
[==========] 1 test from 1 test suite ran. (0 ms total)
[  PASSED  ] 1 test.
<end of output>
Test time =   0.01 sec
----------------------------------------------------------
Test Passed.
"LinkedListGetTailTest.SingleElement" end time: Jul 15 15:02 India Standard Time
"LinkedListGetTailTest.SingleElement" time elapsed: 00:00:00
----------------------------------------------------------

38/117 Testing: LinkedListGetTailTest.MultipleElements
38/117 Test: LinkedListGetTailTest.MultipleElements
Command: "C:/Users/naman/OneDrive/Attachments/Documents/Desktop/CodeQuotient/build/DynamicArrayTests.exe" "--gtest_filter=LinkedListGetTailTest.MultipleElements" "--gtest_also_run_disabled_tests"
Directory: C:/Users/naman/OneDrive/Attachments/Documents/Desktop/CodeQuotient/build
"LinkedListGetTailTest.MultipleElements" start time: Jul 15 15:02 India Standard Time
Output:
----------------------------------------------------------
Running main() from C:\Users\naman\OneDrive\Attachments\Documents\Desktop\CodeQuotient\build\_deps\googletest-src\googletest\src\gtest_main.cc
Note: Google Test filter = LinkedListGetTailTest.MultipleElements
[==========] Running 1 test from 1 test suite.
[----------] Global test environment set-up.
[----------] 1 test from LinkedListGetTailTest
[ RUN      ] LinkedListGetTailTest.MultipleElements
[       OK ] LinkedListGetTailTest.MultipleElements (0 ms)
[----------] 1 test from LinkedListGetTailTest (0 ms total)

[----------] Global test environment tear-down
[==========] 1 test from 1 test suite ran. (0 ms total)
[  PASSED  ] 1 test.
<end of output>
Test time =   0.01 sec
----------------------------------------------------------
Test Passed.
"LinkedListGetTailTest.MultipleElements" end time: Jul 15 15:02 India Standard Time
"LinkedListGetTailTest.MultipleElements" time elapsed: 00:00:00
----------------------------------------------------------

39/117 Testing: LinkedListGetTailTest.AfterDeletingTail
39/117 Test: LinkedListGetTailTest.AfterDeletingTail
Command: "C:/Users/naman/OneDrive/Attachments/Documents/Desktop/CodeQuotient/build/DynamicArrayTests.exe" "--gtest_filter=LinkedListGetTailTest.AfterDeletingTail" "--gtest_also_run_disabled_tests"
Directory: C:/Users/naman/OneDrive/Attachments/Documents/Desktop/CodeQuotient/build
"LinkedListGetTailTest.AfterDeletingTail" start time: Jul 15 15:02 India Standard Time
Output:
----------------------------------------------------------
Running main() from C:\Users\naman\OneDrive\Attachments\Documents\Desktop\CodeQuotient\build\_deps\googletest-src\googletest\src\gtest_main.cc
Note: Google Test filter = LinkedListGetTailTest.AfterDeletingTail
[==========] Running 1 test from 1 test suite.
[----------] Global test environment set-up.
[----------] 1 test from LinkedListGetTailTest
[ RUN      ] LinkedListGetTailTest.AfterDeletingTail
[       OK ] LinkedListGetTailTest.AfterDeletingTail (0 ms)
[----------] 1 test from LinkedListGetTailTest (0 ms total)

[----------] Global test environment tear-down
[==========] 1 test from 1 test suite ran. (0 ms total)
[  PASSED  ] 1 test.
<end of output>
Test time =   0.01 sec
----------------------------------------------------------
Test Passed.
"LinkedListGetTailTest.AfterDeletingTail" end time: Jul 15 15:02 India Standard Time
"LinkedListGetTailTest.AfterDeletingTail" time elapsed: 00:00:00
----------------------------------------------------------

40/117 Testing: LinkedListGetHeadTest.EmptyList
40/117 Test: LinkedListGetHeadTest.EmptyList
Command: "C:/Users/naman/OneDrive/Attachments/Documents/Desktop/CodeQuotient/build/DynamicArrayTests.exe" "--gtest_filter=LinkedListGetHeadTest.EmptyList" "--gtest_also_run_disabled_tests"
Directory: C:/Users/naman/OneDrive/Attachments/Documents/Desktop/CodeQuotient/build
"LinkedListGetHeadTest.EmptyList" start time: Jul 15 15:02 India Standard Time
Output:
----------------------------------------------------------
Running main() from C:\Users\naman\OneDrive\Attachments\Documents\Desktop\CodeQuotient\build\_deps\googletest-src\googletest\src\gtest_main.cc
Note: Google Test filter = LinkedListGetHeadTest.EmptyList
[==========] Running 1 test from 1 test suite.
[----------] Global test environment set-up.
[----------] 1 test from LinkedListGetHeadTest
[ RUN      ] LinkedListGetHeadTest.EmptyList
[       OK ] LinkedListGetHeadTest.EmptyList (0 ms)
[----------] 1 test from LinkedListGetHeadTest (0 ms total)

[----------] Global test environment tear-down
[==========] 1 test from 1 test suite ran. (0 ms total)
[  PASSED  ] 1 test.
<end of output>
Test time =   0.01 sec
----------------------------------------------------------
Test Passed.
"LinkedListGetHeadTest.EmptyList" end time: Jul 15 15:02 India Standard Time
"LinkedListGetHeadTest.EmptyList" time elapsed: 00:00:00
----------------------------------------------------------

41/117 Testing: LinkedListGetHeadTest.SingleElement
41/117 Test: LinkedListGetHeadTest.SingleElement
Command: "C:/Users/naman/OneDrive/Attachments/Documents/Desktop/CodeQuotient/build/DynamicArrayTests.exe" "--gtest_filter=LinkedListGetHeadTest.SingleElement" "--gtest_also_run_disabled_tests"
Directory: C:/Users/naman/OneDrive/Attachments/Documents/Desktop/CodeQuotient/build
"LinkedListGetHeadTest.SingleElement" start time: Jul 15 15:02 India Standard Time
Output:
----------------------------------------------------------
Running main() from C:\Users\naman\OneDrive\Attachments\Documents\Desktop\CodeQuotient\build\_deps\googletest-src\googletest\src\gtest_main.cc
Note: Google Test filter = LinkedListGetHeadTest.SingleElement
[==========] Running 1 test from 1 test suite.
[----------] Global test environment set-up.
[----------] 1 test from LinkedListGetHeadTest
[ RUN      ] LinkedListGetHeadTest.SingleElement
[       OK ] LinkedListGetHeadTest.SingleElement (0 ms)
[----------] 1 test from LinkedListGetHeadTest (0 ms total)

[----------] Global test environment tear-down
[==========] 1 test from 1 test suite ran. (0 ms total)
[  PASSED  ] 1 test.
<end of output>
Test time =   0.01 sec
----------------------------------------------------------
Test Passed.
"LinkedListGetHeadTest.SingleElement" end time: Jul 15 15:02 India Standard Time
"LinkedListGetHeadTest.SingleElement" time elapsed: 00:00:00
----------------------------------------------------------

42/117 Testing: LinkedListGetHeadTest.MultipleElements
42/117 Test: LinkedListGetHeadTest.MultipleElements
Command: "C:/Users/naman/OneDrive/Attachments/Documents/Desktop/CodeQuotient/build/DynamicArrayTests.exe" "--gtest_filter=LinkedListGetHeadTest.MultipleElements" "--gtest_also_run_disabled_tests"
Directory: C:/Users/naman/OneDrive/Attachments/Documents/Desktop/CodeQuotient/build
"LinkedListGetHeadTest.MultipleElements" start time: Jul 15 15:02 India Standard Time
Output:
----------------------------------------------------------
Running main() from C:\Users\naman\OneDrive\Attachments\Documents\Desktop\CodeQuotient\build\_deps\googletest-src\googletest\src\gtest_main.cc
Note: Google Test filter = LinkedListGetHeadTest.MultipleElements
[==========] Running 1 test from 1 test suite.
[----------] Global test environment set-up.
[----------] 1 test from LinkedListGetHeadTest
[ RUN      ] LinkedListGetHeadTest.MultipleElements
[       OK ] LinkedListGetHeadTest.MultipleElements (0 ms)
[----------] 1 test from LinkedListGetHeadTest (0 ms total)

[----------] Global test environment tear-down
[==========] 1 test from 1 test suite ran. (0 ms total)
[  PASSED  ] 1 test.
<end of output>
Test time =   0.01 sec
----------------------------------------------------------
Test Passed.
"LinkedListGetHeadTest.MultipleElements" end time: Jul 15 15:02 India Standard Time
"LinkedListGetHeadTest.MultipleElements" time elapsed: 00:00:00
----------------------------------------------------------

43/117 Testing: LinkedListGetHeadTest.AfterDeletingHead
43/117 Test: LinkedListGetHeadTest.AfterDeletingHead
Command: "C:/Users/naman/OneDrive/Attachments/Documents/Desktop/CodeQuotient/build/DynamicArrayTests.exe" "--gtest_filter=LinkedListGetHeadTest.AfterDeletingHead" "--gtest_also_run_disabled_tests"
Directory: C:/Users/naman/OneDrive/Attachments/Documents/Desktop/CodeQuotient/build
"LinkedListGetHeadTest.AfterDeletingHead" start time: Jul 15 15:02 India Standard Time
Output:
----------------------------------------------------------
Running main() from C:\Users\naman\OneDrive\Attachments\Documents\Desktop\CodeQuotient\build\_deps\googletest-src\googletest\src\gtest_main.cc
Note: Google Test filter = LinkedListGetHeadTest.AfterDeletingHead
[==========] Running 1 test from 1 test suite.
[----------] Global test environment set-up.
[----------] 1 test from LinkedListGetHeadTest
[ RUN      ] LinkedListGetHeadTest.AfterDeletingHead
[       OK ] LinkedListGetHeadTest.AfterDeletingHead (0 ms)
[----------] 1 test from LinkedListGetHeadTest (0 ms total)

[----------] Global test environment tear-down
[==========] 1 test from 1 test suite ran. (0 ms total)
[  PASSED  ] 1 test.
<end of output>
Test time =   0.01 sec
----------------------------------------------------------
Test Passed.
"LinkedListGetHeadTest.AfterDeletingHead" end time: Jul 15 15:02 India Standard Time
"LinkedListGetHeadTest.AfterDeletingHead" time elapsed: 00:00:00
----------------------------------------------------------

44/117 Testing: LinkedListFindNodeTest.FindHeadNode
44/117 Test: LinkedListFindNodeTest.FindHeadNode
Command: "C:/Users/naman/OneDrive/Attachments/Documents/Desktop/CodeQuotient/build/DynamicArrayTests.exe" "--gtest_filter=LinkedListFindNodeTest.FindHeadNode" "--gtest_also_run_disabled_tests"
Directory: C:/Users/naman/OneDrive/Attachments/Documents/Desktop/CodeQuotient/build
"LinkedListFindNodeTest.FindHeadNode" start time: Jul 15 15:02 India Standard Time
Output:
----------------------------------------------------------
Running main() from C:\Users\naman\OneDrive\Attachments\Documents\Desktop\CodeQuotient\build\_deps\googletest-src\googletest\src\gtest_main.cc
Note: Google Test filter = LinkedListFindNodeTest.FindHeadNode
[==========] Running 1 test from 1 test suite.
[----------] Global test environment set-up.
[----------] 1 test from LinkedListFindNodeTest
[ RUN      ] LinkedListFindNodeTest.FindHeadNode
[       OK ] LinkedListFindNodeTest.FindHeadNode (0 ms)
[----------] 1 test from LinkedListFindNodeTest (0 ms total)

[----------] Global test environment tear-down
[==========] 1 test from 1 test suite ran. (0 ms total)
[  PASSED  ] 1 test.
<end of output>
Test time =   0.01 sec
----------------------------------------------------------
Test Passed.
"LinkedListFindNodeTest.FindHeadNode" end time: Jul 15 15:02 India Standard Time
"LinkedListFindNodeTest.FindHeadNode" time elapsed: 00:00:00
----------------------------------------------------------

45/117 Testing: LinkedListFindNodeTest.FindMiddleNode
45/117 Test: LinkedListFindNodeTest.FindMiddleNode
Command: "C:/Users/naman/OneDrive/Attachments/Documents/Desktop/CodeQuotient/build/DynamicArrayTests.exe" "--gtest_filter=LinkedListFindNodeTest.FindMiddleNode" "--gtest_also_run_disabled_tests"
Directory: C:/Users/naman/OneDrive/Attachments/Documents/Desktop/CodeQuotient/build
"LinkedListFindNodeTest.FindMiddleNode" start time: Jul 15 15:02 India Standard Time
Output:
----------------------------------------------------------
Running main() from C:\Users\naman\OneDrive\Attachments\Documents\Desktop\CodeQuotient\build\_deps\googletest-src\googletest\src\gtest_main.cc
Note: Google Test filter = LinkedListFindNodeTest.FindMiddleNode
[==========] Running 1 test from 1 test suite.
[----------] Global test environment set-up.
[----------] 1 test from LinkedListFindNodeTest
[ RUN      ] LinkedListFindNodeTest.FindMiddleNode
[       OK ] LinkedListFindNodeTest.FindMiddleNode (0 ms)
[----------] 1 test from LinkedListFindNodeTest (0 ms total)

[----------] Global test environment tear-down
[==========] 1 test from 1 test suite ran. (0 ms total)
[  PASSED  ] 1 test.
<end of output>
Test time =   0.01 sec
----------------------------------------------------------
Test Passed.
"LinkedListFindNodeTest.FindMiddleNode" end time: Jul 15 15:02 India Standard Time
"LinkedListFindNodeTest.FindMiddleNode" time elapsed: 00:00:00
----------------------------------------------------------

46/117 Testing: LinkedListFindNodeTest.FindTailNode
46/117 Test: LinkedListFindNodeTest.FindTailNode
Command: "C:/Users/naman/OneDrive/Attachments/Documents/Desktop/CodeQuotient/build/DynamicArrayTests.exe" "--gtest_filter=LinkedListFindNodeTest.FindTailNode" "--gtest_also_run_disabled_tests"
Directory: C:/Users/naman/OneDrive/Attachments/Documents/Desktop/CodeQuotient/build
"LinkedListFindNodeTest.FindTailNode" start time: Jul 15 15:02 India Standard Time
Output:
----------------------------------------------------------
Running main() from C:\Users\naman\OneDrive\Attachments\Documents\Desktop\CodeQuotient\build\_deps\googletest-src\googletest\src\gtest_main.cc
Note: Google Test filter = LinkedListFindNodeTest.FindTailNode
[==========] Running 1 test from 1 test suite.
[----------] Global test environment set-up.
[----------] 1 test from LinkedListFindNodeTest
[ RUN      ] LinkedListFindNodeTest.FindTailNode
[       OK ] LinkedListFindNodeTest.FindTailNode (0 ms)
[----------] 1 test from LinkedListFindNodeTest (0 ms total)

[----------] Global test environment tear-down
[==========] 1 test from 1 test suite ran. (0 ms total)
[  PASSED  ] 1 test.
<end of output>
Test time =   0.01 sec
----------------------------------------------------------
Test Passed.
"LinkedListFindNodeTest.FindTailNode" end time: Jul 15 15:02 India Standard Time
"LinkedListFindNodeTest.FindTailNode" time elapsed: 00:00:00
----------------------------------------------------------

47/117 Testing: LinkedListFindNodeTest.FindNonExistingNode
47/117 Test: LinkedListFindNodeTest.FindNonExistingNode
Command: "C:/Users/naman/OneDrive/Attachments/Documents/Desktop/CodeQuotient/build/DynamicArrayTests.exe" "--gtest_filter=LinkedListFindNodeTest.FindNonExistingNode" "--gtest_also_run_disabled_tests"
Directory: C:/Users/naman/OneDrive/Attachments/Documents/Desktop/CodeQuotient/build
"LinkedListFindNodeTest.FindNonExistingNode" start time: Jul 15 15:02 India Standard Time
Output:
----------------------------------------------------------
Running main() from C:\Users\naman\OneDrive\Attachments\Documents\Desktop\CodeQuotient\build\_deps\googletest-src\googletest\src\gtest_main.cc
Note: Google Test filter = LinkedListFindNodeTest.FindNonExistingNode
[==========] Running 1 test from 1 test suite.
[----------] Global test environment set-up.
[----------] 1 test from LinkedListFindNodeTest
[ RUN      ] LinkedListFindNodeTest.FindNonExistingNode
[       OK ] LinkedListFindNodeTest.FindNonExistingNode (0 ms)
[----------] 1 test from LinkedListFindNodeTest (0 ms total)

[----------] Global test environment tear-down
[==========] 1 test from 1 test suite ran. (0 ms total)
[  PASSED  ] 1 test.
<end of output>
Test time =   0.02 sec
----------------------------------------------------------
Test Passed.
"LinkedListFindNodeTest.FindNonExistingNode" end time: Jul 15 15:02 India Standard Time
"LinkedListFindNodeTest.FindNonExistingNode" time elapsed: 00:00:00
----------------------------------------------------------

48/117 Testing: LinkedListDeleteFrontTest.DeleteFromSingleElementList
48/117 Test: LinkedListDeleteFrontTest.DeleteFromSingleElementList
Command: "C:/Users/naman/OneDrive/Attachments/Documents/Desktop/CodeQuotient/build/DynamicArrayTests.exe" "--gtest_filter=LinkedListDeleteFrontTest.DeleteFromSingleElementList" "--gtest_also_run_disabled_tests"
Directory: C:/Users/naman/OneDrive/Attachments/Documents/Desktop/CodeQuotient/build
"LinkedListDeleteFrontTest.DeleteFromSingleElementList" start time: Jul 15 15:02 India Standard Time
Output:
----------------------------------------------------------
Running main() from C:\Users\naman\OneDrive\Attachments\Documents\Desktop\CodeQuotient\build\_deps\googletest-src\googletest\src\gtest_main.cc
Note: Google Test filter = LinkedListDeleteFrontTest.DeleteFromSingleElementList
[==========] Running 1 test from 1 test suite.
[----------] Global test environment set-up.
[----------] 1 test from LinkedListDeleteFrontTest
[ RUN      ] LinkedListDeleteFrontTest.DeleteFromSingleElementList
[       OK ] LinkedListDeleteFrontTest.DeleteFromSingleElementList (0 ms)
[----------] 1 test from LinkedListDeleteFrontTest (0 ms total)

[----------] Global test environment tear-down
[==========] 1 test from 1 test suite ran. (0 ms total)
[  PASSED  ] 1 test.
<end of output>
Test time =   0.01 sec
----------------------------------------------------------
Test Passed.
"LinkedListDeleteFrontTest.DeleteFromSingleElementList" end time: Jul 15 15:02 India Standard Time
"LinkedListDeleteFrontTest.DeleteFromSingleElementList" time elapsed: 00:00:00
----------------------------------------------------------

49/117 Testing: LinkedListDeleteFrontTest.DeleteFromMultipleElementList
49/117 Test: LinkedListDeleteFrontTest.DeleteFromMultipleElementList
Command: "C:/Users/naman/OneDrive/Attachments/Documents/Desktop/CodeQuotient/build/DynamicArrayTests.exe" "--gtest_filter=LinkedListDeleteFrontTest.DeleteFromMultipleElementList" "--gtest_also_run_disabled_tests"
Directory: C:/Users/naman/OneDrive/Attachments/Documents/Desktop/CodeQuotient/build
"LinkedListDeleteFrontTest.DeleteFromMultipleElementList" start time: Jul 15 15:02 India Standard Time
Output:
----------------------------------------------------------
Running main() from C:\Users\naman\OneDrive\Attachments\Documents\Desktop\CodeQuotient\build\_deps\googletest-src\googletest\src\gtest_main.cc
Note: Google Test filter = LinkedListDeleteFrontTest.DeleteFromMultipleElementList
[==========] Running 1 test from 1 test suite.
[----------] Global test environment set-up.
[----------] 1 test from LinkedListDeleteFrontTest
[ RUN      ] LinkedListDeleteFrontTest.DeleteFromMultipleElementList
[       OK ] LinkedListDeleteFrontTest.DeleteFromMultipleElementList (0 ms)
[----------] 1 test from LinkedListDeleteFrontTest (0 ms total)

[----------] Global test environment tear-down
[==========] 1 test from 1 test suite ran. (0 ms total)
[  PASSED  ] 1 test.
<end of output>
Test time =   0.02 sec
----------------------------------------------------------
Test Passed.
"LinkedListDeleteFrontTest.DeleteFromMultipleElementList" end time: Jul 15 15:02 India Standard Time
"LinkedListDeleteFrontTest.DeleteFromMultipleElementList" time elapsed: 00:00:00
----------------------------------------------------------

50/117 Testing: LinkedListDeleteFrontTest.DeleteUntilEmpty
50/117 Test: LinkedListDeleteFrontTest.DeleteUntilEmpty
Command: "C:/Users/naman/OneDrive/Attachments/Documents/Desktop/CodeQuotient/build/DynamicArrayTests.exe" "--gtest_filter=LinkedListDeleteFrontTest.DeleteUntilEmpty" "--gtest_also_run_disabled_tests"
Directory: C:/Users/naman/OneDrive/Attachments/Documents/Desktop/CodeQuotient/build
"LinkedListDeleteFrontTest.DeleteUntilEmpty" start time: Jul 15 15:02 India Standard Time
Output:
----------------------------------------------------------
Running main() from C:\Users\naman\OneDrive\Attachments\Documents\Desktop\CodeQuotient\build\_deps\googletest-src\googletest\src\gtest_main.cc
Note: Google Test filter = LinkedListDeleteFrontTest.DeleteUntilEmpty
[==========] Running 1 test from 1 test suite.
[----------] Global test environment set-up.
[----------] 1 test from LinkedListDeleteFrontTest
[ RUN      ] LinkedListDeleteFrontTest.DeleteUntilEmpty
[       OK ] LinkedListDeleteFrontTest.DeleteUntilEmpty (0 ms)
[----------] 1 test from LinkedListDeleteFrontTest (0 ms total)

[----------] Global test environment tear-down
[==========] 1 test from 1 test suite ran. (0 ms total)
[  PASSED  ] 1 test.
<end of output>
Test time =   0.01 sec
----------------------------------------------------------
Test Passed.
"LinkedListDeleteFrontTest.DeleteUntilEmpty" end time: Jul 15 15:02 India Standard Time
"LinkedListDeleteFrontTest.DeleteUntilEmpty" time elapsed: 00:00:00
----------------------------------------------------------

51/117 Testing: LinkedListDeleteFrontTest.DeleteFromEmptyList
51/117 Test: LinkedListDeleteFrontTest.DeleteFromEmptyList
Command: "C:/Users/naman/OneDrive/Attachments/Documents/Desktop/CodeQuotient/build/DynamicArrayTests.exe" "--gtest_filter=LinkedListDeleteFrontTest.DeleteFromEmptyList" "--gtest_also_run_disabled_tests"
Directory: C:/Users/naman/OneDrive/Attachments/Documents/Desktop/CodeQuotient/build
"LinkedListDeleteFrontTest.DeleteFromEmptyList" start time: Jul 15 15:02 India Standard Time
Output:
----------------------------------------------------------
Running main() from C:\Users\naman\OneDrive\Attachments\Documents\Desktop\CodeQuotient\build\_deps\googletest-src\googletest\src\gtest_main.cc
Note: Google Test filter = LinkedListDeleteFrontTest.DeleteFromEmptyList
[==========] Running 1 test from 1 test suite.
[----------] Global test environment set-up.
[----------] 1 test from LinkedListDeleteFrontTest
[ RUN      ] LinkedListDeleteFrontTest.DeleteFromEmptyList
[       OK ] LinkedListDeleteFrontTest.DeleteFromEmptyList (0 ms)
[----------] 1 test from LinkedListDeleteFrontTest (0 ms total)

[----------] Global test environment tear-down
[==========] 1 test from 1 test suite ran. (0 ms total)
[  PASSED  ] 1 test.
<end of output>
Test time =   0.01 sec
----------------------------------------------------------
Test Passed.
"LinkedListDeleteFrontTest.DeleteFromEmptyList" end time: Jul 15 15:02 India Standard Time
"LinkedListDeleteFrontTest.DeleteFromEmptyList" time elapsed: 00:00:00
----------------------------------------------------------

52/117 Testing: LinkedListDeleteBackTest.DeleteFromSingleElementList
52/117 Test: LinkedListDeleteBackTest.DeleteFromSingleElementList
Command: "C:/Users/naman/OneDrive/Attachments/Documents/Desktop/CodeQuotient/build/DynamicArrayTests.exe" "--gtest_filter=LinkedListDeleteBackTest.DeleteFromSingleElementList" "--gtest_also_run_disabled_tests"
Directory: C:/Users/naman/OneDrive/Attachments/Documents/Desktop/CodeQuotient/build
"LinkedListDeleteBackTest.DeleteFromSingleElementList" start time: Jul 15 15:02 India Standard Time
Output:
----------------------------------------------------------
Running main() from C:\Users\naman\OneDrive\Attachments\Documents\Desktop\CodeQuotient\build\_deps\googletest-src\googletest\src\gtest_main.cc
Note: Google Test filter = LinkedListDeleteBackTest.DeleteFromSingleElementList
[==========] Running 1 test from 1 test suite.
[...]
Running main() from C:\Users\naman\OneDrive\Attachments\Documents\Desktop\CodeQuotient\build\_deps\googletest-src\googletest\src\gtest_main.cc
Note: Google Test filter = DynamicArrayTest.CopyConstructorHandlesEmptyArray
[==========] Running 1 test from 1 test suite.
[----------] Global test environment set-up.
[----------] 1 test from DynamicArrayTest
[ RUN      ] DynamicArrayTest.CopyConstructorHandlesEmptyArray
[       OK ] DynamicArrayTest.CopyConstructorHandlesEmptyArray (0 ms)
[----------] 1 test from DynamicArrayTest (0 ms total)

[----------] Global test environment tear-down
[==========] 1 test from 1 test suite ran. (0 ms total)
[  PASSED  ] 1 test.
<end of output>
Test time =   0.01 sec
----------------------------------------------------------
Test Passed.
"DynamicArrayTest.CopyConstructorHandlesEmptyArray" end time: Jul 15 15:02 India Standard Time
"DynamicArrayTest.CopyConstructorHandlesEmptyArray" time elapsed: 00:00:00
----------------------------------------------------------

106/117 Testing: DynamicArrayTest.CopyConstructorCreatesIndependentObject
106/117 Test: DynamicArrayTest.CopyConstructorCreatesIndependentObject
Command: "C:/Users/naman/OneDrive/Attachments/Documents/Desktop/CodeQuotient/build/DynamicArrayTests.exe" "--gtest_filter=DynamicArrayTest.CopyConstructorCreatesIndependentObject" "--gtest_also_run_disabled_tests"
Directory: C:/Users/naman/OneDrive/Attachments/Documents/Desktop/CodeQuotient/build
"DynamicArrayTest.CopyConstructorCreatesIndependentObject" start time: Jul 15 15:02 India Standard Time
Output:
----------------------------------------------------------
Running main() from C:\Users\naman\OneDrive\Attachments\Documents\Desktop\CodeQuotient\build\_deps\googletest-src\googletest\src\gtest_main.cc
Note: Google Test filter = DynamicArrayTest.CopyConstructorCreatesIndependentObject
[==========] Running 1 test from 1 test suite.
[----------] Global test environment set-up.
[----------] 1 test from DynamicArrayTest
[ RUN      ] DynamicArrayTest.CopyConstructorCreatesIndependentObject
[       OK ] DynamicArrayTest.CopyConstructorCreatesIndependentObject (0 ms)
[----------] 1 test from DynamicArrayTest (0 ms total)

[----------] Global test environment tear-down
[==========] 1 test from 1 test suite ran. (0 ms total)
[  PASSED  ] 1 test.
<end of output>
Test time =   0.01 sec
----------------------------------------------------------
Test Passed.
"DynamicArrayTest.CopyConstructorCreatesIndependentObject" end time: Jul 15 15:02 India Standard Time
"DynamicArrayTest.CopyConstructorCreatesIndependentObject" time elapsed: 00:00:00
----------------------------------------------------------

107/117 Testing: DynamicArrayTest.AssignmentOperatorCopiesSize
107/117 Test: DynamicArrayTest.AssignmentOperatorCopiesSize
Command: "C:/Users/naman/OneDrive/Attachments/Documents/Desktop/CodeQuotient/build/DynamicArrayTests.exe" "--gtest_filter=DynamicArrayTest.AssignmentOperatorCopiesSize" "--gtest_also_run_disabled_tests"
Directory: C:/Users/naman/OneDrive/Attachments/Documents/Desktop/CodeQuotient/build
"DynamicArrayTest.AssignmentOperatorCopiesSize" start time: Jul 15 15:02 India Standard Time
Output:
----------------------------------------------------------
Running main() from C:\Users\naman\OneDrive\Attachments\Documents\Desktop\CodeQuotient\build\_deps\googletest-src\googletest\src\gtest_main.cc
Note: Google Test filter = DynamicArrayTest.AssignmentOperatorCopiesSize
[==========] Running 1 test from 1 test suite.
[----------] Global test environment set-up.
[----------] 1 test from DynamicArrayTest
[ RUN      ] DynamicArrayTest.AssignmentOperatorCopiesSize
[       OK ] DynamicArrayTest.AssignmentOperatorCopiesSize (0 ms)
[----------] 1 test from DynamicArrayTest (0 ms total)

[----------] Global test environment tear-down
[==========] 1 test from 1 test suite ran. (0 ms total)
[  PASSED  ] 1 test.
<end of output>
Test time =   0.01 sec
----------------------------------------------------------
Test Passed.
"DynamicArrayTest.AssignmentOperatorCopiesSize" end time: Jul 15 15:02 India Standard Time
"DynamicArrayTest.AssignmentOperatorCopiesSize" time elapsed: 00:00:00
----------------------------------------------------------

108/117 Testing: DynamicArrayTest.AssignmentOperatorCopiesCapacity
108/117 Test: DynamicArrayTest.AssignmentOperatorCopiesCapacity
Command: "C:/Users/naman/OneDrive/Attachments/Documents/Desktop/CodeQuotient/build/DynamicArrayTests.exe" "--gtest_filter=DynamicArrayTest.AssignmentOperatorCopiesCapacity" "--gtest_also_run_disabled_tests"
Directory: C:/Users/naman/OneDrive/Attachments/Documents/Desktop/CodeQuotient/build
"DynamicArrayTest.AssignmentOperatorCopiesCapacity" start time: Jul 15 15:02 India Standard Time
Output:
----------------------------------------------------------
Running main() from C:\Users\naman\OneDrive\Attachments\Documents\Desktop\CodeQuotient\build\_deps\googletest-src\googletest\src\gtest_main.cc
Note: Google Test filter = DynamicArrayTest.AssignmentOperatorCopiesCapacity
[==========] Running 1 test from 1 test suite.
[----------] Global test environment set-up.
[----------] 1 test from DynamicArrayTest
[ RUN      ] DynamicArrayTest.AssignmentOperatorCopiesCapacity
[       OK ] DynamicArrayTest.AssignmentOperatorCopiesCapacity (0 ms)
[----------] 1 test from DynamicArrayTest (0 ms total)

[----------] Global test environment tear-down
[==========] 1 test from 1 test suite ran. (0 ms total)
[  PASSED  ] 1 test.
<end of output>
Test time =   0.02 sec
----------------------------------------------------------
Test Passed.
"DynamicArrayTest.AssignmentOperatorCopiesCapacity" end time: Jul 15 15:02 India Standard Time
"DynamicArrayTest.AssignmentOperatorCopiesCapacity" time elapsed: 00:00:00
----------------------------------------------------------

109/117 Testing: DynamicArrayTest.AssignmentOperatorCopiesElements
109/117 Test: DynamicArrayTest.AssignmentOperatorCopiesElements
Command: "C:/Users/naman/OneDrive/Attachments/Documents/Desktop/CodeQuotient/build/DynamicArrayTests.exe" "--gtest_filter=DynamicArrayTest.AssignmentOperatorCopiesElements" "--gtest_also_run_disabled_tests"
Directory: C:/Users/naman/OneDrive/Attachments/Documents/Desktop/CodeQuotient/build
"DynamicArrayTest.AssignmentOperatorCopiesElements" start time: Jul 15 15:02 India Standard Time
Output:
----------------------------------------------------------
Running main() from C:\Users\naman\OneDrive\Attachments\Documents\Desktop\CodeQuotient\build\_deps\googletest-src\googletest\src\gtest_main.cc
Note: Google Test filter = DynamicArrayTest.AssignmentOperatorCopiesElements
[==========] Running 1 test from 1 test suite.
[----------] Global test environment set-up.
[----------] 1 test from DynamicArrayTest
[ RUN      ] DynamicArrayTest.AssignmentOperatorCopiesElements
[       OK ] DynamicArrayTest.AssignmentOperatorCopiesElements (0 ms)
[----------] 1 test from DynamicArrayTest (0 ms total)

[----------] Global test environment tear-down
[==========] 1 test from 1 test suite ran. (0 ms total)
[  PASSED  ] 1 test.
<end of output>
Test time =   0.02 sec
----------------------------------------------------------
Test Passed.
"DynamicArrayTest.AssignmentOperatorCopiesElements" end time: Jul 15 15:02 India Standard Time
"DynamicArrayTest.AssignmentOperatorCopiesElements" time elapsed: 00:00:00
----------------------------------------------------------

110/117 Testing: DynamicArrayTest.AssignmentOperatorPerformsDeepCopy
110/117 Test: DynamicArrayTest.AssignmentOperatorPerformsDeepCopy
Command: "C:/Users/naman/OneDrive/Attachments/Documents/Desktop/CodeQuotient/build/DynamicArrayTests.exe" "--gtest_filter=DynamicArrayTest.AssignmentOperatorPerformsDeepCopy" "--gtest_also_run_disabled_tests"
Directory: C:/Users/naman/OneDrive/Attachments/Documents/Desktop/CodeQuotient/build
"DynamicArrayTest.AssignmentOperatorPerformsDeepCopy" start time: Jul 15 15:02 India Standard Time
Output:
----------------------------------------------------------
Running main() from C:\Users\naman\OneDrive\Attachments\Documents\Desktop\CodeQuotient\build\_deps\googletest-src\googletest\src\gtest_main.cc
Note: Google Test filter = DynamicArrayTest.AssignmentOperatorPerformsDeepCopy
[==========] Running 1 test from 1 test suite.
[----------] Global test environment set-up.
[----------] 1 test from DynamicArrayTest
[ RUN      ] DynamicArrayTest.AssignmentOperatorPerformsDeepCopy
[       OK ] DynamicArrayTest.AssignmentOperatorPerformsDeepCopy (0 ms)
[----------] 1 test from DynamicArrayTest (0 ms total)

[----------] Global test environment tear-down
[==========] 1 test from 1 test suite ran. (0 ms total)
[  PASSED  ] 1 test.
<end of output>
Test time =   0.01 sec
----------------------------------------------------------
Test Passed.
"DynamicArrayTest.AssignmentOperatorPerformsDeepCopy" end time: Jul 15 15:02 India Standard Time
"DynamicArrayTest.AssignmentOperatorPerformsDeepCopy" time elapsed: 00:00:00
----------------------------------------------------------

111/117 Testing: DynamicArrayTest.AssignmentOperatorHandlesEmptyArray
111/117 Test: DynamicArrayTest.AssignmentOperatorHandlesEmptyArray
Command: "C:/Users/naman/OneDrive/Attachments/Documents/Desktop/CodeQuotient/build/DynamicArrayTests.exe" "--gtest_filter=DynamicArrayTest.AssignmentOperatorHandlesEmptyArray" "--gtest_also_run_disabled_tests"
Directory: C:/Users/naman/OneDrive/Attachments/Documents/Desktop/CodeQuotient/build
"DynamicArrayTest.AssignmentOperatorHandlesEmptyArray" start time: Jul 15 15:02 India Standard Time
Output:
----------------------------------------------------------
Running main() from C:\Users\naman\OneDrive\Attachments\Documents\Desktop\CodeQuotient\build\_deps\googletest-src\googletest\src\gtest_main.cc
Note: Google Test filter = DynamicArrayTest.AssignmentOperatorHandlesEmptyArray
[==========] Running 1 test from 1 test suite.
[----------] Global test environment set-up.
[----------] 1 test from DynamicArrayTest
[ RUN      ] DynamicArrayTest.AssignmentOperatorHandlesEmptyArray
[       OK ] DynamicArrayTest.AssignmentOperatorHandlesEmptyArray (0 ms)
[----------] 1 test from DynamicArrayTest (0 ms total)

[----------] Global test environment tear-down
[==========] 1 test from 1 test suite ran. (0 ms total)
[  PASSED  ] 1 test.
<end of output>
Test time =   0.02 sec
----------------------------------------------------------
Test Passed.
"DynamicArrayTest.AssignmentOperatorHandlesEmptyArray" end time: Jul 15 15:02 India Standard Time
"DynamicArrayTest.AssignmentOperatorHandlesEmptyArray" time elapsed: 00:00:00
----------------------------------------------------------

112/117 Testing: DynamicArrayTest.AssignmentOperatorCreatesIndependentObject
112/117 Test: DynamicArrayTest.AssignmentOperatorCreatesIndependentObject
Command: "C:/Users/naman/OneDrive/Attachments/Documents/Desktop/CodeQuotient/build/DynamicArrayTests.exe" "--gtest_filter=DynamicArrayTest.AssignmentOperatorCreatesIndependentObject" "--gtest_also_run_disabled_tests"
Directory: C:/Users/naman/OneDrive/Attachments/Documents/Desktop/CodeQuotient/build
"DynamicArrayTest.AssignmentOperatorCreatesIndependentObject" start time: Jul 15 15:02 India Standard Time
Output:
----------------------------------------------------------
Running main() from C:\Users\naman\OneDrive\Attachments\Documents\Desktop\CodeQuotient\build\_deps\googletest-src\googletest\src\gtest_main.cc
Note: Google Test filter = DynamicArrayTest.AssignmentOperatorCreatesIndependentObject
[==========] Running 1 test from 1 test suite.
[----------] Global test environment set-up.
[----------] 1 test from DynamicArrayTest
[ RUN      ] DynamicArrayTest.AssignmentOperatorCreatesIndependentObject
[       OK ] DynamicArrayTest.AssignmentOperatorCreatesIndependentObject (0 ms)
[----------] 1 test from DynamicArrayTest (0 ms total)

[----------] Global test environment tear-down
[==========] 1 test from 1 test suite ran. (0 ms total)
[  PASSED  ] 1 test.
<end of output>
Test time =   0.02 sec
----------------------------------------------------------
Test Passed.
"DynamicArrayTest.AssignmentOperatorCreatesIndependentObject" end time: Jul 15 15:02 India Standard Time
"DynamicArrayTest.AssignmentOperatorCreatesIndependentObject" time elapsed: 00:00:00
----------------------------------------------------------

113/117 Testing: DynamicArrayTest.AssignmentOperatorHandlesSelfAssignment
113/117 Test: DynamicArrayTest.AssignmentOperatorHandlesSelfAssignment
Command: "C:/Users/naman/OneDrive/Attachments/Documents/Desktop/CodeQuotient/build/DynamicArrayTests.exe" "--gtest_filter=DynamicArrayTest.AssignmentOperatorHandlesSelfAssignment" "--gtest_also_run_disabled_tests"
Directory: C:/Users/naman/OneDrive/Attachments/Documents/Desktop/CodeQuotient/build
"DynamicArrayTest.AssignmentOperatorHandlesSelfAssignment" start time: Jul 15 15:02 India Standard Time
Output:
----------------------------------------------------------
Running main() from C:\Users\naman\OneDrive\Attachments\Documents\Desktop\CodeQuotient\build\_deps\googletest-src\googletest\src\gtest_main.cc
Note: Google Test filter = DynamicArrayTest.AssignmentOperatorHandlesSelfAssignment
[==========] Running 1 test from 1 test suite.
[----------] Global test environment set-up.
[----------] 1 test from DynamicArrayTest
[ RUN      ] DynamicArrayTest.AssignmentOperatorHandlesSelfAssignment
[       OK ] DynamicArrayTest.AssignmentOperatorHandlesSelfAssignment (0 ms)
[----------] 1 test from DynamicArrayTest (0 ms total)

[----------] Global test environment tear-down
[==========] 1 test from 1 test suite ran. (0 ms total)
[  PASSED  ] 1 test.
<end of output>
Test time =   0.02 sec
----------------------------------------------------------
Test Passed.
"DynamicArrayTest.AssignmentOperatorHandlesSelfAssignment" end time: Jul 15 15:02 India Standard Time
"DynamicArrayTest.AssignmentOperatorHandlesSelfAssignment" time elapsed: 00:00:00
----------------------------------------------------------

114/117 Testing: DynamicArrayTest.AppendSingleString
114/117 Test: DynamicArrayTest.AppendSingleString
Command: "C:/Users/naman/OneDrive/Attachments/Documents/Desktop/CodeQuotient/build/DynamicArrayTests.exe" "--gtest_filter=DynamicArrayTest.AppendSingleString" "--gtest_also_run_disabled_tests"
Directory: C:/Users/naman/OneDrive/Attachments/Documents/Desktop/CodeQuotient/build
"DynamicArrayTest.AppendSingleString" start time: Jul 15 15:02 India Standard Time
Output:
----------------------------------------------------------
Running main() from C:\Users\naman\OneDrive\Attachments\Documents\Desktop\CodeQuotient\build\_deps\googletest-src\googletest\src\gtest_main.cc
Note: Google Test filter = DynamicArrayTest.AppendSingleString
[==========] Running 1 test from 1 test suite.
[----------] Global test environment set-up.
[----------] 1 test from DynamicArrayTest
[ RUN      ] DynamicArrayTest.AppendSingleString
[       OK ] DynamicArrayTest.AppendSingleString (0 ms)
[----------] 1 test from DynamicArrayTest (0 ms total)

[----------] Global test environment tear-down
[==========] 1 test from 1 test suite ran. (0 ms total)
[  PASSED  ] 1 test.
<end of output>
Test time =   0.02 sec
----------------------------------------------------------
Test Passed.
"DynamicArrayTest.AppendSingleString" end time: Jul 15 15:02 India Standard Time
"DynamicArrayTest.AppendSingleString" time elapsed: 00:00:00
----------------------------------------------------------

115/117 Testing: DynamicArrayTest.AppendMultipleStrings
115/117 Test: DynamicArrayTest.AppendMultipleStrings
Command: "C:/Users/naman/OneDrive/Attachments/Documents/Desktop/CodeQuotient/build/DynamicArrayTests.exe" "--gtest_filter=DynamicArrayTest.AppendMultipleStrings" "--gtest_also_run_disabled_tests"
Directory: C:/Users/naman/OneDrive/Attachments/Documents/Desktop/CodeQuotient/build
"DynamicArrayTest.AppendMultipleStrings" start time: Jul 15 15:02 India Standard Time
Output:
----------------------------------------------------------
Running main() from C:\Users\naman\OneDrive\Attachments\Documents\Desktop\CodeQuotient\build\_deps\googletest-src\googletest\src\gtest_main.cc
Note: Google Test filter = DynamicArrayTest.AppendMultipleStrings
[==========] Running 1 test from 1 test suite.
[----------] Global test environment set-up.
[----------] 1 test from DynamicArrayTest
[ RUN      ] DynamicArrayTest.AppendMultipleStrings
[       OK ] DynamicArrayTest.AppendMultipleStrings (0 ms)
[----------] 1 test from DynamicArrayTest (0 ms total)

[----------] Global test environment tear-down
[==========] 1 test from 1 test suite ran. (0 ms total)
[  PASSED  ] 1 test.
<end of output>
Test time =   0.01 sec
----------------------------------------------------------
Test Passed.
"DynamicArrayTest.AppendMultipleStrings" end time: Jul 15 15:02 India Standard Time
"DynamicArrayTest.AppendMultipleStrings" time elapsed: 00:00:00
----------------------------------------------------------

116/117 Testing: DynamicArrayTest.AppendDuplicateStrings
116/117 Test: DynamicArrayTest.AppendDuplicateStrings
Command: "C:/Users/naman/OneDrive/Attachments/Documents/Desktop/CodeQuotient/build/DynamicArrayTests.exe" "--gtest_filter=DynamicArrayTest.AppendDuplicateStrings" "--gtest_also_run_disabled_tests"
Directory: C:/Users/naman/OneDrive/Attachments/Documents/Desktop/CodeQuotient/build
"DynamicArrayTest.AppendDuplicateStrings" start time: Jul 15 15:02 India Standard Time
Output:
----------------------------------------------------------
Running main() from C:\Users\naman\OneDrive\Attachments\Documents\Desktop\CodeQuotient\build\_deps\googletest-src\googletest\src\gtest_main.cc
Note: Google Test filter = DynamicArrayTest.AppendDuplicateStrings
[==========] Running 1 test from 1 test suite.
[----------] Global test environment set-up.
[----------] 1 test from DynamicArrayTest
[ RUN      ] DynamicArrayTest.AppendDuplicateStrings
[       OK ] DynamicArrayTest.AppendDuplicateStrings (0 ms)
[----------] 1 test from DynamicArrayTest (0 ms total)

[----------] Global test environment tear-down
[==========] 1 test from 1 test suite ran. (0 ms total)
[  PASSED  ] 1 test.
<end of output>
Test time =   0.02 sec
----------------------------------------------------------
Test Passed.
"DynamicArrayTest.AppendDuplicateStrings" end time: Jul 15 15:02 India Standard Time
"DynamicArrayTest.AppendDuplicateStrings" time elapsed: 00:00:00
----------------------------------------------------------

117/117 Testing: DynamicArrayTest.AppendTriggersResize
117/117 Test: DynamicArrayTest.AppendTriggersResize
Command: "C:/Users/naman/OneDrive/Attachments/Documents/Desktop/CodeQuotient/build/DynamicArrayTests.exe" "--gtest_filter=DynamicArrayTest.AppendTriggersResize" "--gtest_also_run_disabled_tests"
Directory: C:/Users/naman/OneDrive/Attachments/Documents/Desktop/CodeQuotient/build
"DynamicArrayTest.AppendTriggersResize" start time: Jul 15 15:02 India Standard Time
Output:
----------------------------------------------------------
Running main() from C:\Users\naman\OneDrive\Attachments\Documents\Desktop\CodeQuotient\build\_deps\googletest-src\googletest\src\gtest_main.cc
Note: Google Test filter = DynamicArrayTest.AppendTriggersResize
[==========] Running 1 test from 1 test suite.
[----------] Global test environment set-up.
[----------] 1 test from DynamicArrayTest
[ RUN      ] DynamicArrayTest.AppendTriggersResize
[       OK ] DynamicArrayTest.AppendTriggersResize (0 ms)
[----------] 1 test from DynamicArrayTest (0 ms total)

[----------] Global test environment tear-down
[==========] 1 test from 1 test suite ran. (0 ms total)
[  PASSED  ] 1 test.
<end of output>
Test time =   0.01 sec
----------------------------------------------------------
Test Passed.
"DynamicArrayTest.AppendTriggersResize" end time: Jul 15 15:02 India Standard Time
"DynamicArrayTest.AppendTriggersResize" time elapsed: 00:00:00
----------------------------------------------------------

End testing: Jul 15 15:02 India Standard Time
