Start testing: Jul 15 14:46 India Standard Time
----------------------------------------------------------
1/95 Testing: LinkedListSizeTest.EmptyList
1/95 Test: LinkedListSizeTest.EmptyList
Command: "C:/Users/naman/OneDrive/Attachments/Documents/Desktop/CodeQuotient/build/DynamicArrayTests.exe" "--gtest_filter=LinkedListSizeTest.EmptyList" "--gtest_also_run_disabled_tests"
Directory: C:/Users/naman/OneDrive/Attachments/Documents/Desktop/CodeQuotient/build
"LinkedListSizeTest.EmptyList" start time: Jul 15 14:46 India Standard Time
Output:
----------------------------------------------------------
Running main() from C:\Users\naman\OneDrive\Attachments\Documents\Desktop\CodeQuotient\build\_deps\googletest-src\googletest\src\gtest_main.cc
Note: Google Test filter = LinkedListSizeTest.EmptyList
[==========] Running 1 test from 1 test suite.
[----------] Global test environment set-up.
[----------] 1 test from LinkedListSizeTest
[ RUN      ] LinkedListSizeTest.EmptyList
[       OK ] LinkedListSizeTest.EmptyList (0 ms)
[----------] 1 test from LinkedListSizeTest (0 ms total)

[----------] Global test environment tear-down
[==========] 1 test from 1 test suite ran. (0 ms total)
[  PASSED  ] 1 test.
<end of output>
Test time =   0.01 sec
----------------------------------------------------------
Test Passed.
"LinkedListSizeTest.EmptyList" end time: Jul 15 14:46 India Standard Time
"LinkedListSizeTest.EmptyList" time elapsed: 00:00:00
----------------------------------------------------------

2/95 Testing: LinkedListSizeTest.AfterInsertAndDeleteOperations
2/95 Test: LinkedListSizeTest.AfterInsertAndDeleteOperations
Command: "C:/Users/naman/OneDrive/Attachments/Documents/Desktop/CodeQuotient/build/DynamicArrayTests.exe" "--gtest_filter=LinkedListSizeTest.AfterInsertAndDeleteOperations" "--gtest_also_run_disabled_tests"
Directory: C:/Users/naman/OneDrive/Attachments/Documents/Desktop/CodeQuotient/build
"LinkedListSizeTest.AfterInsertAndDeleteOperations" start time: Jul 15 14:46 India Standard Time
Output:
----------------------------------------------------------
Running main() from C:\Users\naman\OneDrive\Attachments\Documents\Desktop\CodeQuotient\build\_deps\googletest-src\googletest\src\gtest_main.cc
Note: Google Test filter = LinkedListSizeTest.AfterInsertAndDeleteOperations
[==========] Running 1 test from 1 test suite.
[----------] Global test environment set-up.
[----------] 1 test from LinkedListSizeTest
[ RUN      ] LinkedListSizeTest.AfterInsertAndDeleteOperations
[       OK ] LinkedListSizeTest.AfterInsertAndDeleteOperations (0 ms)
[----------] 1 test from LinkedListSizeTest (0 ms total)

[----------] Global test environment tear-down
[==========] 1 test from 1 test suite ran. (0 ms total)
[  PASSED  ] 1 test.
<end of output>
Test time =   0.01 sec
----------------------------------------------------------
Test Passed.
"LinkedListSizeTest.AfterInsertAndDeleteOperations" end time: Jul 15 14:46 India Standard Time
"LinkedListSizeTest.AfterInsertAndDeleteOperations" time elapsed: 00:00:00
----------------------------------------------------------

3/95 Testing: LinkedListSearchTest.SearchExistingElement
3/95 Test: LinkedListSearchTest.SearchExistingElement
Command: "C:/Users/naman/OneDrive/Attachments/Documents/Desktop/CodeQuotient/build/DynamicArrayTests.exe" "--gtest_filter=LinkedListSearchTest.SearchExistingElement" "--gtest_also_run_disabled_tests"
Directory: C:/Users/naman/OneDrive/Attachments/Documents/Desktop/CodeQuotient/build
"LinkedListSearchTest.SearchExistingElement" start time: Jul 15 14:46 India Standard Time
Output:
----------------------------------------------------------
Running main() from C:\Users\naman\OneDrive\Attachments\Documents\Desktop\CodeQuotient\build\_deps\googletest-src\googletest\src\gtest_main.cc
Note: Google Test filter = LinkedListSearchTest.SearchExistingElement
[==========] Running 1 test from 1 test suite.
[----------] Global test environment set-up.
[----------] 1 test from LinkedListSearchTest
[ RUN      ] LinkedListSearchTest.SearchExistingElement
[       OK ] LinkedListSearchTest.SearchExistingElement (0 ms)
[----------] 1 test from LinkedListSearchTest (0 ms total)

[----------] Global test environment tear-down
[==========] 1 test from 1 test suite ran. (0 ms total)
[  PASSED  ] 1 test.
<end of output>
Test time =   0.01 sec
----------------------------------------------------------
Test Passed.
"LinkedListSearchTest.SearchExistingElement" end time: Jul 15 14:46 India Standard Time
"LinkedListSearchTest.SearchExistingElement" time elapsed: 00:00:00
----------------------------------------------------------

4/95 Testing: LinkedListSearchTest.SearchNonExistingElement
4/95 Test: LinkedListSearchTest.SearchNonExistingElement
Command: "C:/Users/naman/OneDrive/Attachments/Documents/Desktop/CodeQuotient/build/DynamicArrayTests.exe" "--gtest_filter=LinkedListSearchTest.SearchNonExistingElement" "--gtest_also_run_disabled_tests"
Directory: C:/Users/naman/OneDrive/Attachments/Documents/Desktop/CodeQuotient/build
"LinkedListSearchTest.SearchNonExistingElement" start time: Jul 15 14:46 India Standard Time
Output:
----------------------------------------------------------
Running main() from C:\Users\naman\OneDrive\Attachments\Documents\Desktop\CodeQuotient\build\_deps\googletest-src\googletest\src\gtest_main.cc
Note: Google Test filter = LinkedListSearchTest.SearchNonExistingElement
[==========] Running 1 test from 1 test suite.
[----------] Global test environment set-up.
[----------] 1 test from LinkedListSearchTest
[ RUN      ] LinkedListSearchTest.SearchNonExistingElement
[       OK ] LinkedListSearchTest.SearchNonExistingElement (0 ms)
[----------] 1 test from LinkedListSearchTest (0 ms total)

[----------] Global test environment tear-down
[==========] 1 test from 1 test suite ran. (0 ms total)
[  PASSED  ] 1 test.
<end of output>
Test time =   0.01 sec
----------------------------------------------------------
Test Passed.
"LinkedListSearchTest.SearchNonExistingElement" end time: Jul 15 14:46 India Standard Time
"LinkedListSearchTest.SearchNonExistingElement" time elapsed: 00:00:00
----------------------------------------------------------

5/95 Testing: LinkedListSearchTest.SearchInEmptyList
5/95 Test: LinkedListSearchTest.SearchInEmptyList
Command: "C:/Users/naman/OneDrive/Attachments/Documents/Desktop/CodeQuotient/build/DynamicArrayTests.exe" "--gtest_filter=LinkedListSearchTest.SearchInEmptyList" "--gtest_also_run_disabled_tests"
Directory: C:/Users/naman/OneDrive/Attachments/Documents/Desktop/CodeQuotient/build
"LinkedListSearchTest.SearchInEmptyList" start time: Jul 15 14:46 India Standard Time
Output:
----------------------------------------------------------
Running main() from C:\Users\naman\OneDrive\Attachments\Documents\Desktop\CodeQuotient\build\_deps\googletest-src\googletest\src\gtest_main.cc
Note: Google Test filter = LinkedListSearchTest.SearchInEmptyList
[==========] Running 1 test from 1 test suite.
[----------] Global test environment set-up.
[----------] 1 test from LinkedListSearchTest
[ RUN      ] LinkedListSearchTest.SearchInEmptyList
[       OK ] LinkedListSearchTest.SearchInEmptyList (0 ms)
[----------] 1 test from LinkedListSearchTest (0 ms total)

[----------] Global test environment tear-down
[==========] 1 test from 1 test suite ran. (0 ms total)
[  PASSED  ] 1 test.
<end of output>
Test time =   0.01 sec
----------------------------------------------------------
Test Passed.
"LinkedListSearchTest.SearchInEmptyList" end time: Jul 15 14:46 India Standard Time
"LinkedListSearchTest.SearchInEmptyList" time elapsed: 00:00:00
----------------------------------------------------------

6/95 Testing: LinkedListSearchTest.SearchAfterDeletion
6/95 Test: LinkedListSearchTest.SearchAfterDeletion
Command: "C:/Users/naman/OneDrive/Attachments/Documents/Desktop/CodeQuotient/build/DynamicArrayTests.exe" "--gtest_filter=LinkedListSearchTest.SearchAfterDeletion" "--gtest_also_run_disabled_tests"
Directory: C:/Users/naman/OneDrive/Attachments/Documents/Desktop/CodeQuotient/build
"LinkedListSearchTest.SearchAfterDeletion" start time: Jul 15 14:46 India Standard Time
Output:
----------------------------------------------------------
Running main() from C:\Users\naman\OneDrive\Attachments\Documents\Desktop\CodeQuotient\build\_deps\googletest-src\googletest\src\gtest_main.cc
Note: Google Test filter = LinkedListSearchTest.SearchAfterDeletion
[==========] Running 1 test from 1 test suite.
[----------] Global test environment set-up.
[----------] 1 test from LinkedListSearchTest
[ RUN      ] LinkedListSearchTest.SearchAfterDeletion
[       OK ] LinkedListSearchTest.SearchAfterDeletion (0 ms)
[----------] 1 test from LinkedListSearchTest (0 ms total)

[----------] Global test environment tear-down
[==========] 1 test from 1 test suite ran. (0 ms total)
[  PASSED  ] 1 test.
<end of output>
Test time =   0.01 sec
----------------------------------------------------------
Test Passed.
"LinkedListSearchTest.SearchAfterDeletion" end time: Jul 15 14:46 India Standard Time
"LinkedListSearchTest.SearchAfterDeletion" time elapsed: 00:00:00
----------------------------------------------------------

7/95 Testing: LinkedListRemoveTest.RemoveHead
7/95 Test: LinkedListRemoveTest.RemoveHead
Command: "C:/Users/naman/OneDrive/Attachments/Documents/Desktop/CodeQuotient/build/DynamicArrayTests.exe" "--gtest_filter=LinkedListRemoveTest.RemoveHead" "--gtest_also_run_disabled_tests"
Directory: C:/Users/naman/OneDrive/Attachments/Documents/Desktop/CodeQuotient/build
"LinkedListRemoveTest.RemoveHead" start time: Jul 15 14:46 India Standard Time
Output:
----------------------------------------------------------
Running main() from C:\Users\naman\OneDrive\Attachments\Documents\Desktop\CodeQuotient\build\_deps\googletest-src\googletest\src\gtest_main.cc
Note: Google Test filter = LinkedListRemoveTest.RemoveHead
[==========] Running 1 test from 1 test suite.
[----------] Global test environment set-up.
[----------] 1 test from LinkedListRemoveTest
[ RUN      ] LinkedListRemoveTest.RemoveHead
[       OK ] LinkedListRemoveTest.RemoveHead (0 ms)
[----------] 1 test from LinkedListRemoveTest (0 ms total)

[----------] Global test environment tear-down
[==========] 1 test from 1 test suite ran. (0 ms total)
[  PASSED  ] 1 test.
<end of output>
Test time =   0.01 sec
----------------------------------------------------------
Test Passed.
"LinkedListRemoveTest.RemoveHead" end time: Jul 15 14:46 India Standard Time
"LinkedListRemoveTest.RemoveHead" time elapsed: 00:00:00
----------------------------------------------------------

8/95 Testing: LinkedListRemoveTest.RemoveMiddle
8/95 Test: LinkedListRemoveTest.RemoveMiddle
Command: "C:/Users/naman/OneDrive/Attachments/Documents/Desktop/CodeQuotient/build/DynamicArrayTests.exe" "--gtest_filter=LinkedListRemoveTest.RemoveMiddle" "--gtest_also_run_disabled_tests"
Directory: C:/Users/naman/OneDrive/Attachments/Documents/Desktop/CodeQuotient/build
"LinkedListRemoveTest.RemoveMiddle" start time: Jul 15 14:46 India Standard Time
Output:
----------------------------------------------------------
Running main() from C:\Users\naman\OneDrive\Attachments\Documents\Desktop\CodeQuotient\build\_deps\googletest-src\googletest\src\gtest_main.cc
Note: Google Test filter = LinkedListRemoveTest.RemoveMiddle
[==========] Running 1 test from 1 test suite.
[----------] Global test environment set-up.
[----------] 1 test from LinkedListRemoveTest
[ RUN      ] LinkedListRemoveTest.RemoveMiddle
[       OK ] LinkedListRemoveTest.RemoveMiddle (0 ms)
[----------] 1 test from LinkedListRemoveTest (0 ms total)

[----------] Global test environment tear-down
[==========] 1 test from 1 test suite ran. (0 ms total)
[  PASSED  ] 1 test.
<end of output>
Test time =   0.01 sec
----------------------------------------------------------
Test Passed.
"LinkedListRemoveTest.RemoveMiddle" end time: Jul 15 14:46 India Standard Time
"LinkedListRemoveTest.RemoveMiddle" time elapsed: 00:00:00
----------------------------------------------------------

9/95 Testing: LinkedListRemoveTest.RemoveTail
9/95 Test: LinkedListRemoveTest.RemoveTail
Command: "C:/Users/naman/OneDrive/Attachments/Documents/Desktop/CodeQuotient/build/DynamicArrayTests.exe" "--gtest_filter=LinkedListRemoveTest.RemoveTail" "--gtest_also_run_disabled_tests"
Directory: C:/Users/naman/OneDrive/Attachments/Documents/Desktop/CodeQuotient/build
"LinkedListRemoveTest.RemoveTail" start time: Jul 15 14:46 India Standard Time
Output:
----------------------------------------------------------
Running main() from C:\Users\naman\OneDrive\Attachments\Documents\Desktop\CodeQuotient\build\_deps\googletest-src\googletest\src\gtest_main.cc
Note: Google Test filter = LinkedListRemoveTest.RemoveTail
[==========] Running 1 test from 1 test suite.
[----------] Global test environment set-up.
[----------] 1 test from LinkedListRemoveTest
[ RUN      ] LinkedListRemoveTest.RemoveTail
[       OK ] LinkedListRemoveTest.RemoveTail (0 ms)
[----------] 1 test from LinkedListRemoveTest (0 ms total)

[----------] Global test environment tear-down
[==========] 1 test from 1 test suite ran. (0 ms total)
[  PASSED  ] 1 test.
<end of output>
Test time =   0.01 sec
----------------------------------------------------------
Test Passed.
"LinkedListRemoveTest.RemoveTail" end time: Jul 15 14:46 India Standard Time
"LinkedListRemoveTest.RemoveTail" time elapsed: 00:00:00
----------------------------------------------------------

10/95 Testing: LinkedListRemoveTest.RemoveOnlyNode
10/95 Test: LinkedListRemoveTest.RemoveOnlyNode
Command: "C:/Users/naman/OneDrive/Attachments/Documents/Desktop/CodeQuotient/build/DynamicArrayTests.exe" "--gtest_filter=LinkedListRemoveTest.RemoveOnlyNode" "--gtest_also_run_disabled_tests"
Directory: C:/Users/naman/OneDrive/Attachments/Documents/Desktop/CodeQuotient/build
"LinkedListRemoveTest.RemoveOnlyNode" start time: Jul 15 14:46 India Standard Time
Output:
----------------------------------------------------------
Running main() from C:\Users\naman\OneDrive\Attachments\Documents\Desktop\CodeQuotient\build\_deps\googletest-src\googletest\src\gtest_main.cc
Note: Google Test filter = LinkedListRemoveTest.RemoveOnlyNode
[==========] Running 1 test from 1 test suite.
[----------] Global test environment set-up.
[----------] 1 test from LinkedListRemoveTest
[ RUN      ] LinkedListRemoveTest.RemoveOnlyNode
[       OK ] LinkedListRemoveTest.RemoveOnlyNode (0 ms)
[----------] 1 test from LinkedListRemoveTest (0 ms total)

[----------] Global test environment tear-down
[==========] 1 test from 1 test suite ran. (0 ms total)
[  PASSED  ] 1 test.
<end of output>
Test time =   0.01 sec
----------------------------------------------------------
Test Passed.
"LinkedListRemoveTest.RemoveOnlyNode" end time: Jul 15 14:46 India Standard Time
"LinkedListRemoveTest.RemoveOnlyNode" time elapsed: 00:00:00
----------------------------------------------------------

11/95 Testing: LinkedListRemoveTest.RemoveNonExistingNode
11/95 Test: LinkedListRemoveTest.RemoveNonExistingNode
Command: "C:/Users/naman/OneDrive/Attachments/Documents/Desktop/CodeQuotient/build/DynamicArrayTests.exe" "--gtest_filter=LinkedListRemoveTest.RemoveNonExistingNode" "--gtest_also_run_disabled_tests"
Directory: C:/Users/naman/OneDrive/Attachments/Documents/Desktop/CodeQuotient/build
"LinkedListRemoveTest.RemoveNonExistingNode" start time: Jul 15 14:46 India Standard Time
Output:
----------------------------------------------------------
Running main() from C:\Users\naman\OneDrive\Attachments\Documents\Desktop\CodeQuotient\build\_deps\googletest-src\googletest\src\gtest_main.cc
Note: Google Test filter = LinkedListRemoveTest.RemoveNonExistingNode
[==========] Running 1 test from 1 test suite.
[----------] Global test environment set-up.
[----------] 1 test from LinkedListRemoveTest
[ RUN      ] LinkedListRemoveTest.RemoveNonExistingNode
[       OK ] LinkedListRemoveTest.RemoveNonExistingNode (0 ms)
[----------] 1 test from LinkedListRemoveTest (0 ms total)

[----------] Global test environment tear-down
[==========] 1 test from 1 test suite ran. (0 ms total)
[  PASSED  ] 1 test.
<end of output>
Test time =   0.01 sec
----------------------------------------------------------
Test Passed.
"LinkedListRemoveTest.RemoveNonExistingNode" end time: Jul 15 14:46 India Standard Time
"LinkedListRemoveTest.RemoveNonExistingNode" time elapsed: 00:00:00
----------------------------------------------------------

12/95 Testing: LinkedListInsertTest.InsertAtBeginning
12/95 Test: LinkedListInsertTest.InsertAtBeginning
Command: "C:/Users/naman/OneDrive/Attachments/Documents/Desktop/CodeQuotient/build/DynamicArrayTests.exe" "--gtest_filter=LinkedListInsertTest.InsertAtBeginning" "--gtest_also_run_disabled_tests"
Directory: C:/Users/naman/OneDrive/Attachments/Documents/Desktop/CodeQuotient/build
"LinkedListInsertTest.InsertAtBeginning" start time: Jul 15 14:46 India Standard Time
Output:
----------------------------------------------------------
Running main() from C:\Users\naman\OneDrive\Attachments\Documents\Desktop\CodeQuotient\build\_deps\googletest-src\googletest\src\gtest_main.cc
Note: Google Test filter = LinkedListInsertTest.InsertAtBeginning
[==========] Running 1 test from 1 test suite.
[----------] Global test environment set-up.
[----------] 1 test from LinkedListInsertTest
[ RUN      ] LinkedListInsertTest.InsertAtBeginning
[       OK ] LinkedListInsertTest.InsertAtBeginning (0 ms)
[----------] 1 test from LinkedListInsertTest (0 ms total)

[----------] Global test environment tear-down
[==========] 1 test from 1 test suite ran. (0 ms total)
[  PASSED  ] 1 test.
<end of output>
Test time =   0.01 sec
----------------------------------------------------------
Test Passed.
"LinkedListInsertTest.InsertAtBeginning" end time: Jul 15 14:46 India Standard Time
"LinkedListInsertTest.InsertAtBeginning" time elapsed: 00:00:00
----------------------------------------------------------

13/95 Testing: LinkedListInsertTest.InsertInMiddle
13/95 Test: LinkedListInsertTest.InsertInMiddle
Command: "C:/Users/naman/OneDrive/Attachments/Documents/Desktop/CodeQuotient/build/DynamicArrayTests.exe" "--gtest_filter=LinkedListInsertTest.InsertInMiddle" "--gtest_also_run_disabled_tests"
Directory: C:/Users/naman/OneDrive/Attachments/Documents/Desktop/CodeQuotient/build
"LinkedListInsertTest.InsertInMiddle" start time: Jul 15 14:46 India Standard Time
Output:
----------------------------------------------------------
Running main() from C:\Users\naman\OneDrive\Attachments\Documents\Desktop\CodeQuotient\build\_deps\googletest-src\googletest\src\gtest_main.cc
Note: Google Test filter = LinkedListInsertTest.InsertInMiddle
[==========] Running 1 test from 1 test suite.
[----------] Global test environment set-up.
[----------] 1 test from LinkedListInsertTest
[ RUN      ] LinkedListInsertTest.InsertInMiddle
[       OK ] LinkedListInsertTest.InsertInMiddle (0 ms)
[----------] 1 test from LinkedListInsertTest (0 ms total)

[----------] Global test environment tear-down
[==========] 1 test from 1 test suite ran. (0 ms total)
[  PASSED  ] 1 test.
<end of output>
Test time =   0.01 sec
----------------------------------------------------------
Test Passed.
"LinkedListInsertTest.InsertInMiddle" end time: Jul 15 14:46 India Standard Time
"LinkedListInsertTest.InsertInMiddle" time elapsed: 00:00:00
----------------------------------------------------------

14/95 Testing: LinkedListInsertTest.InsertAtEnd
14/95 Test: LinkedListInsertTest.InsertAtEnd
Command: "C:/Users/naman/OneDrive/Attachments/Documents/Desktop/CodeQuotient/build/DynamicArrayTests.exe" "--gtest_filter=LinkedListInsertTest.InsertAtEnd" "--gtest_also_run_disabled_tests"
Directory: C:/Users/naman/OneDrive/Attachments/Documents/Desktop/CodeQuotient/build
"LinkedListInsertTest.InsertAtEnd" start time: Jul 15 14:46 India Standard Time
Output:
----------------------------------------------------------
Running main() from C:\Users\naman\OneDrive\Attachments\Documents\Desktop\CodeQuotient\build\_deps\googletest-src\googletest\src\gtest_main.cc
Note: Google Test filter = LinkedListInsertTest.InsertAtEnd
[==========] Running 1 test from 1 test suite.
[----------] Global test environment set-up.
[----------] 1 test from LinkedListInsertTest
[ RUN      ] LinkedListInsertTest.InsertAtEnd
[       OK ] LinkedListInsertTest.InsertAtEnd (0 ms)
[----------] 1 test from LinkedListInsertTest (0 ms total)

[----------] Global test environment tear-down
[==========] 1 test from 1 test suite ran. (0 ms total)
[  PASSED  ] 1 test.
<end of output>
Test time =   0.02 sec
----------------------------------------------------------
Test Passed.
"LinkedListInsertTest.InsertAtEnd" end time: Jul 15 14:46 India Standard Time
"LinkedListInsertTest.InsertAtEnd" time elapsed: 00:00:00
----------------------------------------------------------

15/95 Testing: LinkedListInsertTest.InsertInvalidIndex
15/95 Test: LinkedListInsertTest.InsertInvalidIndex
Command: "C:/Users/naman/OneDrive/Attachments/Documents/Desktop/CodeQuotient/build/DynamicArrayTests.exe" "--gtest_filter=LinkedListInsertTest.InsertInvalidIndex" "--gtest_also_run_disabled_tests"
Directory: C:/Users/naman/OneDrive/Attachments/Documents/Desktop/CodeQuotient/build
"LinkedListInsertTest.InsertInvalidIndex" start time: Jul 15 14:46 India Standard Time
Output:
----------------------------------------------------------
Running main() from C:\Users\naman\OneDrive\Attachments\Documents\Desktop\CodeQuotient\build\_deps\googletest-src\googletest\src\gtest_main.cc
Note: Google Test filter = LinkedListInsertTest.InsertInvalidIndex
[==========] Running 1 test from 1 test suite.
[----------] Global test environment set-up.
[----------] 1 test from LinkedListInsertTest
[ RUN      ] LinkedListInsertTest.InsertInvalidIndex
[       OK ] LinkedListInsertTest.InsertInvalidIndex (1 ms)
[----------] 1 test from LinkedListInsertTest (1 ms total)

[----------] Global test environment tear-down
[==========] 1 test from 1 test suite ran. (1 ms total)
[  PASSED  ] 1 test.
<end of output>
Test time =   0.02 sec
----------------------------------------------------------
Test Passed.
"LinkedListInsertTest.InsertInvalidIndex" end time: Jul 15 14:46 India Standard Time
"LinkedListInsertTest.InsertInvalidIndex" time elapsed: 00:00:00
----------------------------------------------------------

16/95 Testing: LinkedListInsertFrontTest.InsertIntoEmptyList
16/95 Test: LinkedListInsertFrontTest.InsertIntoEmptyList
Command: "C:/Users/naman/OneDrive/Attachments/Documents/Desktop/CodeQuotient/build/DynamicArrayTests.exe" "--gtest_filter=LinkedListInsertFrontTest.InsertIntoEmptyList" "--gtest_also_run_disabled_tests"
Directory: C:/Users/naman/OneDrive/Attachments/Documents/Desktop/CodeQuotient/build
"LinkedListInsertFrontTest.InsertIntoEmptyList" start time: Jul 15 14:46 India Standard Time
Output:
----------------------------------------------------------
Running main() from C:\Users\naman\OneDrive\Attachments\Documents\Desktop\CodeQuotient\build\_deps\googletest-src\googletest\src\gtest_main.cc
Note: Google Test filter = LinkedListInsertFrontTest.InsertIntoEmptyList
[==========] Running 1 test from 1 test suite.
[----------] Global test environment set-up.
[----------] 1 test from LinkedListInsertFrontTest
[ RUN      ] LinkedListInsertFrontTest.InsertIntoEmptyList
[       OK ] LinkedListInsertFrontTest.InsertIntoEmptyList (0 ms)
[----------] 1 test from LinkedListInsertFrontTest (0 ms total)

[----------] Global test environment tear-down
[==========] 1 test from 1 test suite ran. (0 ms total)
[  PASSED  ] 1 test.
<end of output>
Test time =   0.01 sec
----------------------------------------------------------
Test Passed.
"LinkedListInsertFrontTest.InsertIntoEmptyList" end time: Jul 15 14:46 India Standard Time
"LinkedListInsertFrontTest.InsertIntoEmptyList" time elapsed: 00:00:00
----------------------------------------------------------

17/95 Testing: LinkedListInsertFrontTest.InsertMultipleElements
17/95 Test: LinkedListInsertFrontTest.InsertMultipleElements
Command: "C:/Users/naman/OneDrive/Attachments/Documents/Desktop/CodeQuotient/build/DynamicArrayTests.exe" "--gtest_filter=LinkedListInsertFrontTest.InsertMultipleElements" "--gtest_also_run_disabled_tests"
Directory: C:/Users/naman/OneDrive/Attachments/Documents/Desktop/CodeQuotient/build
"LinkedListInsertFrontTest.InsertMultipleElements" start time: Jul 15 14:46 India Standard Time
Output:
----------------------------------------------------------
Running main() from C:\Users\naman\OneDrive\Attachments\Documents\Desktop\CodeQuotient\build\_deps\googletest-src\googletest\src\gtest_main.cc
Note: Google Test filter = LinkedListInsertFrontTest.InsertMultipleElements
[==========] Running 1 test from 1 test suite.
[----------] Global test environment set-up.
[----------] 1 test from LinkedListInsertFrontTest
[ RUN      ] LinkedListInsertFrontTest.InsertMultipleElements
[       OK ] LinkedListInsertFrontTest.InsertMultipleElements (0 ms)
[----------] 1 test from LinkedListInsertFrontTest (0 ms total)

[----------] Global test environment tear-down
[==========] 1 test from 1 test suite ran. (0 ms total)
[  PASSED  ] 1 test.
<end of output>
Test time =   0.01 sec
----------------------------------------------------------
Test Passed.
"LinkedListInsertFrontTest.InsertMultipleElements" end time: Jul 15 14:46 India Standard Time
"LinkedListInsertFrontTest.InsertMultipleElements" time elapsed: 00:00:00
----------------------------------------------------------

18/95 Testing: LinkedListInsertFrontTest.HeadUpdatedCorrectly
18/95 Test: LinkedListInsertFrontTest.HeadUpdatedCorrectly
Command: "C:/Users/naman/OneDrive/Attachments/Documents/Desktop/CodeQuotient/build/DynamicArrayTests.exe" "--gtest_filter=LinkedListInsertFrontTest.HeadUpdatedCorrectly" "--gtest_also_run_disabled_tests"
Directory: C:/Users/naman/OneDrive/Attachments/Documents/Desktop/CodeQuotient/build
"LinkedListInsertFrontTest.HeadUpdatedCorrectly" start time: Jul 15 14:46 India Standard Time
Output:
----------------------------------------------------------
Running main() from C:\Users\naman\OneDrive\Attachments\Documents\Desktop\CodeQuotient\build\_deps\googletest-src\googletest\src\gtest_main.cc
Note: Google Test filter = LinkedListInsertFrontTest.HeadUpdatedCorrectly
[==========] Running 1 test from 1 test suite.
[----------] Global test environment set-up.
[----------] 1 test from LinkedListInsertFrontTest
[ RUN      ] LinkedListInsertFrontTest.HeadUpdatedCorrectly
[       OK ] LinkedListInsertFrontTest.HeadUpdatedCorrectly (0 ms)
[----------] 1 test from LinkedListInsertFrontTest (0 ms total)

[----------] Global test environment tear-down
[==========] 1 test from 1 test suite ran. (0 ms total)
[  PASSED  ] 1 test.
<end of output>
Test time =   0.02 sec
----------------------------------------------------------
Test Passed.
"LinkedListInsertFrontTest.HeadUpdatedCorrectly" end time: Jul 15 14:46 India Standard Time
"LinkedListInsertFrontTest.HeadUpdatedCorrectly" time elapsed: 00:00:00
----------------------------------------------------------

19/95 Testing: LinkedListInsertFrontTest.TailRemainsUnchanged
19/95 Test: LinkedListInsertFrontTest.TailRemainsUnchanged
Command: "C:/Users/naman/OneDrive/Attachments/Documents/Desktop/CodeQuotient/build/DynamicArrayTests.exe" "--gtest_filter=LinkedListInsertFrontTest.TailRemainsUnchanged" "--gtest_also_run_disabled_tests"
Directory: C:/Users/naman/OneDrive/Attachments/Documents/Desktop/CodeQuotient/build
"LinkedListInsertFrontTest.TailRemainsUnchanged" start time: Jul 15 14:46 India Standard Time
Output:
----------------------------------------------------------
Running main() from C:\Users\naman\OneDrive\Attachments\Documents\Desktop\CodeQuotient\build\_deps\googletest-src\googletest\src\gtest_main.cc
Note: Google Test filter = LinkedListInsertFrontTest.TailRemainsUnchanged
[==========] Running 1 test from 1 test suite.
[----------] Global test environment set-up.
[----------] 1 test from LinkedListInsertFrontTest
[ RUN      ] LinkedListInsertFrontTest.TailRemainsUnchanged
[       OK ] LinkedListInsertFrontTest.TailRemainsUnchanged (0 ms)
[----------] 1 test from LinkedListInsertFrontTest (0 ms total)

[----------] Global test environment tear-down
[==========] 1 test from 1 test suite ran. (0 ms total)
[  PASSED  ] 1 test.
<end of output>
Test time =   0.02 sec
----------------------------------------------------------
Test Passed.
"LinkedListInsertFrontTest.TailRemainsUnchanged" end time: Jul 15 14:46 India Standard Time
"LinkedListInsertFrontTest.TailRemainsUnchanged" time elapsed: 00:00:00
----------------------------------------------------------

20/95 Testing: LinkedListInsertBackTest.InsertIntoEmptyList
20/95 Test: LinkedListInsertBackTest.InsertIntoEmptyList
Command: "C:/Users/naman/OneDrive/Attachments/Documents/Desktop/CodeQuotient/build/DynamicArrayTests.exe" "--gtest_filter=LinkedListInsertBackTest.InsertIntoEmptyList" "--gtest_also_run_disabled_tests"
Directory: C:/Users/naman/OneDrive/Attachments/Documents/Desktop/CodeQuotient/build
"LinkedListInsertBackTest.InsertIntoEmptyList" start time: Jul 15 14:46 India Standard Time
Output:
----------------------------------------------------------
Running main() from C:\Users\naman\OneDrive\Attachments\Documents\Desktop\CodeQuotient\build\_deps\googletest-src\googletest\src\gtest_main.cc
Note: Google Test filter = LinkedListInsertBackTest.InsertIntoEmptyList
[==========] Running 1 test from 1 test suite.
[----------] Global test environment set-up.
[----------] 1 test from LinkedListInsertBackTest
[ RUN      ] LinkedListInsertBackTest.InsertIntoEmptyList
[       OK ] LinkedListInsertBackTest.InsertIntoEmptyList (0 ms)
[----------] 1 test from LinkedListInsertBackTest (0 ms total)

[----------] Global test environment tear-down
[==========] 1 test from 1 test suite ran. (0 ms total)
[  PASSED  ] 1 test.
<end of output>
Test time =   0.02 sec
----------------------------------------------------------
Test Passed.
"LinkedListInsertBackTest.InsertIntoEmptyList" end time: Jul 15 14:46 India Standard Time
"LinkedListInsertBackTest.InsertIntoEmptyList" time elapsed: 00:00:00
----------------------------------------------------------

21/95 Testing: LinkedListInsertBackTest.InsertMultipleElements
21/95 Test: LinkedListInsertBackTest.InsertMultipleElements
Command: "C:/Users/naman/OneDrive/Attachments/Documents/Desktop/CodeQuotient/build/DynamicArrayTests.exe" "--gtest_filter=LinkedListInsertBackTest.InsertMultipleElements" "--gtest_also_run_disabled_tests"
Directory: C:/Users/naman/OneDrive/Attachments/Documents/Desktop/CodeQuotient/build
"LinkedListInsertBackTest.InsertMultipleElements" start time: Jul 15 14:46 India Standard Time
Output:
----------------------------------------------------------
Running main() from C:\Users\naman\OneDrive\Attachments\Documents\Desktop\CodeQuotient\build\_deps\googletest-src\googletest\src\gtest_main.cc
Note: Google Test filter = LinkedListInsertBackTest.InsertMultipleElements
[==========] Running 1 test from 1 test suite.
[----------] Global test environment set-up.
[----------] 1 test from LinkedListInsertBackTest
[ RUN      ] LinkedListInsertBackTest.InsertMultipleElements
[       OK ] LinkedListInsertBackTest.InsertMultipleElements (0 ms)
[----------] 1 test from LinkedListInsertBackTest (0 ms total)

[----------] Global test environment tear-down
[==========] 1 test from 1 test suite ran. (0 ms total)
[  PASSED  ] 1 test.
<end of output>
Test time =   0.02 sec
----------------------------------------------------------
Test Passed.
"LinkedListInsertBackTest.InsertMultipleElements" end time: Jul 15 14:46 India Standard Time
"LinkedListInsertBackTest.InsertMultipleElements" time elapsed: 00:00:00
----------------------------------------------------------

22/95 Testing: LinkedListInsertBackTest.TailUpdatedCorrectly
22/95 Test: LinkedListInsertBackTest.TailUpdatedCorrectly
Command: "C:/Users/naman/OneDrive/Attachments/Documents/Desktop/CodeQuotient/build/DynamicArrayTests.exe" "--gtest_filter=LinkedListInsertBackTest.TailUpdatedCorrectly" "--gtest_also_run_disabled_tests"
Directory: C:/Users/naman/OneDrive/Attachments/Documents/Desktop/CodeQuotient/build
"LinkedListInsertBackTest.TailUpdatedCorrectly" start time: Jul 15 14:46 India Standard Time
Output:
----------------------------------------------------------
Running main() from C:\Users\naman\OneDrive\Attachments\Documents\Desktop\CodeQuotient\build\_deps\googletest-src\googletest\src\gtest_main.cc
Note: Google Test filter = LinkedListInsertBackTest.TailUpdatedCorrectly
[==========] Running 1 test from 1 test suite.
[----------] Global test environment set-up.
[----------] 1 test from LinkedListInsertBackTest
[ RUN      ] LinkedListInsertBackTest.TailUpdatedCorrectly
[       OK ] LinkedListInsertBackTest.TailUpdatedCorrectly (0 ms)
[----------] 1 test from LinkedListInsertBackTest (0 ms total)

[----------] Global test environment tear-down
[==========] 1 test from 1 test suite ran. (0 ms total)
[  PASSED  ] 1 test.
<end of output>
Test time =   0.02 sec
----------------------------------------------------------
Test Passed.
"LinkedListInsertBackTest.TailUpdatedCorrectly" end time: Jul 15 14:46 India Standard Time
"LinkedListInsertBackTest.TailUpdatedCorrectly" time elapsed: 00:00:00
----------------------------------------------------------

23/95 Testing: LinkedListInsertBackTest.HeadRemainsUnchanged
23/95 Test: LinkedListInsertBackTest.HeadRemainsUnchanged
Command: "C:/Users/naman/OneDrive/Attachments/Documents/Desktop/CodeQuotient/build/DynamicArrayTests.exe" "--gtest_filter=LinkedListInsertBackTest.HeadRemainsUnchanged" "--gtest_also_run_disabled_tests"
Directory: C:/Users/naman/OneDrive/Attachments/Documents/Desktop/CodeQuotient/build
"LinkedListInsertBackTest.HeadRemainsUnchanged" start time: Jul 15 14:46 India Standard Time
Output:
----------------------------------------------------------
Running main() from C:\Users\naman\OneDrive\Attachments\Documents\Desktop\CodeQuotient\build\_deps\googletest-src\googletest\src\gtest_main.cc
Note: Google Test filter = LinkedListInsertBackTest.HeadRemainsUnchanged
[==========] Running 1 test from 1 test suite.
[----------] Global test environment set-up.
[----------] 1 test from LinkedListInsertBackTest
[ RUN      ] LinkedListInsertBackTest.HeadRemainsUnchanged
[       OK ] LinkedListInsertBackTest.HeadRemainsUnchanged (0 ms)
[----------] 1 test from LinkedListInsertBackTest (0 ms total)

[----------] Global test environment tear-down
[==========] 1 test from 1 test suite ran. (0 ms total)
[  PASSED  ] 1 test.
<end of output>
Test time =   0.02 sec
----------------------------------------------------------
Test Passed.
"LinkedListInsertBackTest.HeadRemainsUnchanged" end time: Jul 15 14:46 India Standard Time
"LinkedListInsertBackTest.HeadRemainsUnchanged" time elapsed: 00:00:00
----------------------------------------------------------

24/95 Testing: LinkedListGetTailTest.EmptyList
24/95 Test: LinkedListGetTailTest.EmptyList
Command: "C:/Users/naman/OneDrive/Attachments/Documents/Desktop/CodeQuotient/build/DynamicArrayTests.exe" "--gtest_filter=LinkedListGetTailTest.EmptyList" "--gtest_also_run_disabled_tests"
Directory: C:/Users/naman/OneDrive/Attachments/Documents/Desktop/CodeQuotient/build
"LinkedListGetTailTest.EmptyList" start time: Jul 15 14:46 India Standard Time
Output:
----------------------------------------------------------
Running main() from C:\Users\naman\OneDrive\Attachments\Documents\Desktop\CodeQuotient\build\_deps\googletest-src\googletest\src\gtest_main.cc
Note: Google Test filter = LinkedListGetTailTest.EmptyList
[==========] Running 1 test from 1 test suite.
[----------] Global test environment set-up.
[----------] 1 test from LinkedListGetTailTest
[ RUN      ] LinkedListGetTailTest.EmptyList
[       OK ] LinkedListGetTailTest.EmptyList (0 ms)
[----------] 1 test from LinkedListGetTailTest (0 ms total)

[----------] Global test environment tear-down
[==========] 1 test from 1 test suite ran. (0 ms total)
[  PASSED  ] 1 test.
<end of output>
Test time =   0.01 sec
----------------------------------------------------------
Test Passed.
"LinkedListGetTailTest.EmptyList" end time: Jul 15 14:46 India Standard Time
"LinkedListGetTailTest.EmptyList" time elapsed: 00:00:00
----------------------------------------------------------

25/95 Testing: LinkedListGetTailTest.SingleElement
25/95 Test: LinkedListGetTailTest.SingleElement
Command: "C:/Users/naman/OneDrive/Attachments/Documents/Desktop/CodeQuotient/build/DynamicArrayTests.exe" "--gtest_filter=LinkedListGetTailTest.SingleElement" "--gtest_also_run_disabled_tests"
Directory: C:/Users/naman/OneDrive/Attachments/Documents/Desktop/CodeQuotient/build
"LinkedListGetTailTest.SingleElement" start time: Jul 15 14:46 India Standard Time
Output:
----------------------------------------------------------
Running main() from C:\Users\naman\OneDrive\Attachments\Documents\Desktop\CodeQuotient\build\_deps\googletest-src\googletest\src\gtest_main.cc
Note: Google Test filter = LinkedListGetTailTest.SingleElement
[==========] Running 1 test from 1 test suite.
[----------] Global test environment set-up.
[----------] 1 test from LinkedListGetTailTest
[ RUN      ] LinkedListGetTailTest.SingleElement
[       OK ] LinkedListGetTailTest.SingleElement (0 ms)
[----------] 1 test from LinkedListGetTailTest (0 ms total)

[----------] Global test environment tear-down
[==========] 1 test from 1 test suite ran. (0 ms total)
[  PASSED  ] 1 test.
<end of output>
Test time =   0.01 sec
----------------------------------------------------------
Test Passed.
"LinkedListGetTailTest.SingleElement" end time: Jul 15 14:46 India Standard Time
"LinkedListGetTailTest.SingleElement" time elapsed: 00:00:00
----------------------------------------------------------

26/95 Testing: LinkedListGetTailTest.MultipleElements
26/95 Test: LinkedListGetTailTest.MultipleElements
Command: "C:/Users/naman/OneDrive/Attachments/Documents/Desktop/CodeQuotient/build/DynamicArrayTests.exe" "--gtest_filter=LinkedListGetTailTest.MultipleElements" "--gtest_also_run_disabled_tests"
Directory: C:/Users/naman/OneDrive/Attachments/Documents/Desktop/CodeQuotient/build
"LinkedListGetTailTest.MultipleElements" start time: Jul 15 14:46 India Standard Time
Output:
----------------------------------------------------------
Running main() from C:\Users\naman\OneDrive\Attachments\Documents\Desktop\CodeQuotient\build\_deps\googletest-src\googletest\src\gtest_main.cc
Note: Google Test filter = LinkedListGetTailTest.MultipleElements
[==========] Running 1 test from 1 test suite.
[----------] Global test environment set-up.
[----------] 1 test from LinkedListGetTailTest
[ RUN      ] LinkedListGetTailTest.MultipleElements
[       OK ] LinkedListGetTailTest.MultipleElements (0 ms)
[----------] 1 test from LinkedListGetTailTest (0 ms total)

[----------] Global test environment tear-down
[==========] 1 test from 1 test suite ran. (0 ms total)
[  PASSED  ] 1 test.
<end of output>
Test time =   0.01 sec
----------------------------------------------------------
Test Passed.
"LinkedListGetTailTest.MultipleElements" end time: Jul 15 14:46 India Standard Time
"LinkedListGetTailTest.MultipleElements" time elapsed: 00:00:00
----------------------------------------------------------

27/95 Testing: LinkedListGetTailTest.AfterDeletingTail
27/95 Test: LinkedListGetTailTest.AfterDeletingTail
Command: "C:/Users/naman/OneDrive/Attachments/Documents/Desktop/CodeQuotient/build/DynamicArrayTests.exe" "--gtest_filter=LinkedListGetTailTest.AfterDeletingTail" "--gtest_also_run_disabled_tests"
Directory: C:/Users/naman/OneDrive/Attachments/Documents/Desktop/CodeQuotient/build
"LinkedListGetTailTest.AfterDeletingTail" start time: Jul 15 14:46 India Standard Time
Output:
----------------------------------------------------------
Running main() from C:\Users\naman\OneDrive\Attachments\Documents\Desktop\CodeQuotient\build\_deps\googletest-src\googletest\src\gtest_main.cc
Note: Google Test filter = LinkedListGetTailTest.AfterDeletingTail
[==========] Running 1 test from 1 test suite.
[----------] Global test environment set-up.
[----------] 1 test from LinkedListGetTailTest
[ RUN      ] LinkedListGetTailTest.AfterDeletingTail
[       OK ] LinkedListGetTailTest.AfterDeletingTail (0 ms)
[----------] 1 test from LinkedListGetTailTest (0 ms total)

[----------] Global test environment tear-down
[==========] 1 test from 1 test suite ran. (0 ms total)
[  PASSED  ] 1 test.
<end of output>
Test time =   0.01 sec
----------------------------------------------------------
Test Passed.
"LinkedListGetTailTest.AfterDeletingTail" end time: Jul 15 14:46 India Standard Time
"LinkedListGetTailTest.AfterDeletingTail" time elapsed: 00:00:00
----------------------------------------------------------

28/95 Testing: LinkedListGetHeadTest.EmptyList
28/95 Test: LinkedListGetHeadTest.EmptyList
Command: "C:/Users/naman/OneDrive/Attachments/Documents/Desktop/CodeQuotient/build/DynamicArrayTests.exe" "--gtest_filter=LinkedListGetHeadTest.EmptyList" "--gtest_also_run_disabled_tests"
Directory: C:/Users/naman/OneDrive/Attachments/Documents/Desktop/CodeQuotient/build
"LinkedListGetHeadTest.EmptyList" start time: Jul 15 14:46 India Standard Time
Output:
----------------------------------------------------------
Running main() from C:\Users\naman\OneDrive\Attachments\Documents\Desktop\CodeQuotient\build\_deps\googletest-src\googletest\src\gtest_main.cc
Note: Google Test filter = LinkedListGetHeadTest.EmptyList
[==========] Running 1 test from 1 test suite.
[----------] Global test environment set-up.
[----------] 1 test from LinkedListGetHeadTest
[ RUN      ] LinkedListGetHeadTest.EmptyList
[       OK ] LinkedListGetHeadTest.EmptyList (0 ms)
[----------] 1 test from LinkedListGetHeadTest (0 ms total)

[----------] Global test environment tear-down
[==========] 1 test from 1 test suite ran. (0 ms total)
[  PASSED  ] 1 test.
<end of output>
Test time =   0.01 sec
----------------------------------------------------------
Test Passed.
"LinkedListGetHeadTest.EmptyList" end time: Jul 15 14:46 India Standard Time
"LinkedListGetHeadTest.EmptyList" time elapsed: 00:00:00
----------------------------------------------------------

29/95 Testing: LinkedListGetHeadTest.SingleElement
29/95 Test: LinkedListGetHeadTest.SingleElement
Command: "C:/Users/naman/OneDrive/Attachments/Documents/Desktop/CodeQuotient/build/DynamicArrayTests.exe" "--gtest_filter=LinkedListGetHeadTest.SingleElement" "--gtest_also_run_disabled_tests"
Directory: C:/Users/naman/OneDrive/Attachments/Documents/Desktop/CodeQuotient/build
"LinkedListGetHeadTest.SingleElement" start time: Jul 15 14:46 India Standard Time
Output:
----------------------------------------------------------
Running main() from C:\Users\naman\OneDrive\Attachments\Documents\Desktop\CodeQuotient\build\_deps\googletest-src\googletest\src\gtest_main.cc
Note: Google Test filter = LinkedListGetHeadTest.SingleElement
[==========] Running 1 test from 1 test suite.
[----------] Global test environment set-up.
[----------] 1 test from LinkedListGetHeadTest
[ RUN      ] LinkedListGetHeadTest.SingleElement
[       OK ] LinkedListGetHeadTest.SingleElement (0 ms)
[----------] 1 test from LinkedListGetHeadTest (0 ms total)

[----------] Global test environment tear-down
[==========] 1 test from 1 test suite ran. (0 ms total)
[  PASSED  ] 1 test.
<end of output>
Test time =   0.01 sec
----------------------------------------------------------
Test Passed.
"LinkedListGetHeadTest.SingleElement" end time: Jul 15 14:46 India Standard Time
"LinkedListGetHeadTest.SingleElement" time elapsed: 00:00:00
----------------------------------------------------------

30/95 Testing: LinkedListGetHeadTest.MultipleElements
30/95 Test: LinkedListGetHeadTest.MultipleElements
Command: "C:/Users/naman/OneDrive/Attachments/Documents/Desktop/CodeQuotient/build/DynamicArrayTests.exe" "--gtest_filter=LinkedListGetHeadTest.MultipleElements" "--gtest_also_run_disabled_tests"
Directory: C:/Users/naman/OneDrive/Attachments/Documents/Desktop/CodeQuotient/build
"LinkedListGetHeadTest.MultipleElements" start time: Jul 15 14:46 India Standard Time
Output:
----------------------------------------------------------
Running main() from C:\Users\naman\OneDrive\Attachments\Documents\Desktop\CodeQuotient\build\_deps\googletest-src\googletest\src\gtest_main.cc
Note: Google Test filter = LinkedListGetHeadTest.MultipleElements
[==========] Running 1 test from 1 test suite.
[----------] Global test environment set-up.
[----------] 1 test from LinkedListGetHeadTest
[ RUN      ] LinkedListGetHeadTest.MultipleElements
[       OK ] LinkedListGetHeadTest.MultipleElements (0 ms)
[----------] 1 test from LinkedListGetHeadTest (0 ms total)

[----------] Global test environment tear-down
[==========] 1 test from 1 test suite ran. (0 ms total)
[  PASSED  ] 1 test.
<end of output>
Test time =   0.01 sec
----------------------------------------------------------
Test Passed.
"LinkedListGetHeadTest.MultipleElements" end time: Jul 15 14:46 India Standard Time
"LinkedListGetHeadTest.MultipleElements" time elapsed: 00:00:00
----------------------------------------------------------

31/95 Testing: LinkedListGetHeadTest.AfterDeletingHead
31/95 Test: LinkedListGetHeadTest.AfterDeletingHead
Command: "C:/Users/naman/OneDrive/Attachments/Documents/Desktop/CodeQuotient/build/DynamicArrayTests.exe" "--gtest_filter=LinkedListGetHeadTest.AfterDeletingHead" "--gtest_also_run_disabled_tests"
Directory: C:/Users/naman/OneDrive/Attachments/Documents/Desktop/CodeQuotient/build
"LinkedListGetHeadTest.AfterDeletingHead" start time: Jul 15 14:46 India Standard Time
Output:
----------------------------------------------------------
Running main() from C:\Users\naman\OneDrive\Attachments\Documents\Desktop\CodeQuotient\build\_deps\googletest-src\googletest\src\gtest_main.cc
Note: Google Test filter = LinkedListGetHeadTest.AfterDeletingHead
[==========] Running 1 test from 1 test suite.
[----------] Global test environment set-up.
[----------] 1 test from LinkedListGetHeadTest
[ RUN      ] LinkedListGetHeadTest.AfterDeletingHead
[       OK ] LinkedListGetHeadTest.AfterDeletingHead (0 ms)
[----------] 1 test from LinkedListGetHeadTest (0 ms total)

[----------] Global test environment tear-down
[==========] 1 test from 1 test suite ran. (0 ms total)
[  PASSED  ] 1 test.
<end of output>
Test time =   0.01 sec
----------------------------------------------------------
Test Passed.
"LinkedListGetHeadTest.AfterDeletingHead" end time: Jul 15 14:46 India Standard Time
"LinkedListGetHeadTest.AfterDeletingHead" time elapsed: 00:00:00
----------------------------------------------------------

32/95 Testing: LinkedListFindNodeTest.FindHeadNode
32/95 Test: LinkedListFindNodeTest.FindHeadNode
Command: "C:/Users/naman/OneDrive/Attachments/Documents/Desktop/CodeQuotient/build/DynamicArrayTests.exe" "--gtest_filter=LinkedListFindNodeTest.FindHeadNode" "--gtest_also_run_disabled_tests"
Directory: C:/Users/naman/OneDrive/Attachments/Documents/Desktop/CodeQuotient/build
"LinkedListFindNodeTest.FindHeadNode" start time: Jul 15 14:46 India Standard Time
Output:
----------------------------------------------------------
Running main() from C:\Users\naman\OneDrive\Attachments\Documents\Desktop\CodeQuotient\build\_deps\googletest-src\googletest\src\gtest_main.cc
Note: Google Test filter = LinkedListFindNodeTest.FindHeadNode
[==========] Running 1 test from 1 test suite.
[----------] Global test environment set-up.
[----------] 1 test from LinkedListFindNodeTest
[ RUN      ] LinkedListFindNodeTest.FindHeadNode
[       OK ] LinkedListFindNodeTest.FindHeadNode (0 ms)
[----------] 1 test from LinkedListFindNodeTest (0 ms total)

[----------] Global test environment tear-down
[==========] 1 test from 1 test suite ran. (0 ms total)
[  PASSED  ] 1 test.
<end of output>
Test time =   0.01 sec
----------------------------------------------------------
Test Passed.
"LinkedListFindNodeTest.FindHeadNode" end time: Jul 15 14:46 India Standard Time
"LinkedListFindNodeTest.FindHeadNode" time elapsed: 00:00:00
----------------------------------------------------------

33/95 Testing: LinkedListFindNodeTest.FindMiddleNode
33/95 Test: LinkedListFindNodeTest.FindMiddleNode
Command: "C:/Users/naman/OneDrive/Attachments/Documents/Desktop/CodeQuotient/build/DynamicArrayTests.exe" "--gtest_filter=LinkedListFindNodeTest.FindMiddleNode" "--gtest_also_run_disabled_tests"
Directory: C:/Users/naman/OneDrive/Attachments/Documents/Desktop/CodeQuotient/build
"LinkedListFindNodeTest.FindMiddleNode" start time: Jul 15 14:46 India Standard Time
Output:
----------------------------------------------------------
Running main() from C:\Users\naman\OneDrive\Attachments\Documents\Desktop\CodeQuotient\build\_deps\googletest-src\googletest\src\gtest_main.cc
Note: Google Test filter = LinkedListFindNodeTest.FindMiddleNode
[==========] Running 1 test from 1 test suite.
[----------] Global test environment set-up.
[----------] 1 test from LinkedListFindNodeTest
[ RUN      ] LinkedListFindNodeTest.FindMiddleNode
[       OK ] LinkedListFindNodeTest.FindMiddleNode (0 ms)
[----------] 1 test from LinkedListFindNodeTest (0 ms total)

[----------] Global test environment tear-down
[==========] 1 test from 1 test suite ran. (0 ms total)
[  PASSED  ] 1 test.
<end of output>
Test time =   0.01 sec
----------------------------------------------------------
Test Passed.
"LinkedListFindNodeTest.FindMiddleNode" end time: Jul 15 14:46 India Standard Time
"LinkedListFindNodeTest.FindMiddleNode" time elapsed: 00:00:00
----------------------------------------------------------

34/95 Testing: LinkedListFindNodeTest.FindTailNode
34/95 Test: LinkedListFindNodeTest.FindTailNode
Command: "C:/Users/naman/OneDrive/Attachments/Documents/Desktop/CodeQuotient/build/DynamicArrayTests.exe" "--gtest_filter=LinkedListFindNodeTest.FindTailNode" "--gtest_also_run_disabled_tests"
Directory: C:/Users/naman/OneDrive/Attachments/Documents/Desktop/CodeQuotient/build
"LinkedListFindNodeTest.FindTailNode" start time: Jul 15 14:46 India Standard Time
Output:
----------------------------------------------------------
Running main() from C:\Users\naman\OneDrive\Attachments\Documents\Desktop\CodeQuotient\build\_deps\googletest-src\googletest\src\gtest_main.cc
Note: Google Test filter = LinkedListFindNodeTest.FindTailNode
[==========] Running 1 test from 1 test suite.
[----------] Global test environment set-up.
[----------] 1 test from LinkedListFindNodeTest
[ RUN      ] LinkedListFindNodeTest.FindTailNode
[       OK ] LinkedListFindNodeTest.FindTailNode (0 ms)
[----------] 1 test from LinkedListFindNodeTest (0 ms total)

[----------] Global test environment tear-down
[==========] 1 test from 1 test suite ran. (0 ms total)
[  PASSED  ] 1 test.
<end of output>
Test time =   0.02 sec
----------------------------------------------------------
Test Passed.
"LinkedListFindNodeTest.FindTailNode" end time: Jul 15 14:46 India Standard Time
"LinkedListFindNodeTest.FindTailNode" time elapsed: 00:00:00
----------------------------------------------------------

35/95 Testing: LinkedListFindNodeTest.FindNonExistingNode
35/95 Test: LinkedListFindNodeTest.FindNonExistingNode
Command: "C:/Users/naman/OneDrive/Attachments/Documents/Desktop/CodeQuotient/build/DynamicArrayTests.exe" "--gtest_filter=LinkedListFindNodeTest.FindNonExistingNode" "--gtest_also_run_disabled_tests"
Directory: C:/Users/naman/OneDrive/Attachments/Documents/Desktop/CodeQuotient/build
"LinkedListFindNodeTest.FindNonExistingNode" start time: Jul 15 14:46 India Standard Time
Output:
----------------------------------------------------------
Running main() from C:\Users\naman\OneDrive\Attachments\Documents\Desktop\CodeQuotient\build\_deps\googletest-src\googletest\src\gtest_main.cc
Note: Google Test filter = LinkedListFindNodeTest.FindNonExistingNode
[==========] Running 1 test from 1 test suite.
[----------] Global test environment set-up.
[----------] 1 test from LinkedListFindNodeTest
[ RUN      ] LinkedListFindNodeTest.FindNonExistingNode
[       OK ] LinkedListFindNodeTest.FindNonExistingNode (0 ms)
[----------] 1 test from LinkedListFindNodeTest (0 ms total)

[----------] Global test environment tear-down
[==========] 1 test from 1 test suite ran. (0 ms total)
[  PASSED  ] 1 test.
<end of output>
Test time =   0.02 sec
----------------------------------------------------------
Test Passed.
"LinkedListFindNodeTest.FindNonExistingNode" end time: Jul 15 14:46 India Standard Time
"LinkedListFindNodeTest.FindNonExistingNode" time elapsed: 00:00:00
----------------------------------------------------------

36/95 Testing: LinkedListDeleteFrontTest.DeleteFromSingleElementList
36/95 Test: LinkedListDeleteFrontTest.DeleteFromSingleElementList
Command: "C:/Users/naman/OneDrive/Attachments/Documents/Desktop/CodeQuotient/build/DynamicArrayTests.exe" "--gtest_filter=LinkedListDeleteFrontTest.DeleteFromSingleElementList" "--gtest_also_run_disabled_tests"
Directory: C:/Users/naman/OneDrive/Attachments/Documents/Desktop/CodeQuotient/build
"LinkedListDeleteFrontTest.DeleteFromSingleElementList" start time: Jul 15 14:46 India Standard Time
Output:
----------------------------------------------------------
Running main() from C:\Users\naman\OneDrive\Attachments\Documents\Desktop\CodeQuotient\build\_deps\googletest-src\googletest\src\gtest_main.cc
Note: Google Test filter = LinkedListDeleteFrontTest.DeleteFromSingleElementList
[==========] Running 1 test from 1 test suite.
[----------] Global test environment set-up.
[----------] 1 test from LinkedListDeleteFrontTest
[ RUN      ] LinkedListDeleteFrontTest.DeleteFromSingleElementList
[       OK ] LinkedListDeleteFrontTest.DeleteFromSingleElementList (0 ms)
[----------] 1 test from LinkedListDeleteFrontTest (0 ms total)

[----------] Global test environment tear-down
[==========] 1 test from 1 test suite ran. (0 ms total)
[  PASSED  ] 1 test.
<end of output>
Test time =   0.01 sec
----------------------------------------------------------
Test Passed.
"LinkedListDeleteFrontTest.DeleteFromSingleElementList" end time: Jul 15 14:46 India Standard Time
"LinkedListDeleteFrontTest.DeleteFromSingleElementList" time elapsed: 00:00:00
----------------------------------------------------------

37/95 Testing: LinkedListDeleteFrontTest.DeleteFromMultipleElementList
37/95 Test: LinkedListDeleteFrontTest.DeleteFromMultipleElementList
Command: "C:/Users/naman/OneDrive/Attachments/Documents/Desktop/CodeQuotient/build/DynamicArrayTests.exe" "--gtest_filter=LinkedListDeleteFrontTest.DeleteFromMultipleElementList" "--gtest_also_run_disabled_tests"
Directory: C:/Users/naman/OneDrive/Attachments/Documents/Desktop/CodeQuotient/build
"LinkedListDeleteFrontTest.DeleteFromMultipleElementList" start time: Jul 15 14:46 India Standard Time
Output:
----------------------------------------------------------
Running main() from C:\Users\naman\OneDrive\Attachments\Documents\Desktop\CodeQuotient\build\_deps\googletest-src\googletest\src\gtest_main.cc
Note: Google Test filter = LinkedListDeleteFrontTest.DeleteFromMultipleElementList
[==========] Running 1 test from 1 test suite.
[----------] Global test environment set-up.
[----------] 1 test from LinkedListDeleteFrontTest
[ RUN      ] LinkedListDeleteFrontTest.DeleteFromMultipleElementList
[       OK ] LinkedListDeleteFrontTest.DeleteFromMultipleElementList (0 ms)
[----------] 1 test from LinkedListDeleteFrontTest (0 ms total)

[----------] Global test environment tear-down
[==========] 1 test from 1 test suite ran. (0 ms total)
[  PASSED  ] 1 test.
<end of output>
Test time =   0.02 sec
----------------------------------------------------------
Test Passed.
"LinkedListDeleteFrontTest.DeleteFromMultipleElementList" end time: Jul 15 14:46 India Standard Time
"LinkedListDeleteFrontTest.DeleteFromMultipleElementList" time elapsed: 00:00:00
----------------------------------------------------------

38/95 Testing: LinkedListDeleteFrontTest.DeleteUntilEmpty
38/95 Test: LinkedListDeleteFrontTest.DeleteUntilEmpty
Command: "C:/Users/naman/OneDrive/Attachments/Documents/Desktop/CodeQuotient/build/DynamicArrayTests.exe" "--gtest_filter=LinkedListDeleteFrontTest.DeleteUntilEmpty" "--gtest_also_run_disabled_tests"
Directory: C:/Users/naman/OneDrive/Attachments/Documents/Desktop/CodeQuotient/build
"LinkedListDeleteFrontTest.DeleteUntilEmpty" start time: Jul 15 14:46 India Standard Time
Output:
----------------------------------------------------------
Running main() from C:\Users\naman\OneDrive\Attachments\Documents\Desktop\CodeQuotient\build\_deps\googletest-src\googletest\src\gtest_main.cc
Note: Google Test filter = LinkedListDeleteFrontTest.DeleteUntilEmpty
[==========] Running 1 test from 1 test suite.
[----------] Global test environment set-up.
[----------] 1 test from LinkedListDeleteFrontTest
[ RUN      ] LinkedListDeleteFrontTest.DeleteUntilEmpty
[       OK ] LinkedListDeleteFrontTest.DeleteUntilEmpty (0 ms)
[----------] 1 test from LinkedListDeleteFrontTest (0 ms total)

[----------] Global test environment tear-down
[==========] 1 test from 1 test suite ran. (0 ms total)
[  PASSED  ] 1 test.
<end of output>
Test time =   0.02 sec
----------------------------------------------------------
Test Passed.
"LinkedListDeleteFrontTest.DeleteUntilEmpty" end time: Jul 15 14:46 India Standard Time
"LinkedListDeleteFrontTest.DeleteUntilEmpty" time elapsed: 00:00:00
----------------------------------------------------------

39/95 Testing: LinkedListDeleteFrontTest.DeleteFromEmptyList
39/95 Test: LinkedListDeleteFrontTest.DeleteFromEmptyList
Command: "C:/Users/naman/OneDrive/Attachments/Documents/Desktop/CodeQuotient/build/DynamicArrayTests.exe" "--gtest_filter=LinkedListDeleteFrontTest.DeleteFromEmptyList" "--gtest_also_run_disabled_tests"
Directory: C:/Users/naman/OneDrive/Attachments/Documents/Desktop/CodeQuotient/build
"LinkedListDeleteFrontTest.DeleteFromEmptyList" start time: Jul 15 14:46 India Standard Time
Output:
----------------------------------------------------------
Running main() from C:\Users\naman\OneDrive\Attachments\Documents\Desktop\CodeQuotient\build\_deps\googletest-src\googletest\src\gtest_main.cc
Note: Google Test filter = LinkedListDeleteFrontTest.DeleteFromEmptyList
[==========] Running 1 test from 1 test suite.
[----------] Global test environment set-up.
[----------] 1 test from LinkedListDeleteFrontTest
[ RUN      ] LinkedListDeleteFrontTest.DeleteFromEmptyList
[       OK ] LinkedListDeleteFrontTest.DeleteFromEmptyList (0 ms)
[----------] 1 test from LinkedListDeleteFrontTest (0 ms total)

[----------] Global test environment tear-down
[==========] 1 test from 1 test suite ran. (0 ms total)
[  PASSED  ] 1 test.
<end of output>
Test time =   0.02 sec
----------------------------------------------------------
Test Passed.
"LinkedListDeleteFrontTest.DeleteFromEmptyList" end time: Jul 15 14:46 India Standard Time
"LinkedListDeleteFrontTest.DeleteFromEmptyList" time elapsed: 00:00:00
----------------------------------------------------------

40/95 Testing: LinkedListDeleteBackTest.DeleteFromSingleElementList
40/95 Test: LinkedListDeleteBackTest.DeleteFromSingleElementList
Command: "C:/Users/naman/OneDrive/Attachments/Documents/Desktop/CodeQuotient/build/DynamicArrayTests.exe" "--gtest_filter=LinkedListDeleteBackTest.DeleteFromSingleElementList" "--gtest_also_run_disabled_tests"
Directory: C:/Users/naman/OneDrive/Attachments/Documents/Desktop/CodeQuotient/build
"LinkedListDeleteBackTest.DeleteFromSingleElementList" start time: Jul 15 14:46 India Standard Time
Output:
----------------------------------------------------------
Running main() from C:\Users\naman\OneDrive\Attachments\Documents\Desktop\CodeQuotient\build\_deps\googletest-src\googletest\src\gtest_main.cc
Note: Google Test filter = LinkedListDeleteBackTest.DeleteFromSingleElementList
[==========] Running 1 test from 1 test suite.
[----------] Global test environment set-up.
[----------] 1 test from LinkedListDeleteBackTest
[ RUN      ] LinkedListDeleteBackTest.DeleteFromSingleElementList
[       OK ] LinkedListDeleteBackTest.DeleteFromSingleElementList (0 ms)
[----------] 1 test from LinkedListDeleteBackTest (0 ms total)

[----------] Global test environment tear-down
[==========] 1 test from 1 test suite ran. (0 ms total)
[  PASSED  ] 1 test.
<end of output>
Test time =   0.02 sec
----------------------------------------------------------
Test Passed.
"LinkedListDeleteBackTest.DeleteFromSingleElementList" end time: Jul 15 14:46 India Standard Time
"LinkedListDeleteBackTest.DeleteFromSingleElementList" time elapsed: 00:00:00
----------------------------------------------------------

41/95 Testing: LinkedListDeleteBackTest.DeleteFromMultipleElementList
41/95 Test: LinkedListDeleteBackTest.DeleteFromMultipleElementList
Command: "C:/Users/naman/OneDrive/Attachments/Documents/Desktop/CodeQuotient/build/DynamicArrayTests.exe" "--gtest_filter=LinkedListDeleteBackTest.DeleteFromMultipleElementList" "--gtest_also_run_disabled_tests"
Directory: C:/Users/naman/OneDrive/Attachments/Documents/Desktop/CodeQuotient/build
"LinkedListDeleteBackTest.DeleteFromMultipleElementList" start time: Jul 15 14:46 India Standard Time
Output:
----------------------------------------------------------
Running main() from C:\Users\naman\OneDrive\Attachments\Documents\Desktop\CodeQuotient\build\_deps\googletest-src\googletest\src\gtest_main.cc
Note: Google Test filter = LinkedListDeleteBackTest.DeleteFromMultipleElementList
[==========] Running 1 test from 1 test suite.
[----------] Global test environment set-up.
[----------] 1 test from LinkedListDeleteBackTest
[ RUN      ] LinkedListDeleteBackTest.DeleteFromMultipleElementList
[       OK ] LinkedListDeleteBackTest.DeleteFromMultipleElementList (0 ms)
[----------] 1 test from LinkedListDeleteBackTest (0 ms total)

[----------] Global test environment tear-down
[==========] 1 test from 1 test suite ran. (0 ms total)
[  PASSED  ] 1 test.
<end of output>
Test time =   0.02 sec
----------------------------------------------------------
Test Passed.
"LinkedListDeleteBackTest.DeleteFromMultipleElementList" end time: Jul 15 14:46 India Standard Time
"LinkedListDeleteBackTest.DeleteFromMultipleElementList" time elapsed: 00:00:00
----------------------------------------------------------

42/95 Testing: LinkedListDeleteBackTest.DeleteUntilEmpty
42/95 Test: LinkedListDeleteBackTest.DeleteUntilEmpty
Command: "C:/Users/naman/OneDrive/Attachments/Documents/Desktop/CodeQuotient/build/DynamicArrayTests.exe" "--gtest_filter=LinkedListDeleteBackTest.DeleteUntilEmpty" "--gtest_also_run_disabled_tests"
Directory: C:/Users/naman/OneDrive/Attachments/Documents/Desktop/CodeQuotient/build
"LinkedListDeleteBackTest.DeleteUntilEmpty" start time: Jul 15 14:46 India Standard Time
Output:
----------------------------------------------------------
Running main() from C:\Users\naman\OneDrive\Attachments\Documents\Desktop\CodeQuotient\build\_deps\googletest-src\googletest\src\gtest_main.cc
Note: Google Test filter = LinkedListDeleteBackTest.DeleteUntilEmpty
[==========] Running 1 test from 1 test suite.
[----------] Global test environment set-up.
[----------] 1 test from LinkedListDeleteBackTest
[ RUN      ] LinkedListDeleteBackTest.DeleteUntilEmpty
[       OK ] LinkedListDeleteBackTest.DeleteUntilEmpty (0 ms)
[----------] 1 test from LinkedListDeleteBackTest (0 ms total)

[----------] Global test environment tear-down
[==========] 1 test from 1 test suite ran. (0 ms total)
[  PASSED  ] 1 test.
<end of output>
Test time =   0.02 sec
----------------------------------------------------------
Test Passed.
"LinkedListDeleteBackTest.DeleteUntilEmpty" end time: Jul 15 14:46 India Standard Time
"LinkedListDeleteBackTest.DeleteUntilEmpty" time elapsed: 00:00:00
----------------------------------------------------------

43/95 Testing: LinkedListDeleteBackTest.DeleteFromEmptyList
43/95 Test: LinkedListDeleteBackTest.DeleteFromEmptyList
Command: "C:/Users/naman/OneDrive/Attachments/Documents/Desktop/CodeQuotient/build/DynamicArrayTests.exe" "--gtest_filter=LinkedListDeleteBackTest.DeleteFromEmptyList" "--gtest_also_run_disabled_tests"
Directory: C:/Users/naman/OneDrive/Attachments/Documents/Desktop/CodeQuotient/build
"LinkedListDeleteBackTest.DeleteFromEmptyList" start time: Jul 15 14:46 India Standard Time
Output:
----------------------------------------------------------
Running main() from C:\Users\naman\OneDrive\Attachments\Documents\Desktop\CodeQuotient\build\_deps\googletest-src\googletest\src\gtest_main.cc
Note: Google Test filter = LinkedListDeleteBackTest.DeleteFromEmptyList
[==========] Running 1 test from 1 test suite.
[----------] Global test environment set-up.
[----------] 1 test from LinkedListDeleteBackTest
[ RUN      ] LinkedListDeleteBackTest.DeleteFromEmptyList
[       OK ] LinkedListDeleteBackTest.DeleteFromEmptyList (0 ms)
[----------] 1 test from LinkedListDeleteBackTest (0 ms total)

[----------] Global test environment tear-down
[==========] 1 test from 1 test suite ran. (0 ms total)
[  PASSED  ] 1 test.
<end of output>
Test time =   0.02 sec
----------------------------------------------------------
Test Passed.
"LinkedListDeleteBackTest.DeleteFromEmptyList" end time: Jul 15 14:46 India Standard Time
"LinkedListDeleteBackTest.DeleteFromEmptyList" time elapsed: 00:00:00
----------------------------------------------------------

44/95 Testing: DynamicArrayUserDefinedTypeTest.AppendUserDefinedObjects
44/95 Test: DynamicArrayUserDefinedTypeTest.AppendUserDefinedObjects
Command: "C:/Users/naman/OneDrive/Attachments/Documents/Desktop/CodeQuotient/build/DynamicArrayTests.exe" "--gtest_filter=DynamicArrayUserDefinedTypeTest.AppendUserDefinedObjects" "--gtest_also_run_disabled_tests"
Directory: C:/Users/naman/OneDrive/Attachments/Documents/Desktop/CodeQuotient/build
"DynamicArrayUserDefinedTypeTest.AppendUserDefinedObjects" start time: Jul 15 14:46 India Standard Time
Output:
----------------------------------------------------------
Running main() from C:\Users\naman\OneDrive\Attachments\Documents\Desktop\CodeQuotient\build\_deps\googletest-src\googletest\src\gtest_main.cc
Note: Google Test filter = DynamicArrayUserDefinedTypeTest.AppendUserDefinedObjects
[==========] Running 1 test from 1 test suite.
[----------] Global test environment set-up.
[----------] 1 test from DynamicArrayUserDefinedTypeTest
[ RUN      ] DynamicArrayUserDefinedTypeTest.AppendUserDefinedObjects
[       OK ] DynamicArrayUserDefinedTypeTest.AppendUserDefinedObjects (0 ms)
[----------] 1 test from DynamicArrayUserDefinedTypeTest (0 ms total)

[----------] Global test environment tear-down
[==========] 1 test from 1 test suite ran. (0 ms total)
[  PASSED  ] 1 test.
<end of output>
Test time =   0.02 sec
----------------------------------------------------------
Test Passed.
"DynamicArrayUserDefinedTypeTest.AppendUserDefinedObjects" end time: Jul 15 14:46 India Standard Time
"DynamicArrayUserDefinedTypeTest.AppendUserDefinedObjects" time elapsed: 00:00:00
----------------------------------------------------------

45/95 Testing: DynamicArrayUserDefinedTypeTest.CopyConstructorCopiesObjects
45/95 Test: DynamicArrayUserDefinedTypeTest.CopyConstructorCopiesObjects
Command: "C:/Users/naman/OneDrive/Attachments/Documents/Desktop/CodeQuotient/build/DynamicArrayTests.exe" "--gtest_filter=DynamicArrayUserDefinedTypeTest.CopyConstructorCopiesObjects" "--gtest_also_run_disabled_tests"
Directory: C:/Users/naman/OneDrive/Attachments/Documents/Desktop/CodeQuotient/build
"DynamicArrayUserDefinedTypeTest.CopyConstructorCopiesObjects" start time: Jul 15 14:46 India Standard Time
Output:
----------------------------------------------------------
Running main() from C:\Users\naman\OneDrive\Attachments\Documents\Desktop\CodeQuotient\build\_deps\googletest-src\googletest\src\gtest_main.cc
Note: Google Test filter = DynamicArrayUserDefinedTypeTest.CopyConstructorCopiesObjects
[==========] Running 1 test from 1 test suite.
[----------] Global test environment set-up.
[----------] 1 test from DynamicArrayUserDefinedTypeTest
[ RUN      ] DynamicArrayUserDefinedTypeTest.CopyConstructorCopiesObjects
[       OK ] DynamicArrayUserDefinedTypeTest.CopyConstructorCopiesObjects (0 ms)
[----------] 1 test from DynamicArrayUserDefinedTypeTest (0 ms total)

[----------] Global test environment tear-down
[==========] 1 test from 1 test suite ran. (0 ms total)
[  PASSED  ] 1 test.
<end of output>
Test time =   0.01 sec
----------------------------------------------------------
Test Passed.
"DynamicArrayUserDefinedTypeTest.CopyConstructorCopiesObjects" end time: Jul 15 14:46 India Standard Time
"DynamicArrayUserDefinedTypeTest.CopyConstructorCopiesObjects" time elapsed: 00:00:00
----------------------------------------------------------

46/95 Testing: DynamicArrayUserDefinedTypeTest.CopyConstructorPerformsDeepCopy
46/95 Test: DynamicArrayUserDefinedTypeTest.CopyConstructorPerformsDeepCopy
Command: "C:/Users/naman/OneDrive/Attachments/Documents/Desktop/CodeQuotient/build/DynamicArrayTests.exe" "--gtest_filter=DynamicArrayUserDefinedTypeTest.CopyConstructorPerformsDeepCopy" "--gtest_also_run_disabled_tests"
Directory: C:/Users/naman/OneDrive/Attachments/Documents/Desktop/CodeQuotient/build
"DynamicArrayUserDefinedTypeTest.CopyConstructorPerformsDeepCopy" start time: Jul 15 14:46 India Standard Time
Output:
----------------------------------------------------------
Running main() from C:\Users\naman\OneDrive\Attachments\Documents\Desktop\CodeQuotient\build\_deps\googletest-src\googletest\src\gtest_main.cc
Note: Google Test filter = DynamicArrayUserDefinedTypeTest.CopyConstructorPerformsDeepCopy
[==========] Running 1 test from 1 test suite.
[----------] Global test environment set-up.
[----------] 1 test from DynamicArrayUserDefinedTypeTest
[ RUN      ] DynamicArrayUserDefinedTypeTest.CopyConstructorPerformsDeepCopy
[       OK ] DynamicArrayUserDefinedTypeTest.CopyConstructorPerformsDeepCopy (0 ms)
[----------] 1 test from DynamicArrayUserDefinedTypeTest (0 ms total)

[----------] Global test environment tear-down
[==========] 1 test from 1 test suite ran. (0 ms total)
[  PASSED  ] 1 test.
<end of output>
Test time =   0.01 sec
----------------------------------------------------------
Test Passed.
"DynamicArrayUserDefinedTypeTest.CopyConstructorPerformsDeepCopy" end time: Jul 15 14:46 India Standard Time
"DynamicArrayUserDefinedTypeTest.CopyConstructorPerformsDeepCopy" time elapsed: 00:00:00
----------------------------------------------------------

47/95 Testing: DynamicArrayUserDefinedTypeTest.AssignmentOperatorCopiesObjects
47/95 Test: DynamicArrayUserDefinedTypeTest.AssignmentOperatorCopiesObjects
Command: "C:/Users/naman/OneDrive/Attachments/Documents/Desktop/CodeQuotient/build/DynamicArrayTests.exe" "--gtest_filter=DynamicArrayUserDefinedTypeTest.AssignmentOperatorCopiesObjects" "--gtest_also_run_disabled_tests"
Directory: C:/Users/naman/OneDrive/Attachments/Documents/Desktop/CodeQuotient/build
"DynamicArrayUserDefinedTypeTest.AssignmentOperatorCopiesObjects" start time: Jul 15 14:46 India Standard Time
Output:
----------------------------------------------------------
Running main() from C:\Users\naman\OneDrive\Attachments\Documents\Desktop\CodeQuotient\build\_deps\googletest-src\googletest\src\gtest_main.cc
Note: Google Test filter = DynamicArrayUserDefinedTypeTest.AssignmentOperatorCopiesObjects
[==========] Running 1 test from 1 test suite.
[----------] Global test environment set-up.
[----------] 1 test from DynamicArrayUserDefinedTypeTest
[ RUN      ] DynamicArrayUserDefinedTypeTest.AssignmentOperatorCopiesObjects
[       OK ] DynamicArrayUserDefinedTypeTest.AssignmentOperatorCopiesObjects (0 ms)
[----------] 1 test from DynamicArrayUserDefinedTypeTest (0 ms total)

[----------] Global test environment tear-down
[==========] 1 test from 1 test suite ran. (0 ms total)
[  PASSED  ] 1 test.
<end of output>
Test time =   0.02 sec
----------------------------------------------------------
Test Passed.
"DynamicArrayUserDefinedTypeTest.AssignmentOperatorCopiesObjects" end time: Jul 15 14:46 India Standard Time
"DynamicArrayUserDefinedTypeTest.AssignmentOperatorCopiesObjects" time elapsed: 00:00:00
----------------------------------------------------------

48/95 Testing: DynamicArrayUserDefinedTypeTest.AssignmentOperatorPerformsDeepCopy
48/95 Test: DynamicArrayUserDefinedTypeTest.AssignmentOperatorPerformsDeepCopy
Command: "C:/Users/naman/OneDrive/Attachments/Documents/Desktop/CodeQuotient/build/DynamicArrayTests.exe" "--gtest_filter=DynamicArrayUserDefinedTypeTest.AssignmentOperatorPerformsDeepCopy" "--gtest_also_run_disabled_tests"
Directory: C:/Users/naman/OneDrive/Attachments/Documents/Desktop/CodeQuotient/build
"DynamicArrayUserDefinedTypeTest.AssignmentOperatorPerformsDeepCopy" start time: Jul 15 14:46 India Standard Time
Output:
----------------------------------------------------------
Running main() from C:\Users\naman\OneDrive\Attachments\Documents\Desktop\CodeQuotient\build\_deps\googletest-src\googletest\src\gtest_main.cc
Note: Google Test filter = DynamicArrayUserDefinedTypeTest.AssignmentOperatorPerformsDeepCopy
[==========] Running 1 test from 1 test suite.
[----------] Global test environment set-up.
[----------] 1 test from DynamicArrayUserDefinedTypeTest
[ RUN      ] DynamicArrayUserDefinedTypeTest.AssignmentOperatorPerformsDeepCopy
[       OK ] DynamicArrayUserDefinedTypeTest.AssignmentOperatorPerformsDeepCopy (0 ms)
[----------] 1 test from DynamicArrayUserDefinedTypeTest (0 ms total)

[----------] Global test environment tear-down
[==========] 1 test from 1 test suite ran. (0 ms total)
[  PASSED  ] 1 test.
<end of output>
Test time =   0.01 sec
----------------------------------------------------------
Test Passed.
"DynamicArrayUserDefinedTypeTest.AssignmentOperatorPerformsDeepCopy" end time: Jul 15 14:46 India Standard Time
"DynamicArrayUserDefinedTypeTest.AssignmentOperatorPerformsDeepCopy" time elapsed: 00:00:00
----------------------------------------------------------

49/95 Testing: DynamicArrayUserDefinedTypeTest.SelfAssignment
49/95 Test: DynamicArrayUserDefinedTypeTest.SelfAssignment
Command: "C:/Users/naman/OneDrive/Attachments/Documents/Desktop/CodeQuotient/build/DynamicArrayTests.exe" "--gtest_filter=DynamicArrayUserDefinedTypeTest.SelfAssignment" "--gtest_also_run_disabled_tests"
Directory: C:/Users/naman/OneDrive/Attachments/Documents/Desktop/CodeQuotient/build
"DynamicArrayUserDefinedTypeTest.SelfAssignment" start time: Jul 15 14:46 India Standard Time
Output:
----------------------------------------------------------
Running main() from C:\Users\naman\OneDrive\Attachments\Documents\Desktop\CodeQuotient\build\_deps\googletest-src\googletest\src\gtest_main.cc
Note: Google Test filter = DynamicArrayUserDefinedTypeTest.SelfAssignment
[==========] Running 1 test from 1 test suite.
[----------] Global test environment set-up.
[----------] 1 test from DynamicArrayUserDefinedTypeTest
[ RUN      ] DynamicArrayUserDefinedTypeTest.SelfAssignment
[       OK ] DynamicArrayUserDefinedTypeTest.SelfAssignment (0 ms)
[----------] 1 test from DynamicArrayUserDefinedTypeTest (0 ms total)

[----------] Global test environment tear-down
[==========] 1 test from 1 test suite ran. (0 ms total)
[  PASSED  ] 1 test.
<end of output>
Test time =   0.01 sec
----------------------------------------------------------
Test Passed.
"DynamicArrayUserDefinedTypeTest.SelfAssignment" end time: Jul 15 14:46 India Standard Time
"DynamicArrayUserDefinedTypeTest.SelfAssignment" time elapsed: 00:00:00
----------------------------------------------------------

50/95 Testing: DynamicArrayUserDefinedTypeTest.ResizePreservesObjects
50/95 Test: DynamicArrayUserDefinedTypeTest.ResizePreservesObjects
Command: "C:/Users/naman/OneDrive/Attachments/Documents/Desktop/CodeQuotient/build/DynamicArrayTests.exe" "--gtest_filter=DynamicArrayUserDefinedTypeTest.ResizePreservesObjects" "--gtest_also_run_disabled_tests"
Directory: C:/Users/naman/OneDrive/Attachments/Documents/Desktop/CodeQuotient/build
"DynamicArrayUserDefinedTypeTest.ResizePreservesObjects" start time: Jul 15 14:46 India Standard Time
Output:
----------------------------------------------------------
Running main() from C:\Users\naman\OneDrive\Attachments\Documents\Desktop\CodeQuotient\build\_deps\googletest-src\googletest\src\gtest_main.cc
Note: Google Test filter = DynamicArrayUserDefinedTypeTest.ResizePreservesObjects
[==========] Running 1 test from 1 test suite.
[----------] Global test environment set-up.
[----------] 1 test from DynamicArrayUserDefinedTypeTest
[ RUN      ] DynamicArrayUserDefinedTypeTest.ResizePreservesObjects
[       OK ] DynamicArrayUserDefinedTypeTest.ResizePreservesObjects (0 ms)
[----------] 1 test from DynamicArrayUserDefinedTypeTest (0 ms total)

[----------] Global test environment tear-down
[==========] 1 test from 1 test suite ran. (0 ms total)
[  PASSED  ] 1 test.
<end of output>
Test time =   0.02 sec
----------------------------------------------------------
Test Passed.
"DynamicArrayUserDefinedTypeTest.ResizePreservesObjects" end time: Jul 15 14:46 India Standard Time
"DynamicArrayUserDefinedTypeTest.ResizePreservesObjects" time elapsed: 00:00:00
----------------------------------------------------------

51/95 Testing: DynamicArrayUserDefinedTypeTest.CopyAndOriginalRemainIndependent
51/95 Test: DynamicArrayUserDefinedTypeTest.CopyAndOriginalRemainIndependent
Command: "C:/Users/naman/OneDrive/Attachments/Documents/Desktop/CodeQuotient/build/DynamicArrayTests.exe" "--gtest_filter=DynamicArrayUserDefinedTypeTest.CopyAndOriginalRemainIndependent" "--gtest_also_run_disabled_tests"
Directory: C:/Users/naman/OneDrive/Attachments/Documents/Desktop/CodeQuotient/build
"DynamicArrayUserDefinedTypeTest.CopyAndOriginalRemainIndependent" start time: Jul 15 14:46 India Standard Time
Output:
----------------------------------------------------------
Running main() from C:\Users\naman\OneDrive\Attachments\Documents\Desktop\CodeQuotient\build\_deps\googletest-src\googletest\src\gtest_main.cc
Note: Google Test filter = DynamicArrayUserDefinedTypeTest.CopyAndOriginalRemainIndependent
[==========] Running 1 test from 1 test suite.
[----------] Global test environment set-up.
[----------] 1 test from DynamicArrayUserDefinedTypeTest
[ RUN      ] DynamicArrayUserDefinedTypeTest.CopyAndOriginalRemainIndependent
[       OK ] DynamicArrayUserDefinedTypeTest.CopyAndOriginalRemainIndependent (0 ms)
[----------] 1 test from DynamicArrayUserDefinedTypeTest (0 ms total)

[----------] Global test environment tear-down
[==========] 1 test from 1 test suite ran. (0 ms total)
[  PASSED  ] 1 test.
<end of output>
Test time =   0.01 sec
----------------------------------------------------------
Test Passed.
"DynamicArrayUserDefinedTypeTest.CopyAndOriginalRemainIndependent" end time: Jul 15 14:46 India Standard Time
"DynamicArrayUserDefinedTypeTest.CopyAndOriginalRemainIndependent" time elapsed: 00:00:00
----------------------------------------------------------

52/95 Testing: DynamicArrayUserDefinedTypeTest.EmptyArrayCopyConstructor
52/95 Test: DynamicArrayUserDefinedTypeTest.EmptyArrayCopyConstructor
Command: "C:/Users/naman/OneDrive/Attachments/Documents/Desktop/CodeQuotient/build/DynamicArrayTests.exe" "--gtest_filter=DynamicArrayUserDefinedTypeTest.EmptyArrayCopyConstructor" "--gtest_also_run_disabled_tests"
Directory: C:/Users/naman/OneDrive/Attachments/Documents/Desktop/CodeQuotient/build
"DynamicArrayUserDefinedTypeTest.EmptyArrayCopyConstructor" start time: Jul 15 14:46 India Standard Time
Output:
[...]
----------------------------------------------------------
Running main() from C:\Users\naman\OneDrive\Attachments\Documents\Desktop\CodeQuotient\build\_deps\googletest-src\googletest\src\gtest_main.cc
Note: Google Test filter = DynamicArrayTest.CopyConstructorHandlesEmptyArray
[==========] Running 1 test from 1 test suite.
[----------] Global test environment set-up.
[----------] 1 test from DynamicArrayTest
[ RUN      ] DynamicArrayTest.CopyConstructorHandlesEmptyArray
[       OK ] DynamicArrayTest.CopyConstructorHandlesEmptyArray (0 ms)
[----------] 1 test from DynamicArrayTest (0 ms total)

[----------] Global test environment tear-down
[==========] 1 test from 1 test suite ran. (0 ms total)
[  PASSED  ] 1 test.
<end of output>
Test time =   0.01 sec
----------------------------------------------------------
Test Passed.
"DynamicArrayTest.CopyConstructorHandlesEmptyArray" end time: Jul 15 14:46 India Standard Time
"DynamicArrayTest.CopyConstructorHandlesEmptyArray" time elapsed: 00:00:00
----------------------------------------------------------

84/95 Testing: DynamicArrayTest.CopyConstructorCreatesIndependentObject
84/95 Test: DynamicArrayTest.CopyConstructorCreatesIndependentObject
Command: "C:/Users/naman/OneDrive/Attachments/Documents/Desktop/CodeQuotient/build/DynamicArrayTests.exe" "--gtest_filter=DynamicArrayTest.CopyConstructorCreatesIndependentObject" "--gtest_also_run_disabled_tests"
Directory: C:/Users/naman/OneDrive/Attachments/Documents/Desktop/CodeQuotient/build
"DynamicArrayTest.CopyConstructorCreatesIndependentObject" start time: Jul 15 14:46 India Standard Time
Output:
----------------------------------------------------------
Running main() from C:\Users\naman\OneDrive\Attachments\Documents\Desktop\CodeQuotient\build\_deps\googletest-src\googletest\src\gtest_main.cc
Note: Google Test filter = DynamicArrayTest.CopyConstructorCreatesIndependentObject
[==========] Running 1 test from 1 test suite.
[----------] Global test environment set-up.
[----------] 1 test from DynamicArrayTest
[ RUN      ] DynamicArrayTest.CopyConstructorCreatesIndependentObject
[       OK ] DynamicArrayTest.CopyConstructorCreatesIndependentObject (0 ms)
[----------] 1 test from DynamicArrayTest (0 ms total)

[----------] Global test environment tear-down
[==========] 1 test from 1 test suite ran. (0 ms total)
[  PASSED  ] 1 test.
<end of output>
Test time =   0.02 sec
----------------------------------------------------------
Test Passed.
"DynamicArrayTest.CopyConstructorCreatesIndependentObject" end time: Jul 15 14:46 India Standard Time
"DynamicArrayTest.CopyConstructorCreatesIndependentObject" time elapsed: 00:00:00
----------------------------------------------------------

85/95 Testing: DynamicArrayTest.AssignmentOperatorCopiesSize
85/95 Test: DynamicArrayTest.AssignmentOperatorCopiesSize
Command: "C:/Users/naman/OneDrive/Attachments/Documents/Desktop/CodeQuotient/build/DynamicArrayTests.exe" "--gtest_filter=DynamicArrayTest.AssignmentOperatorCopiesSize" "--gtest_also_run_disabled_tests"
Directory: C:/Users/naman/OneDrive/Attachments/Documents/Desktop/CodeQuotient/build
"DynamicArrayTest.AssignmentOperatorCopiesSize" start time: Jul 15 14:46 India Standard Time
Output:
----------------------------------------------------------
Running main() from C:\Users\naman\OneDrive\Attachments\Documents\Desktop\CodeQuotient\build\_deps\googletest-src\googletest\src\gtest_main.cc
Note: Google Test filter = DynamicArrayTest.AssignmentOperatorCopiesSize
[==========] Running 1 test from 1 test suite.
[----------] Global test environment set-up.
[----------] 1 test from DynamicArrayTest
[ RUN      ] DynamicArrayTest.AssignmentOperatorCopiesSize
[       OK ] DynamicArrayTest.AssignmentOperatorCopiesSize (0 ms)
[----------] 1 test from DynamicArrayTest (0 ms total)

[----------] Global test environment tear-down
[==========] 1 test from 1 test suite ran. (0 ms total)
[  PASSED  ] 1 test.
<end of output>
Test time =   0.01 sec
----------------------------------------------------------
Test Passed.
"DynamicArrayTest.AssignmentOperatorCopiesSize" end time: Jul 15 14:46 India Standard Time
"DynamicArrayTest.AssignmentOperatorCopiesSize" time elapsed: 00:00:00
----------------------------------------------------------

86/95 Testing: DynamicArrayTest.AssignmentOperatorCopiesCapacity
86/95 Test: DynamicArrayTest.AssignmentOperatorCopiesCapacity
Command: "C:/Users/naman/OneDrive/Attachments/Documents/Desktop/CodeQuotient/build/DynamicArrayTests.exe" "--gtest_filter=DynamicArrayTest.AssignmentOperatorCopiesCapacity" "--gtest_also_run_disabled_tests"
Directory: C:/Users/naman/OneDrive/Attachments/Documents/Desktop/CodeQuotient/build
"DynamicArrayTest.AssignmentOperatorCopiesCapacity" start time: Jul 15 14:46 India Standard Time
Output:
----------------------------------------------------------
Running main() from C:\Users\naman\OneDrive\Attachments\Documents\Desktop\CodeQuotient\build\_deps\googletest-src\googletest\src\gtest_main.cc
Note: Google Test filter = DynamicArrayTest.AssignmentOperatorCopiesCapacity
[==========] Running 1 test from 1 test suite.
[----------] Global test environment set-up.
[----------] 1 test from DynamicArrayTest
[ RUN      ] DynamicArrayTest.AssignmentOperatorCopiesCapacity
[       OK ] DynamicArrayTest.AssignmentOperatorCopiesCapacity (0 ms)
[----------] 1 test from DynamicArrayTest (0 ms total)

[----------] Global test environment tear-down
[==========] 1 test from 1 test suite ran. (0 ms total)
[  PASSED  ] 1 test.
<end of output>
Test time =   0.02 sec
----------------------------------------------------------
Test Passed.
"DynamicArrayTest.AssignmentOperatorCopiesCapacity" end time: Jul 15 14:46 India Standard Time
"DynamicArrayTest.AssignmentOperatorCopiesCapacity" time elapsed: 00:00:00
----------------------------------------------------------

87/95 Testing: DynamicArrayTest.AssignmentOperatorCopiesElements
87/95 Test: DynamicArrayTest.AssignmentOperatorCopiesElements
Command: "C:/Users/naman/OneDrive/Attachments/Documents/Desktop/CodeQuotient/build/DynamicArrayTests.exe" "--gtest_filter=DynamicArrayTest.AssignmentOperatorCopiesElements" "--gtest_also_run_disabled_tests"
Directory: C:/Users/naman/OneDrive/Attachments/Documents/Desktop/CodeQuotient/build
"DynamicArrayTest.AssignmentOperatorCopiesElements" start time: Jul 15 14:46 India Standard Time
Output:
----------------------------------------------------------
Running main() from C:\Users\naman\OneDrive\Attachments\Documents\Desktop\CodeQuotient\build\_deps\googletest-src\googletest\src\gtest_main.cc
Note: Google Test filter = DynamicArrayTest.AssignmentOperatorCopiesElements
[==========] Running 1 test from 1 test suite.
[----------] Global test environment set-up.
[----------] 1 test from DynamicArrayTest
[ RUN      ] DynamicArrayTest.AssignmentOperatorCopiesElements
[       OK ] DynamicArrayTest.AssignmentOperatorCopiesElements (0 ms)
[----------] 1 test from DynamicArrayTest (0 ms total)

[----------] Global test environment tear-down
[==========] 1 test from 1 test suite ran. (0 ms total)
[  PASSED  ] 1 test.
<end of output>
Test time =   0.01 sec
----------------------------------------------------------
Test Passed.
"DynamicArrayTest.AssignmentOperatorCopiesElements" end time: Jul 15 14:46 India Standard Time
"DynamicArrayTest.AssignmentOperatorCopiesElements" time elapsed: 00:00:00
----------------------------------------------------------

88/95 Testing: DynamicArrayTest.AssignmentOperatorPerformsDeepCopy
88/95 Test: DynamicArrayTest.AssignmentOperatorPerformsDeepCopy
Command: "C:/Users/naman/OneDrive/Attachments/Documents/Desktop/CodeQuotient/build/DynamicArrayTests.exe" "--gtest_filter=DynamicArrayTest.AssignmentOperatorPerformsDeepCopy" "--gtest_also_run_disabled_tests"
Directory: C:/Users/naman/OneDrive/Attachments/Documents/Desktop/CodeQuotient/build
"DynamicArrayTest.AssignmentOperatorPerformsDeepCopy" start time: Jul 15 14:46 India Standard Time
Output:
----------------------------------------------------------
Running main() from C:\Users\naman\OneDrive\Attachments\Documents\Desktop\CodeQuotient\build\_deps\googletest-src\googletest\src\gtest_main.cc
Note: Google Test filter = DynamicArrayTest.AssignmentOperatorPerformsDeepCopy
[==========] Running 1 test from 1 test suite.
[----------] Global test environment set-up.
[----------] 1 test from DynamicArrayTest
[ RUN      ] DynamicArrayTest.AssignmentOperatorPerformsDeepCopy
[       OK ] DynamicArrayTest.AssignmentOperatorPerformsDeepCopy (0 ms)
[----------] 1 test from DynamicArrayTest (0 ms total)

[----------] Global test environment tear-down
[==========] 1 test from 1 test suite ran. (0 ms total)
[  PASSED  ] 1 test.
<end of output>
Test time =   0.02 sec
----------------------------------------------------------
Test Passed.
"DynamicArrayTest.AssignmentOperatorPerformsDeepCopy" end time: Jul 15 14:46 India Standard Time
"DynamicArrayTest.AssignmentOperatorPerformsDeepCopy" time elapsed: 00:00:00
----------------------------------------------------------

89/95 Testing: DynamicArrayTest.AssignmentOperatorHandlesEmptyArray
89/95 Test: DynamicArrayTest.AssignmentOperatorHandlesEmptyArray
Command: "C:/Users/naman/OneDrive/Attachments/Documents/Desktop/CodeQuotient/build/DynamicArrayTests.exe" "--gtest_filter=DynamicArrayTest.AssignmentOperatorHandlesEmptyArray" "--gtest_also_run_disabled_tests"
Directory: C:/Users/naman/OneDrive/Attachments/Documents/Desktop/CodeQuotient/build
"DynamicArrayTest.AssignmentOperatorHandlesEmptyArray" start time: Jul 15 14:46 India Standard Time
Output:
----------------------------------------------------------
Running main() from C:\Users\naman\OneDrive\Attachments\Documents\Desktop\CodeQuotient\build\_deps\googletest-src\googletest\src\gtest_main.cc
Note: Google Test filter = DynamicArrayTest.AssignmentOperatorHandlesEmptyArray
[==========] Running 1 test from 1 test suite.
[----------] Global test environment set-up.
[----------] 1 test from DynamicArrayTest
[ RUN      ] DynamicArrayTest.AssignmentOperatorHandlesEmptyArray
[       OK ] DynamicArrayTest.AssignmentOperatorHandlesEmptyArray (0 ms)
[----------] 1 test from DynamicArrayTest (0 ms total)

[----------] Global test environment tear-down
[==========] 1 test from 1 test suite ran. (0 ms total)
[  PASSED  ] 1 test.
<end of output>
Test time =   0.02 sec
----------------------------------------------------------
Test Passed.
"DynamicArrayTest.AssignmentOperatorHandlesEmptyArray" end time: Jul 15 14:46 India Standard Time
"DynamicArrayTest.AssignmentOperatorHandlesEmptyArray" time elapsed: 00:00:00
----------------------------------------------------------

90/95 Testing: DynamicArrayTest.AssignmentOperatorCreatesIndependentObject
90/95 Test: DynamicArrayTest.AssignmentOperatorCreatesIndependentObject
Command: "C:/Users/naman/OneDrive/Attachments/Documents/Desktop/CodeQuotient/build/DynamicArrayTests.exe" "--gtest_filter=DynamicArrayTest.AssignmentOperatorCreatesIndependentObject" "--gtest_also_run_disabled_tests"
Directory: C:/Users/naman/OneDrive/Attachments/Documents/Desktop/CodeQuotient/build
"DynamicArrayTest.AssignmentOperatorCreatesIndependentObject" start time: Jul 15 14:46 India Standard Time
Output:
----------------------------------------------------------
Running main() from C:\Users\naman\OneDrive\Attachments\Documents\Desktop\CodeQuotient\build\_deps\googletest-src\googletest\src\gtest_main.cc
Note: Google Test filter = DynamicArrayTest.AssignmentOperatorCreatesIndependentObject
[==========] Running 1 test from 1 test suite.
[----------] Global test environment set-up.
[----------] 1 test from DynamicArrayTest
[ RUN      ] DynamicArrayTest.AssignmentOperatorCreatesIndependentObject
[       OK ] DynamicArrayTest.AssignmentOperatorCreatesIndependentObject (0 ms)
[----------] 1 test from DynamicArrayTest (0 ms total)

[----------] Global test environment tear-down
[==========] 1 test from 1 test suite ran. (0 ms total)
[  PASSED  ] 1 test.
<end of output>
Test time =   0.02 sec
----------------------------------------------------------
Test Passed.
"DynamicArrayTest.AssignmentOperatorCreatesIndependentObject" end time: Jul 15 14:46 India Standard Time
"DynamicArrayTest.AssignmentOperatorCreatesIndependentObject" time elapsed: 00:00:00
----------------------------------------------------------

91/95 Testing: DynamicArrayTest.AssignmentOperatorHandlesSelfAssignment
91/95 Test: DynamicArrayTest.AssignmentOperatorHandlesSelfAssignment
Command: "C:/Users/naman/OneDrive/Attachments/Documents/Desktop/CodeQuotient/build/DynamicArrayTests.exe" "--gtest_filter=DynamicArrayTest.AssignmentOperatorHandlesSelfAssignment" "--gtest_also_run_disabled_tests"
Directory: C:/Users/naman/OneDrive/Attachments/Documents/Desktop/CodeQuotient/build
"DynamicArrayTest.AssignmentOperatorHandlesSelfAssignment" start time: Jul 15 14:46 India Standard Time
Output:
----------------------------------------------------------
Running main() from C:\Users\naman\OneDrive\Attachments\Documents\Desktop\CodeQuotient\build\_deps\googletest-src\googletest\src\gtest_main.cc
Note: Google Test filter = DynamicArrayTest.AssignmentOperatorHandlesSelfAssignment
[==========] Running 1 test from 1 test suite.
[----------] Global test environment set-up.
[----------] 1 test from DynamicArrayTest
[ RUN      ] DynamicArrayTest.AssignmentOperatorHandlesSelfAssignment
[       OK ] DynamicArrayTest.AssignmentOperatorHandlesSelfAssignment (0 ms)
[----------] 1 test from DynamicArrayTest (0 ms total)

[----------] Global test environment tear-down
[==========] 1 test from 1 test suite ran. (0 ms total)
[  PASSED  ] 1 test.
<end of output>
Test time =   0.02 sec
----------------------------------------------------------
Test Passed.
"DynamicArrayTest.AssignmentOperatorHandlesSelfAssignment" end time: Jul 15 14:46 India Standard Time
"DynamicArrayTest.AssignmentOperatorHandlesSelfAssignment" time elapsed: 00:00:00
----------------------------------------------------------

92/95 Testing: DynamicArrayTest.AppendSingleString
92/95 Test: DynamicArrayTest.AppendSingleString
Command: "C:/Users/naman/OneDrive/Attachments/Documents/Desktop/CodeQuotient/build/DynamicArrayTests.exe" "--gtest_filter=DynamicArrayTest.AppendSingleString" "--gtest_also_run_disabled_tests"
Directory: C:/Users/naman/OneDrive/Attachments/Documents/Desktop/CodeQuotient/build
"DynamicArrayTest.AppendSingleString" start time: Jul 15 14:46 India Standard Time
Output:
----------------------------------------------------------
Running main() from C:\Users\naman\OneDrive\Attachments\Documents\Desktop\CodeQuotient\build\_deps\googletest-src\googletest\src\gtest_main.cc
Note: Google Test filter = DynamicArrayTest.AppendSingleString
[==========] Running 1 test from 1 test suite.
[----------] Global test environment set-up.
[----------] 1 test from DynamicArrayTest
[ RUN      ] DynamicArrayTest.AppendSingleString
[       OK ] DynamicArrayTest.AppendSingleString (0 ms)
[----------] 1 test from DynamicArrayTest (0 ms total)

[----------] Global test environment tear-down
[==========] 1 test from 1 test suite ran. (0 ms total)
[  PASSED  ] 1 test.
<end of output>
Test time =   0.02 sec
----------------------------------------------------------
Test Passed.
"DynamicArrayTest.AppendSingleString" end time: Jul 15 14:46 India Standard Time
"DynamicArrayTest.AppendSingleString" time elapsed: 00:00:00
----------------------------------------------------------

93/95 Testing: DynamicArrayTest.AppendMultipleStrings
93/95 Test: DynamicArrayTest.AppendMultipleStrings
Command: "C:/Users/naman/OneDrive/Attachments/Documents/Desktop/CodeQuotient/build/DynamicArrayTests.exe" "--gtest_filter=DynamicArrayTest.AppendMultipleStrings" "--gtest_also_run_disabled_tests"
Directory: C:/Users/naman/OneDrive/Attachments/Documents/Desktop/CodeQuotient/build
"DynamicArrayTest.AppendMultipleStrings" start time: Jul 15 14:46 India Standard Time
Output:
----------------------------------------------------------
Running main() from C:\Users\naman\OneDrive\Attachments\Documents\Desktop\CodeQuotient\build\_deps\googletest-src\googletest\src\gtest_main.cc
Note: Google Test filter = DynamicArrayTest.AppendMultipleStrings
[==========] Running 1 test from 1 test suite.
[----------] Global test environment set-up.
[----------] 1 test from DynamicArrayTest
[ RUN      ] DynamicArrayTest.AppendMultipleStrings
[       OK ] DynamicArrayTest.AppendMultipleStrings (0 ms)
[----------] 1 test from DynamicArrayTest (0 ms total)

[----------] Global test environment tear-down
[==========] 1 test from 1 test suite ran. (0 ms total)
[  PASSED  ] 1 test.
<end of output>
Test time =   0.02 sec
----------------------------------------------------------
Test Passed.
"DynamicArrayTest.AppendMultipleStrings" end time: Jul 15 14:46 India Standard Time
"DynamicArrayTest.AppendMultipleStrings" time elapsed: 00:00:00
----------------------------------------------------------

94/95 Testing: DynamicArrayTest.AppendDuplicateStrings
94/95 Test: DynamicArrayTest.AppendDuplicateStrings
Command: "C:/Users/naman/OneDrive/Attachments/Documents/Desktop/CodeQuotient/build/DynamicArrayTests.exe" "--gtest_filter=DynamicArrayTest.AppendDuplicateStrings" "--gtest_also_run_disabled_tests"
Directory: C:/Users/naman/OneDrive/Attachments/Documents/Desktop/CodeQuotient/build
"DynamicArrayTest.AppendDuplicateStrings" start time: Jul 15 14:46 India Standard Time
Output:
----------------------------------------------------------
Running main() from C:\Users\naman\OneDrive\Attachments\Documents\Desktop\CodeQuotient\build\_deps\googletest-src\googletest\src\gtest_main.cc
Note: Google Test filter = DynamicArrayTest.AppendDuplicateStrings
[==========] Running 1 test from 1 test suite.
[----------] Global test environment set-up.
[----------] 1 test from DynamicArrayTest
[ RUN      ] DynamicArrayTest.AppendDuplicateStrings
[       OK ] DynamicArrayTest.AppendDuplicateStrings (0 ms)
[----------] 1 test from DynamicArrayTest (0 ms total)

[----------] Global test environment tear-down
[==========] 1 test from 1 test suite ran. (0 ms total)
[  PASSED  ] 1 test.
<end of output>
Test time =   0.02 sec
----------------------------------------------------------
Test Passed.
"DynamicArrayTest.AppendDuplicateStrings" end time: Jul 15 14:46 India Standard Time
"DynamicArrayTest.AppendDuplicateStrings" time elapsed: 00:00:00
----------------------------------------------------------

95/95 Testing: DynamicArrayTest.AppendTriggersResize
95/95 Test: DynamicArrayTest.AppendTriggersResize
Command: "C:/Users/naman/OneDrive/Attachments/Documents/Desktop/CodeQuotient/build/DynamicArrayTests.exe" "--gtest_filter=DynamicArrayTest.AppendTriggersResize" "--gtest_also_run_disabled_tests"
Directory: C:/Users/naman/OneDrive/Attachments/Documents/Desktop/CodeQuotient/build
"DynamicArrayTest.AppendTriggersResize" start time: Jul 15 14:46 India Standard Time
Output:
----------------------------------------------------------
Running main() from C:\Users\naman\OneDrive\Attachments\Documents\Desktop\CodeQuotient\build\_deps\googletest-src\googletest\src\gtest_main.cc
Note: Google Test filter = DynamicArrayTest.AppendTriggersResize
[==========] Running 1 test from 1 test suite.
[----------] Global test environment set-up.
[----------] 1 test from DynamicArrayTest
[ RUN      ] DynamicArrayTest.AppendTriggersResize
[       OK ] DynamicArrayTest.AppendTriggersResize (0 ms)
[----------] 1 test from DynamicArrayTest (0 ms total)

[----------] Global test environment tear-down
[==========] 1 test from 1 test suite ran. (0 ms total)
[  PASSED  ] 1 test.
<end of output>
Test time =   0.02 sec
----------------------------------------------------------
Test Passed.
"DynamicArrayTest.AppendTriggersResize" end time: Jul 15 14:46 India Standard Time
"DynamicArrayTest.AppendTriggersResize" time elapsed: 00:00:00
----------------------------------------------------------

End testing: Jul 15 14:46 India Standard Time
